Not using distributed mode
Namespace(batch_size=512, epochs=25, bce_loss=False, unscale_lr=True, model='vit_ape_mixed_rope', input_size=28, drop=0.0, drop_path=0.1, model_ema=True, model_ema_decay=0.99996, model_ema_force_cpu=False, opt='adamw', opt_eps=1e-08, opt_betas=None, clip_grad=None, momentum=0.9, weight_decay=0.05, sched='cosine', lr=0.0001, lr_noise=None, lr_noise_pct=0.67, lr_noise_std=1.0, warmup_lr=1e-06, min_lr=1e-05, decay_epochs=30, warmup_epochs=5, cooldown_epochs=10, patience_epochs=10, decay_rate=0.1, color_jitter=0.3, aa='rand-m9-mstd0.5-inc1', smoothing=0.1, train_interpolation='bicubic', repeated_aug=True, train_mode=True, ThreeAugment=False, src=False, reprob=0.25, remode='pixel', recount=1, resplit=False, mixup=0.8, cutmix=1.0, cutmix_minmax=None, mixup_prob=1.0, mixup_switch_prob=0.5, mixup_mode='batch', teacher_model='regnety_160', teacher_path='', distillation_type='none', distillation_alpha=0.5, distillation_tau=1.0, cosub=False, finetune='', attn_only=False, data_path='data', data_set='MNIST', inat_category='name', output_dir='output/MNIST/vit_ape_mixed_rope', device='cuda', seed=0, resume='', start_epoch=0, eval=False, eval_crop_ratio=0.875, dist_eval=False, num_workers=10, pin_mem=True, distributed=False, world_size=1, dist_url='env://')
Creating model: vit_ape_mixed_rope
number of params: 21350026
Start training for 25 epochs
Epoch: [0]  [  0/117]  eta: 0:03:54  lr: 0.000001  loss: 2.3345 (2.3345)  time: 2.0002  data: 0.7587  max mem: 6392
Epoch: [0]  [ 10/117]  eta: 0:00:31  lr: 0.000001  loss: 2.3411 (2.3414)  time: 0.2973  data: 0.0692  max mem: 6650
Epoch: [0]  [ 20/117]  eta: 0:00:20  lr: 0.000001  loss: 2.3398 (2.3414)  time: 0.1226  data: 0.0002  max mem: 6650
Epoch: [0]  [ 30/117]  eta: 0:00:15  lr: 0.000001  loss: 2.3378 (2.3414)  time: 0.1182  data: 0.0002  max mem: 6650
Epoch: [0]  [ 40/117]  eta: 0:00:12  lr: 0.000001  loss: 2.3381 (2.3406)  time: 0.1183  data: 0.0002  max mem: 6650
Epoch: [0]  [ 50/117]  eta: 0:00:10  lr: 0.000001  loss: 2.3375 (2.3398)  time: 0.1183  data: 0.0002  max mem: 6650
Epoch: [0]  [ 60/117]  eta: 0:00:08  lr: 0.000001  loss: 2.3442 (2.3404)  time: 0.1215  data: 0.0003  max mem: 6650
Epoch: [0]  [ 70/117]  eta: 0:00:06  lr: 0.000001  loss: 2.3442 (2.3404)  time: 0.1215  data: 0.0002  max mem: 6650
Epoch: [0]  [ 80/117]  eta: 0:00:05  lr: 0.000001  loss: 2.3386 (2.3394)  time: 0.1182  data: 0.0002  max mem: 6650
Epoch: [0]  [ 90/117]  eta: 0:00:03  lr: 0.000001  loss: 2.3277 (2.3388)  time: 0.1190  data: 0.0002  max mem: 6650
Epoch: [0]  [100/117]  eta: 0:00:02  lr: 0.000001  loss: 2.3272 (2.3377)  time: 0.1193  data: 0.0004  max mem: 6650
Epoch: [0]  [110/117]  eta: 0:00:00  lr: 0.000001  loss: 2.3296 (2.3371)  time: 0.1179  data: 0.0003  max mem: 6650
Epoch: [0]  [116/117]  eta: 0:00:00  lr: 0.000001  loss: 2.3287 (2.3366)  time: 0.1177  data: 0.0002  max mem: 6650
Epoch: [0] Total time: 0:00:15 (0.1360 s / it)
Averaged stats: lr: 0.000001  loss: 2.3287 (2.3366)
Test:  [ 0/14]  eta: 0:00:07  loss: 2.3289 (2.3289)  acc1: 12.1094 (12.1094)  acc5: 50.7812 (50.7812)  time: 0.5037  data: 0.4378  max mem: 6650
Test:  [10/14]  eta: 0:00:00  loss: 2.3272 (2.3290)  acc1: 11.4583 (11.3163)  acc5: 51.8229 (51.3731)  time: 0.0821  data: 0.0399  max mem: 6650
Test:  [13/14]  eta: 0:00:00  loss: 2.3252 (2.3275)  acc1: 11.4583 (11.3500)  acc5: 51.4323 (51.4900)  time: 0.0713  data: 0.0313  max mem: 6650
Test: Total time: 0:00:01 (0.0747 s / it)
* Acc@1 11.350 Acc@5 51.490 loss 2.327
Accuracy of the network on the 10000 test images: 11.4%
Max accuracy: 11.35%
Epoch: [1]  [  0/117]  eta: 0:01:06  lr: 0.000001  loss: 2.3275 (2.3275)  time: 0.5716  data: 0.4439  max mem: 6650
Epoch: [1]  [ 10/117]  eta: 0:00:17  lr: 0.000001  loss: 2.3275 (2.3261)  time: 0.1590  data: 0.0406  max mem: 6650
Epoch: [1]  [ 20/117]  eta: 0:00:13  lr: 0.000001  loss: 2.3248 (2.3249)  time: 0.1177  data: 0.0002  max mem: 6650
Epoch: [1]  [ 30/117]  eta: 0:00:11  lr: 0.000001  loss: 2.3271 (2.3248)  time: 0.1178  data: 0.0002  max mem: 6650
Epoch: [1]  [ 40/117]  eta: 0:00:09  lr: 0.000001  loss: 2.3271 (2.3247)  time: 0.1177  data: 0.0002  max mem: 6650
Epoch: [1]  [ 50/117]  eta: 0:00:08  lr: 0.000001  loss: 2.3213 (2.3232)  time: 0.1177  data: 0.0002  max mem: 6650
Epoch: [1]  [ 60/117]  eta: 0:00:07  lr: 0.000001  loss: 2.3213 (2.3232)  time: 0.1175  data: 0.0002  max mem: 6650
Epoch: [1]  [ 70/117]  eta: 0:00:05  lr: 0.000001  loss: 2.3220 (2.3229)  time: 0.1175  data: 0.0002  max mem: 6650
Epoch: [1]  [ 80/117]  eta: 0:00:04  lr: 0.000001  loss: 2.3199 (2.3226)  time: 0.1176  data: 0.0002  max mem: 6650
Epoch: [1]  [ 90/117]  eta: 0:00:03  lr: 0.000001  loss: 2.3196 (2.3222)  time: 0.1176  data: 0.0002  max mem: 6650
Epoch: [1]  [100/117]  eta: 0:00:02  lr: 0.000001  loss: 2.3189 (2.3218)  time: 0.1176  data: 0.0004  max mem: 6650
Epoch: [1]  [110/117]  eta: 0:00:00  lr: 0.000001  loss: 2.3142 (2.3210)  time: 0.1175  data: 0.0003  max mem: 6650
Epoch: [1]  [116/117]  eta: 0:00:00  lr: 0.000001  loss: 2.3127 (2.3205)  time: 0.1176  data: 0.0002  max mem: 6650
Epoch: [1] Total time: 0:00:14 (0.1219 s / it)
Averaged stats: lr: 0.000001  loss: 2.3127 (2.3205)
Test:  [ 0/14]  eta: 0:00:06  loss: 2.3138 (2.3138)  acc1: 12.1094 (12.1094)  acc5: 50.7812 (50.7812)  time: 0.4288  data: 0.3895  max mem: 6650
Test:  [10/14]  eta: 0:00:00  loss: 2.3129 (2.3142)  acc1: 11.4583 (11.3163)  acc5: 51.8229 (51.3731)  time: 0.0747  data: 0.0355  max mem: 6650
Test:  [13/14]  eta: 0:00:00  loss: 2.3116 (2.3130)  acc1: 11.4583 (11.3500)  acc5: 51.4323 (51.4900)  time: 0.0650  data: 0.0279  max mem: 6650
Test: Total time: 0:00:00 (0.0682 s / it)
* Acc@1 11.350 Acc@5 51.490 loss 2.313
Accuracy of the network on the 10000 test images: 11.4%
Max accuracy: 11.35%
Epoch: [2]  [  0/117]  eta: 0:01:03  lr: 0.000021  loss: 2.3179 (2.3179)  time: 0.5411  data: 0.4187  max mem: 6650
Epoch: [2]  [ 10/117]  eta: 0:00:16  lr: 0.000021  loss: 2.3059 (2.3073)  time: 0.1565  data: 0.0383  max mem: 6650
Epoch: [2]  [ 20/117]  eta: 0:00:13  lr: 0.000021  loss: 2.3036 (2.3047)  time: 0.1183  data: 0.0002  max mem: 6650
Epoch: [2]  [ 30/117]  eta: 0:00:11  lr: 0.000021  loss: 2.3009 (2.3037)  time: 0.1186  data: 0.0002  max mem: 6650
Epoch: [2]  [ 40/117]  eta: 0:00:09  lr: 0.000021  loss: 2.3007 (2.3029)  time: 0.1188  data: 0.0002  max mem: 6650
Epoch: [2]  [ 50/117]  eta: 0:00:08  lr: 0.000021  loss: 2.2985 (2.3019)  time: 0.1189  data: 0.0002  max mem: 6650
Epoch: [2]  [ 60/117]  eta: 0:00:07  lr: 0.000021  loss: 2.2945 (2.3003)  time: 0.1196  data: 0.0002  max mem: 6650
Epoch: [2]  [ 70/117]  eta: 0:00:05  lr: 0.000021  loss: 2.2898 (2.2975)  time: 0.1200  data: 0.0003  max mem: 6650
Epoch: [2]  [ 80/117]  eta: 0:00:04  lr: 0.000021  loss: 2.2698 (2.2921)  time: 0.1194  data: 0.0002  max mem: 6650
Epoch: [2]  [ 90/117]  eta: 0:00:03  lr: 0.000021  loss: 2.2506 (2.2851)  time: 0.1191  data: 0.0002  max mem: 6650
Epoch: [2]  [100/117]  eta: 0:00:02  lr: 0.000021  loss: 2.2160 (2.2762)  time: 0.1188  data: 0.0004  max mem: 6650
Epoch: [2]  [110/117]  eta: 0:00:00  lr: 0.000021  loss: 2.1918 (2.2646)  time: 0.1183  data: 0.0003  max mem: 6650
Epoch: [2]  [116/117]  eta: 0:00:00  lr: 0.000021  loss: 2.1918 (2.2605)  time: 0.1188  data: 0.0003  max mem: 6650
Epoch: [2] Total time: 0:00:14 (0.1230 s / it)
Averaged stats: lr: 0.000021  loss: 2.1918 (2.2605)
Test:  [ 0/14]  eta: 0:00:06  loss: 1.9332 (1.9332)  acc1: 31.1198 (31.1198)  acc5: 84.2448 (84.2448)  time: 0.4838  data: 0.4453  max mem: 6650
Test:  [10/14]  eta: 0:00:00  loss: 1.9240 (1.9130)  acc1: 32.5521 (33.0137)  acc5: 85.4167 (86.0914)  time: 0.0798  data: 0.0406  max mem: 6650
Test:  [13/14]  eta: 0:00:00  loss: 1.8914 (1.9041)  acc1: 32.5521 (33.1800)  acc5: 85.4167 (86.2900)  time: 0.0690  data: 0.0319  max mem: 6650
Test: Total time: 0:00:01 (0.0723 s / it)
* Acc@1 33.180 Acc@5 86.290 loss 1.904
Accuracy of the network on the 10000 test images: 33.2%
Max accuracy: 33.18%
Epoch: [3]  [  0/117]  eta: 0:01:00  lr: 0.000041  loss: 2.0699 (2.0699)  time: 0.5172  data: 0.3935  max mem: 6650
Epoch: [3]  [ 10/117]  eta: 0:00:16  lr: 0.000041  loss: 2.0985 (2.1312)  time: 0.1550  data: 0.0360  max mem: 6650
Epoch: [3]  [ 20/117]  eta: 0:00:13  lr: 0.000041  loss: 2.1331 (2.1142)  time: 0.1194  data: 0.0002  max mem: 6650
Epoch: [3]  [ 30/117]  eta: 0:00:11  lr: 0.000041  loss: 2.0731 (2.0706)  time: 0.1196  data: 0.0002  max mem: 6650
Epoch: [3]  [ 40/117]  eta: 0:00:09  lr: 0.000041  loss: 2.0209 (2.0620)  time: 0.1188  data: 0.0002  max mem: 6650
Epoch: [3]  [ 50/117]  eta: 0:00:08  lr: 0.000041  loss: 2.0209 (2.0372)  time: 0.1186  data: 0.0002  max mem: 6650
Epoch: [3]  [ 60/117]  eta: 0:00:07  lr: 0.000041  loss: 1.8228 (2.0088)  time: 0.1183  data: 0.0002  max mem: 6650
Epoch: [3]  [ 70/117]  eta: 0:00:05  lr: 0.000041  loss: 1.7810 (1.9831)  time: 0.1178  data: 0.0002  max mem: 6650
Epoch: [3]  [ 80/117]  eta: 0:00:04  lr: 0.000041  loss: 1.8138 (1.9526)  time: 0.1179  data: 0.0002  max mem: 6650
Epoch: [3]  [ 90/117]  eta: 0:00:03  lr: 0.000041  loss: 1.8350 (1.9469)  time: 0.1180  data: 0.0002  max mem: 6650
Epoch: [3]  [100/117]  eta: 0:00:02  lr: 0.000041  loss: 1.7824 (1.9167)  time: 0.1180  data: 0.0004  max mem: 6650
Epoch: [3]  [110/117]  eta: 0:00:00  lr: 0.000041  loss: 1.6089 (1.9016)  time: 0.1177  data: 0.0003  max mem: 6650
Epoch: [3]  [116/117]  eta: 0:00:00  lr: 0.000041  loss: 1.5993 (1.8859)  time: 0.1176  data: 0.0003  max mem: 6650
Epoch: [3] Total time: 0:00:14 (0.1222 s / it)
Averaged stats: lr: 0.000041  loss: 1.5993 (1.8859)
Test:  [ 0/14]  eta: 0:00:06  loss: 0.8382 (0.8382)  acc1: 82.1615 (82.1615)  acc5: 99.0885 (99.0885)  time: 0.4694  data: 0.4310  max mem: 6650
Test:  [10/14]  eta: 0:00:00  loss: 0.8270 (0.7962)  acc1: 82.6823 (84.1146)  acc5: 99.2188 (99.3134)  time: 0.0785  data: 0.0392  max mem: 6650
Test:  [13/14]  eta: 0:00:00  loss: 0.7425 (0.7718)  acc1: 84.6354 (84.7300)  acc5: 99.3490 (99.3600)  time: 0.0679  data: 0.0308  max mem: 6650
Test: Total time: 0:00:00 (0.0711 s / it)
* Acc@1 84.730 Acc@5 99.360 loss 0.772
Accuracy of the network on the 10000 test images: 84.7%
Max accuracy: 84.73%
Epoch: [4]  [  0/117]  eta: 0:00:58  lr: 0.000060  loss: 1.9017 (1.9017)  time: 0.5033  data: 0.3813  max mem: 6650
Epoch: [4]  [ 10/117]  eta: 0:00:16  lr: 0.000060  loss: 1.6218 (1.6790)  time: 0.1530  data: 0.0349  max mem: 6650
Epoch: [4]  [ 20/117]  eta: 0:00:13  lr: 0.000060  loss: 1.7781 (1.7576)  time: 0.1191  data: 0.0002  max mem: 6650
Epoch: [4]  [ 30/117]  eta: 0:00:11  lr: 0.000060  loss: 1.7271 (1.7251)  time: 0.1194  data: 0.0002  max mem: 6650
Epoch: [4]  [ 40/117]  eta: 0:00:09  lr: 0.000060  loss: 1.8178 (1.7513)  time: 0.1186  data: 0.0002  max mem: 6650
Epoch: [4]  [ 50/117]  eta: 0:00:08  lr: 0.000060  loss: 1.8180 (1.7113)  time: 0.1185  data: 0.0002  max mem: 6650
Epoch: [4]  [ 60/117]  eta: 0:00:07  lr: 0.000060  loss: 1.4560 (1.6819)  time: 0.1184  data: 0.0002  max mem: 6650
Epoch: [4]  [ 70/117]  eta: 0:00:05  lr: 0.000060  loss: 1.6138 (1.6697)  time: 0.1186  data: 0.0002  max mem: 6650
Epoch: [4]  [ 80/117]  eta: 0:00:04  lr: 0.000060  loss: 1.7013 (1.6601)  time: 0.1192  data: 0.0002  max mem: 6650
Epoch: [4]  [ 90/117]  eta: 0:00:03  lr: 0.000060  loss: 1.4316 (1.6337)  time: 0.1190  data: 0.0002  max mem: 6650
Epoch: [4]  [100/117]  eta: 0:00:02  lr: 0.000060  loss: 1.4978 (1.6385)  time: 0.1196  data: 0.0004  max mem: 6650
Epoch: [4]  [110/117]  eta: 0:00:00  lr: 0.000060  loss: 1.6251 (1.6356)  time: 0.1199  data: 0.0003  max mem: 6650
Epoch: [4]  [116/117]  eta: 0:00:00  lr: 0.000060  loss: 1.7259 (1.6402)  time: 0.1196  data: 0.0003  max mem: 6650
Epoch: [4] Total time: 0:00:14 (0.1228 s / it)
Averaged stats: lr: 0.000060  loss: 1.7259 (1.6402)
Test:  [ 0/14]  eta: 0:00:05  loss: 0.6566 (0.6566)  acc1: 89.3229 (89.3229)  acc5: 99.2188 (99.2188)  time: 0.4274  data: 0.3880  max mem: 6650
Test:  [10/14]  eta: 0:00:00  loss: 0.6300 (0.6109)  acc1: 89.9740 (90.6013)  acc5: 99.4792 (99.5975)  time: 0.0750  data: 0.0358  max mem: 6650
Test:  [13/14]  eta: 0:00:00  loss: 0.5621 (0.5814)  acc1: 90.7552 (91.1900)  acc5: 99.7396 (99.6400)  time: 0.0652  data: 0.0281  max mem: 6650
Test: Total time: 0:00:00 (0.0684 s / it)
* Acc@1 91.190 Acc@5 99.640 loss 0.581
Accuracy of the network on the 10000 test images: 91.2%
Max accuracy: 91.19%
Epoch: [5]  [  0/117]  eta: 0:01:00  lr: 0.000080  loss: 1.1085 (1.1085)  time: 0.5144  data: 0.3883  max mem: 6650
Epoch: [5]  [ 10/117]  eta: 0:00:16  lr: 0.000080  loss: 1.6239 (1.6011)  time: 0.1549  data: 0.0355  max mem: 6650
Epoch: [5]  [ 20/117]  eta: 0:00:13  lr: 0.000080  loss: 1.5104 (1.5416)  time: 0.1187  data: 0.0002  max mem: 6650
Epoch: [5]  [ 30/117]  eta: 0:00:11  lr: 0.000080  loss: 1.4879 (1.5596)  time: 0.1185  data: 0.0002  max mem: 6650
Epoch: [5]  [ 40/117]  eta: 0:00:09  lr: 0.000080  loss: 1.5364 (1.5642)  time: 0.1190  data: 0.0003  max mem: 6650
Epoch: [5]  [ 50/117]  eta: 0:00:08  lr: 0.000080  loss: 1.5613 (1.5782)  time: 0.1191  data: 0.0003  max mem: 6650
Epoch: [5]  [ 60/117]  eta: 0:00:07  lr: 0.000080  loss: 1.7422 (1.5823)  time: 0.1188  data: 0.0002  max mem: 6650
Epoch: [5]  [ 70/117]  eta: 0:00:05  lr: 0.000080  loss: 1.3279 (1.5569)  time: 0.1195  data: 0.0002  max mem: 6650
Epoch: [5]  [ 80/117]  eta: 0:00:04  lr: 0.000080  loss: 1.5527 (1.5621)  time: 0.1197  data: 0.0002  max mem: 6650
Epoch: [5]  [ 90/117]  eta: 0:00:03  lr: 0.000080  loss: 1.6305 (1.5508)  time: 0.1197  data: 0.0003  max mem: 6650
Epoch: [5]  [100/117]  eta: 0:00:02  lr: 0.000080  loss: 1.2900 (1.5301)  time: 0.1195  data: 0.0004  max mem: 6650
Epoch: [5]  [110/117]  eta: 0:00:00  lr: 0.000080  loss: 1.4926 (1.5346)  time: 0.1183  data: 0.0003  max mem: 6650
Epoch: [5]  [116/117]  eta: 0:00:00  lr: 0.000080  loss: 1.6164 (1.5245)  time: 0.1181  data: 0.0003  max mem: 6650
Epoch: [5] Total time: 0:00:14 (0.1228 s / it)
Averaged stats: lr: 0.000080  loss: 1.6164 (1.5245)
Test:  [ 0/14]  eta: 0:00:05  loss: 0.5325 (0.5325)  acc1: 90.7552 (90.7552)  acc5: 99.7396 (99.7396)  time: 0.4253  data: 0.3866  max mem: 6650
Test:  [10/14]  eta: 0:00:00  loss: 0.5006 (0.4802)  acc1: 90.8854 (92.3532)  acc5: 99.7396 (99.7514)  time: 0.0745  data: 0.0352  max mem: 6650
Test:  [13/14]  eta: 0:00:00  loss: 0.4366 (0.4546)  acc1: 92.1875 (92.8800)  acc5: 99.8698 (99.7800)  time: 0.0648  data: 0.0277  max mem: 6650
Test: Total time: 0:00:00 (0.0680 s / it)
* Acc@1 92.880 Acc@5 99.780 loss 0.455
Accuracy of the network on the 10000 test images: 92.9%
Max accuracy: 92.88%
Epoch: [6]  [  0/117]  eta: 0:01:05  lr: 0.000091  loss: 2.0362 (2.0362)  time: 0.5597  data: 0.4386  max mem: 6650
Epoch: [6]  [ 10/117]  eta: 0:00:17  lr: 0.000091  loss: 1.4405 (1.5253)  time: 0.1590  data: 0.0401  max mem: 6650
Epoch: [6]  [ 20/117]  eta: 0:00:13  lr: 0.000091  loss: 1.4405 (1.5767)  time: 0.1190  data: 0.0002  max mem: 6650
Epoch: [6]  [ 30/117]  eta: 0:00:11  lr: 0.000091  loss: 1.4758 (1.5191)  time: 0.1186  data: 0.0002  max mem: 6650
Epoch: [6]  [ 40/117]  eta: 0:00:09  lr: 0.000091  loss: 1.4912 (1.5369)  time: 0.1182  data: 0.0002  max mem: 6650
Epoch: [6]  [ 50/117]  eta: 0:00:08  lr: 0.000091  loss: 1.5383 (1.5214)  time: 0.1184  data: 0.0002  max mem: 6650
Epoch: [6]  [ 60/117]  eta: 0:00:07  lr: 0.000091  loss: 1.5075 (1.5050)  time: 0.1184  data: 0.0002  max mem: 6650
Epoch: [6]  [ 70/117]  eta: 0:00:05  lr: 0.000091  loss: 1.5279 (1.5113)  time: 0.1186  data: 0.0002  max mem: 6650
Epoch: [6]  [ 80/117]  eta: 0:00:04  lr: 0.000091  loss: 1.6429 (1.5235)  time: 0.1188  data: 0.0002  max mem: 6650
Epoch: [6]  [ 90/117]  eta: 0:00:03  lr: 0.000091  loss: 1.7069 (1.5353)  time: 0.1186  data: 0.0002  max mem: 6650
Epoch: [6]  [100/117]  eta: 0:00:02  lr: 0.000091  loss: 1.5299 (1.5452)  time: 0.1187  data: 0.0004  max mem: 6650
Epoch: [6]  [110/117]  eta: 0:00:00  lr: 0.000091  loss: 1.4978 (1.5395)  time: 0.1181  data: 0.0004  max mem: 6650
Epoch: [6]  [116/117]  eta: 0:00:00  lr: 0.000091  loss: 1.5072 (1.5371)  time: 0.1182  data: 0.0003  max mem: 6650
Epoch: [6] Total time: 0:00:14 (0.1227 s / it)
Averaged stats: lr: 0.000091  loss: 1.5072 (1.5371)
Test:  [ 0/14]  eta: 0:00:06  loss: 0.4569 (0.4569)  acc1: 92.5781 (92.5781)  acc5: 99.7396 (99.7396)  time: 0.4667  data: 0.4280  max mem: 6650
Test:  [10/14]  eta: 0:00:00  loss: 0.4399 (0.4106)  acc1: 93.6198 (94.2472)  acc5: 99.8698 (99.8580)  time: 0.0783  data: 0.0390  max mem: 6650
Test:  [13/14]  eta: 0:00:00  loss: 0.3678 (0.3871)  acc1: 94.2708 (94.6500)  acc5: 99.8698 (99.8700)  time: 0.0679  data: 0.0306  max mem: 6650
Test: Total time: 0:00:00 (0.0709 s / it)
* Acc@1 94.650 Acc@5 99.870 loss 0.387
Accuracy of the network on the 10000 test images: 94.7%
Max accuracy: 94.65%
Epoch: [7]  [  0/117]  eta: 0:01:06  lr: 0.000088  loss: 1.4636 (1.4636)  time: 0.5682  data: 0.4464  max mem: 6650
Epoch: [7]  [ 10/117]  eta: 0:00:17  lr: 0.000088  loss: 1.4992 (1.5740)  time: 0.1595  data: 0.0408  max mem: 6650
Epoch: [7]  [ 20/117]  eta: 0:00:13  lr: 0.000088  loss: 1.4343 (1.4197)  time: 0.1188  data: 0.0002  max mem: 6650
Epoch: [7]  [ 30/117]  eta: 0:00:11  lr: 0.000088  loss: 1.3624 (1.4886)  time: 0.1190  data: 0.0002  max mem: 6650
Epoch: [7]  [ 40/117]  eta: 0:00:10  lr: 0.000088  loss: 1.2105 (1.4414)  time: 0.1190  data: 0.0002  max mem: 6650
Epoch: [7]  [ 50/117]  eta: 0:00:08  lr: 0.000088  loss: 1.2105 (1.4442)  time: 0.1191  data: 0.0002  max mem: 6650
Epoch: [7]  [ 60/117]  eta: 0:00:07  lr: 0.000088  loss: 1.2368 (1.4180)  time: 0.1189  data: 0.0002  max mem: 6650
Epoch: [7]  [ 70/117]  eta: 0:00:05  lr: 0.000088  loss: 1.2368 (1.4137)  time: 0.1189  data: 0.0002  max mem: 6650
Epoch: [7]  [ 80/117]  eta: 0:00:04  lr: 0.000088  loss: 1.3330 (1.4122)  time: 0.1217  data: 0.0002  max mem: 6650
Epoch: [7]  [ 90/117]  eta: 0:00:03  lr: 0.000088  loss: 1.6795 (1.4313)  time: 0.1218  data: 0.0002  max mem: 6650
Epoch: [7]  [100/117]  eta: 0:00:02  lr: 0.000088  loss: 1.6789 (1.4419)  time: 0.1192  data: 0.0004  max mem: 6650
Epoch: [7]  [110/117]  eta: 0:00:00  lr: 0.000088  loss: 1.5305 (1.4263)  time: 0.1190  data: 0.0003  max mem: 6650
Epoch: [7]  [116/117]  eta: 0:00:00  lr: 0.000088  loss: 1.4096 (1.4241)  time: 0.1188  data: 0.0003  max mem: 6650
Epoch: [7] Total time: 0:00:14 (0.1237 s / it)
Averaged stats: lr: 0.000088  loss: 1.4096 (1.4241)
Test:  [ 0/14]  eta: 0:00:06  loss: 0.3749 (0.3749)  acc1: 94.6615 (94.6615)  acc5: 99.7396 (99.7396)  time: 0.4849  data: 0.4463  max mem: 6650
Test:  [10/14]  eta: 0:00:00  loss: 0.3663 (0.3378)  acc1: 94.4010 (95.2888)  acc5: 99.8698 (99.8816)  time: 0.0799  data: 0.0407  max mem: 6650
Test:  [13/14]  eta: 0:00:00  loss: 0.2985 (0.3193)  acc1: 94.6615 (95.6200)  acc5: 99.8698 (99.9000)  time: 0.0691  data: 0.0320  max mem: 6650
Test: Total time: 0:00:01 (0.0722 s / it)
* Acc@1 95.620 Acc@5 99.900 loss 0.319
Accuracy of the network on the 10000 test images: 95.6%
Max accuracy: 95.62%
Epoch: [8]  [  0/117]  eta: 0:01:07  lr: 0.000084  loss: 1.9569 (1.9569)  time: 0.5742  data: 0.4517  max mem: 6650
Epoch: [8]  [ 10/117]  eta: 0:00:17  lr: 0.000084  loss: 1.2671 (1.3592)  time: 0.1601  data: 0.0413  max mem: 6650
Epoch: [8]  [ 20/117]  eta: 0:00:13  lr: 0.000084  loss: 1.2249 (1.3199)  time: 0.1186  data: 0.0002  max mem: 6650
Epoch: [8]  [ 30/117]  eta: 0:00:11  lr: 0.000084  loss: 1.2538 (1.3635)  time: 0.1185  data: 0.0002  max mem: 6650
Epoch: [8]  [ 40/117]  eta: 0:00:09  lr: 0.000084  loss: 1.6064 (1.3806)  time: 0.1184  data: 0.0002  max mem: 6650
Epoch: [8]  [ 50/117]  eta: 0:00:08  lr: 0.000084  loss: 1.6051 (1.3957)  time: 0.1183  data: 0.0002  max mem: 6650
Epoch: [8]  [ 60/117]  eta: 0:00:07  lr: 0.000084  loss: 1.5797 (1.4204)  time: 0.1185  data: 0.0002  max mem: 6650
Epoch: [8]  [ 70/117]  eta: 0:00:05  lr: 0.000084  loss: 1.5480 (1.4332)  time: 0.1186  data: 0.0002  max mem: 6650
Epoch: [8]  [ 80/117]  eta: 0:00:04  lr: 0.000084  loss: 1.5460 (1.4345)  time: 0.1184  data: 0.0002  max mem: 6650
Epoch: [8]  [ 90/117]  eta: 0:00:03  lr: 0.000084  loss: 1.5929 (1.4445)  time: 0.1182  data: 0.0002  max mem: 6650
Epoch: [8]  [100/117]  eta: 0:00:02  lr: 0.000084  loss: 1.5807 (1.4527)  time: 0.1183  data: 0.0004  max mem: 6650
Epoch: [8]  [110/117]  eta: 0:00:00  lr: 0.000084  loss: 1.5514 (1.4608)  time: 0.1181  data: 0.0003  max mem: 6650
Epoch: [8]  [116/117]  eta: 0:00:00  lr: 0.000084  loss: 1.5514 (1.4662)  time: 0.1186  data: 0.0003  max mem: 6650
Epoch: [8] Total time: 0:00:14 (0.1228 s / it)
Averaged stats: lr: 0.000084  loss: 1.5514 (1.4662)
Test:  [ 0/14]  eta: 0:00:06  loss: 0.4363 (0.4363)  acc1: 95.3125 (95.3125)  acc5: 99.8698 (99.8698)  time: 0.4858  data: 0.4474  max mem: 6650
Test:  [10/14]  eta: 0:00:00  loss: 0.4290 (0.3964)  acc1: 94.9219 (95.6676)  acc5: 99.8698 (99.9290)  time: 0.0800  data: 0.0407  max mem: 6650
Test:  [13/14]  eta: 0:00:00  loss: 0.3572 (0.3766)  acc1: 95.3125 (95.9300)  acc5: 100.0000 (99.9400)  time: 0.0691  data: 0.0320  max mem: 6650
Test: Total time: 0:00:01 (0.0723 s / it)
* Acc@1 95.930 Acc@5 99.940 loss 0.377
Accuracy of the network on the 10000 test images: 95.9%
Max accuracy: 95.93%
Epoch: [9]  [  0/117]  eta: 0:01:05  lr: 0.000079  loss: 1.3807 (1.3807)  time: 0.5587  data: 0.4352  max mem: 6650
Epoch: [9]  [ 10/117]  eta: 0:00:17  lr: 0.000079  loss: 1.3806 (1.3270)  time: 0.1601  data: 0.0398  max mem: 6650
Epoch: [9]  [ 20/117]  eta: 0:00:13  lr: 0.000079  loss: 1.2675 (1.3154)  time: 0.1202  data: 0.0002  max mem: 6650
Epoch: [9]  [ 30/117]  eta: 0:00:11  lr: 0.000079  loss: 1.3384 (1.3600)  time: 0.1193  data: 0.0002  max mem: 6650
Epoch: [9]  [ 40/117]  eta: 0:00:10  lr: 0.000079  loss: 1.3477 (1.3531)  time: 0.1188  data: 0.0002  max mem: 6650
Epoch: [9]  [ 50/117]  eta: 0:00:08  lr: 0.000079  loss: 1.4566 (1.3800)  time: 0.1189  data: 0.0002  max mem: 6650
Epoch: [9]  [ 60/117]  eta: 0:00:07  lr: 0.000079  loss: 1.5831 (1.4226)  time: 0.1191  data: 0.0002  max mem: 6650
Epoch: [9]  [ 70/117]  eta: 0:00:05  lr: 0.000079  loss: 1.5289 (1.4045)  time: 0.1191  data: 0.0002  max mem: 6650
Epoch: [9]  [ 80/117]  eta: 0:00:04  lr: 0.000079  loss: 1.3958 (1.4127)  time: 0.1189  data: 0.0002  max mem: 6650
Epoch: [9]  [ 90/117]  eta: 0:00:03  lr: 0.000079  loss: 1.5709 (1.4253)  time: 0.1192  data: 0.0002  max mem: 6650
Epoch: [9]  [100/117]  eta: 0:00:02  lr: 0.000079  loss: 1.5735 (1.4362)  time: 0.1191  data: 0.0004  max mem: 6650
Epoch: [9]  [110/117]  eta: 0:00:00  lr: 0.000079  loss: 1.5341 (1.4215)  time: 0.1185  data: 0.0003  max mem: 6650
Epoch: [9]  [116/117]  eta: 0:00:00  lr: 0.000079  loss: 1.5141 (1.4254)  time: 0.1180  data: 0.0003  max mem: 6650
Epoch: [9] Total time: 0:00:14 (0.1232 s / it)
Averaged stats: lr: 0.000079  loss: 1.5141 (1.4254)
Test:  [ 0/14]  eta: 0:00:06  loss: 0.3793 (0.3793)  acc1: 94.2708 (94.2708)  acc5: 99.7396 (99.7396)  time: 0.4591  data: 0.4209  max mem: 6650
Test:  [10/14]  eta: 0:00:00  loss: 0.3701 (0.3395)  acc1: 95.5729 (96.0227)  acc5: 99.8698 (99.9171)  time: 0.0776  data: 0.0384  max mem: 6650
Test:  [13/14]  eta: 0:00:00  loss: 0.3067 (0.3233)  acc1: 95.5729 (96.3400)  acc5: 100.0000 (99.9300)  time: 0.0675  data: 0.0301  max mem: 6650
Test: Total time: 0:00:00 (0.0706 s / it)
* Acc@1 96.340 Acc@5 99.930 loss 0.323
Accuracy of the network on the 10000 test images: 96.3%
Max accuracy: 96.34%
Epoch: [10]  [  0/117]  eta: 0:01:06  lr: 0.000074  loss: 1.9230 (1.9230)  time: 0.5691  data: 0.4473  max mem: 6650
Epoch: [10]  [ 10/117]  eta: 0:00:17  lr: 0.000074  loss: 1.4773 (1.4599)  time: 0.1598  data: 0.0409  max mem: 6650
Epoch: [10]  [ 20/117]  eta: 0:00:13  lr: 0.000074  loss: 1.5017 (1.5003)  time: 0.1187  data: 0.0002  max mem: 6650
Epoch: [10]  [ 30/117]  eta: 0:00:11  lr: 0.000074  loss: 1.4764 (1.4552)  time: 0.1185  data: 0.0002  max mem: 6650
Epoch: [10]  [ 40/117]  eta: 0:00:09  lr: 0.000074  loss: 1.0875 (1.3909)  time: 0.1187  data: 0.0002  max mem: 6650
Epoch: [10]  [ 50/117]  eta: 0:00:08  lr: 0.000074  loss: 1.0599 (1.3449)  time: 0.1192  data: 0.0002  max mem: 6650
Epoch: [10]  [ 60/117]  eta: 0:00:07  lr: 0.000074  loss: 1.3688 (1.3854)  time: 0.1192  data: 0.0002  max mem: 6650
Epoch: [10]  [ 70/117]  eta: 0:00:05  lr: 0.000074  loss: 1.5943 (1.3841)  time: 0.1189  data: 0.0002  max mem: 6650
Epoch: [10]  [ 80/117]  eta: 0:00:04  lr: 0.000074  loss: 1.3345 (1.3784)  time: 0.1187  data: 0.0002  max mem: 6650
Epoch: [10]  [ 90/117]  eta: 0:00:03  lr: 0.000074  loss: 1.4162 (1.3801)  time: 0.1184  data: 0.0002  max mem: 6650
Epoch: [10]  [100/117]  eta: 0:00:02  lr: 0.000074  loss: 1.3422 (1.3674)  time: 0.1184  data: 0.0004  max mem: 6650
Epoch: [10]  [110/117]  eta: 0:00:00  lr: 0.000074  loss: 1.4890 (1.3848)  time: 0.1181  data: 0.0003  max mem: 6650
Epoch: [10]  [116/117]  eta: 0:00:00  lr: 0.000074  loss: 1.5179 (1.3958)  time: 0.1177  data: 0.0002  max mem: 6650
Epoch: [10] Total time: 0:00:14 (0.1228 s / it)
Averaged stats: lr: 0.000074  loss: 1.5179 (1.3958)
Test:  [ 0/14]  eta: 0:00:06  loss: 0.4151 (0.4151)  acc1: 94.7917 (94.7917)  acc5: 99.8698 (99.8698)  time: 0.4644  data: 0.4261  max mem: 6650
Test:  [10/14]  eta: 0:00:00  loss: 0.4075 (0.3814)  acc1: 95.5729 (95.9991)  acc5: 99.8698 (99.9053)  time: 0.0782  data: 0.0388  max mem: 6650
Test:  [13/14]  eta: 0:00:00  loss: 0.3489 (0.3634)  acc1: 95.9635 (96.2500)  acc5: 99.8698 (99.9200)  time: 0.0677  data: 0.0305  max mem: 6650
Test: Total time: 0:00:00 (0.0708 s / it)
* Acc@1 96.250 Acc@5 99.920 loss 0.363
Accuracy of the network on the 10000 test images: 96.3%
Max accuracy: 96.34%
Epoch: [11]  [  0/117]  eta: 0:01:05  lr: 0.000069  loss: 0.9667 (0.9667)  time: 0.5602  data: 0.4380  max mem: 6650
Epoch: [11]  [ 10/117]  eta: 0:00:16  lr: 0.000069  loss: 1.4067 (1.3587)  time: 0.1584  data: 0.0400  max mem: 6650
Epoch: [11]  [ 20/117]  eta: 0:00:13  lr: 0.000069  loss: 1.4067 (1.3170)  time: 0.1185  data: 0.0002  max mem: 6650
Epoch: [11]  [ 30/117]  eta: 0:00:11  lr: 0.000069  loss: 1.3032 (1.2826)  time: 0.1188  data: 0.0002  max mem: 6650
Epoch: [11]  [ 40/117]  eta: 0:00:09  lr: 0.000069  loss: 1.2397 (1.2863)  time: 0.1190  data: 0.0002  max mem: 6650
Epoch: [11]  [ 50/117]  eta: 0:00:08  lr: 0.000069  loss: 1.3602 (1.2952)  time: 0.1193  data: 0.0002  max mem: 6650
Epoch: [11]  [ 60/117]  eta: 0:00:07  lr: 0.000069  loss: 1.3823 (1.3145)  time: 0.1198  data: 0.0002  max mem: 6650
Epoch: [11]  [ 70/117]  eta: 0:00:05  lr: 0.000069  loss: 1.3727 (1.3240)  time: 0.1197  data: 0.0002  max mem: 6650
Epoch: [11]  [ 80/117]  eta: 0:00:04  lr: 0.000069  loss: 1.4196 (1.3563)  time: 0.1190  data: 0.0002  max mem: 6650
Epoch: [11]  [ 90/117]  eta: 0:00:03  lr: 0.000069  loss: 1.5552 (1.3821)  time: 0.1190  data: 0.0002  max mem: 6650
Epoch: [11]  [100/117]  eta: 0:00:02  lr: 0.000069  loss: 1.5362 (1.3825)  time: 0.1190  data: 0.0004  max mem: 6650
Epoch: [11]  [110/117]  eta: 0:00:00  lr: 0.000069  loss: 1.4344 (1.3802)  time: 0.1195  data: 0.0003  max mem: 6650
Epoch: [11]  [116/117]  eta: 0:00:00  lr: 0.000069  loss: 1.3471 (1.3834)  time: 0.1200  data: 0.0003  max mem: 6650
Epoch: [11] Total time: 0:00:14 (0.1234 s / it)
Averaged stats: lr: 0.000069  loss: 1.3471 (1.3834)
Test:  [ 0/14]  eta: 0:00:06  loss: 0.3805 (0.3805)  acc1: 95.1823 (95.1823)  acc5: 100.0000 (100.0000)  time: 0.4438  data: 0.4052  max mem: 6650
Test:  [10/14]  eta: 0:00:00  loss: 0.3706 (0.3443)  acc1: 96.2240 (96.4370)  acc5: 100.0000 (99.9408)  time: 0.0763  data: 0.0369  max mem: 6650
Test:  [13/14]  eta: 0:00:00  loss: 0.3164 (0.3284)  acc1: 96.4844 (96.7400)  acc5: 100.0000 (99.9500)  time: 0.0662  data: 0.0290  max mem: 6650
Test: Total time: 0:00:00 (0.0695 s / it)
* Acc@1 96.740 Acc@5 99.950 loss 0.328
Accuracy of the network on the 10000 test images: 96.7%
Max accuracy: 96.74%
Epoch: [12]  [  0/117]  eta: 0:01:00  lr: 0.000063  loss: 1.1036 (1.1036)  time: 0.5149  data: 0.3918  max mem: 6650
Epoch: [12]  [ 10/117]  eta: 0:00:16  lr: 0.000063  loss: 1.5109 (1.4405)  time: 0.1553  data: 0.0358  max mem: 6650
Epoch: [12]  [ 20/117]  eta: 0:00:13  lr: 0.000063  loss: 1.5446 (1.5232)  time: 0.1197  data: 0.0002  max mem: 6650
Epoch: [12]  [ 30/117]  eta: 0:00:11  lr: 0.000063  loss: 1.6426 (1.5832)  time: 0.1195  data: 0.0003  max mem: 6650
Epoch: [12]  [ 40/117]  eta: 0:00:09  lr: 0.000063  loss: 1.5669 (1.5569)  time: 0.1194  data: 0.0003  max mem: 6650
Epoch: [12]  [ 50/117]  eta: 0:00:08  lr: 0.000063  loss: 1.3571 (1.5138)  time: 0.1195  data: 0.0003  max mem: 6650
Epoch: [12]  [ 60/117]  eta: 0:00:07  lr: 0.000063  loss: 1.2312 (1.4788)  time: 0.1190  data: 0.0003  max mem: 6650
Epoch: [12]  [ 70/117]  eta: 0:00:05  lr: 0.000063  loss: 1.3678 (1.4564)  time: 0.1192  data: 0.0003  max mem: 6650
Epoch: [12]  [ 80/117]  eta: 0:00:04  lr: 0.000063  loss: 1.3678 (1.4348)  time: 0.1191  data: 0.0003  max mem: 6650
Epoch: [12]  [ 90/117]  eta: 0:00:03  lr: 0.000063  loss: 1.3800 (1.4397)  time: 0.1195  data: 0.0003  max mem: 6650
Epoch: [12]  [100/117]  eta: 0:00:02  lr: 0.000063  loss: 1.6220 (1.4490)  time: 0.1196  data: 0.0005  max mem: 6650
Epoch: [12]  [110/117]  eta: 0:00:00  lr: 0.000063  loss: 1.6353 (1.4613)  time: 0.1183  data: 0.0003  max mem: 6650
Epoch: [12]  [116/117]  eta: 0:00:00  lr: 0.000063  loss: 1.6611 (1.4611)  time: 0.1176  data: 0.0003  max mem: 6650
Epoch: [12] Total time: 0:00:14 (0.1229 s / it)
Averaged stats: lr: 0.000063  loss: 1.6611 (1.4611)
Test:  [ 0/14]  eta: 0:00:06  loss: 0.4154 (0.4154)  acc1: 95.9635 (95.9635)  acc5: 99.8698 (99.8698)  time: 0.4776  data: 0.4388  max mem: 6650
Test:  [10/14]  eta: 0:00:00  loss: 0.4104 (0.3848)  acc1: 96.4844 (96.8277)  acc5: 100.0000 (99.9527)  time: 0.0794  data: 0.0400  max mem: 6650
Test:  [13/14]  eta: 0:00:00  loss: 0.3527 (0.3684)  acc1: 96.7448 (97.0600)  acc5: 100.0000 (99.9600)  time: 0.0686  data: 0.0314  max mem: 6650
Test: Total time: 0:00:01 (0.0718 s / it)
* Acc@1 97.060 Acc@5 99.960 loss 0.368
Accuracy of the network on the 10000 test images: 97.1%
Max accuracy: 97.06%
Epoch: [13]  [  0/117]  eta: 0:01:06  lr: 0.000058  loss: 1.8713 (1.8713)  time: 0.5721  data: 0.4488  max mem: 6650
Epoch: [13]  [ 10/117]  eta: 0:00:17  lr: 0.000058  loss: 1.2025 (1.3317)  time: 0.1598  data: 0.0410  max mem: 6650
Epoch: [13]  [ 20/117]  eta: 0:00:13  lr: 0.000058  loss: 1.2025 (1.3310)  time: 0.1183  data: 0.0002  max mem: 6650
Epoch: [13]  [ 30/117]  eta: 0:00:11  lr: 0.000058  loss: 1.4313 (1.4056)  time: 0.1183  data: 0.0002  max mem: 6650
Epoch: [13]  [ 40/117]  eta: 0:00:09  lr: 0.000058  loss: 1.4006 (1.3659)  time: 0.1184  data: 0.0002  max mem: 6650
Epoch: [13]  [ 50/117]  eta: 0:00:08  lr: 0.000058  loss: 1.2861 (1.3494)  time: 0.1184  data: 0.0002  max mem: 6650
Epoch: [13]  [ 60/117]  eta: 0:00:07  lr: 0.000058  loss: 1.3859 (1.3618)  time: 0.1185  data: 0.0002  max mem: 6650
Epoch: [13]  [ 70/117]  eta: 0:00:05  lr: 0.000058  loss: 1.4411 (1.3942)  time: 0.1186  data: 0.0002  max mem: 6650
Epoch: [13]  [ 80/117]  eta: 0:00:04  lr: 0.000058  loss: 1.4411 (1.3881)  time: 0.1186  data: 0.0002  max mem: 6650
Epoch: [13]  [ 90/117]  eta: 0:00:03  lr: 0.000058  loss: 1.2515 (1.3618)  time: 0.1188  data: 0.0002  max mem: 6650
Epoch: [13]  [100/117]  eta: 0:00:02  lr: 0.000058  loss: 1.2515 (1.3647)  time: 0.1189  data: 0.0004  max mem: 6650
Epoch: [13]  [110/117]  eta: 0:00:00  lr: 0.000058  loss: 1.1986 (1.3490)  time: 0.1192  data: 0.0003  max mem: 6650
Epoch: [13]  [116/117]  eta: 0:00:00  lr: 0.000058  loss: 1.1273 (1.3345)  time: 0.1192  data: 0.0003  max mem: 6650
Epoch: [13] Total time: 0:00:14 (0.1229 s / it)
Averaged stats: lr: 0.000058  loss: 1.1273 (1.3345)
Test:  [ 0/14]  eta: 0:00:05  loss: 0.3267 (0.3267)  acc1: 95.4427 (95.4427)  acc5: 99.8698 (99.8698)  time: 0.4284  data: 0.3896  max mem: 6650
Test:  [10/14]  eta: 0:00:00  loss: 0.3218 (0.2981)  acc1: 96.8750 (96.9697)  acc5: 100.0000 (99.9645)  time: 0.0748  data: 0.0355  max mem: 6650
Test:  [13/14]  eta: 0:00:00  loss: 0.2748 (0.2856)  acc1: 97.2656 (97.2000)  acc5: 100.0000 (99.9600)  time: 0.0651  data: 0.0279  max mem: 6650
Test: Total time: 0:00:00 (0.0682 s / it)
* Acc@1 97.200 Acc@5 99.960 loss 0.286
Accuracy of the network on the 10000 test images: 97.2%
Max accuracy: 97.20%
Epoch: [14]  [  0/117]  eta: 0:01:07  lr: 0.000052  loss: 0.7783 (0.7783)  time: 0.5740  data: 0.4533  max mem: 6650
Epoch: [14]  [ 10/117]  eta: 0:00:17  lr: 0.000052  loss: 1.5345 (1.3273)  time: 0.1608  data: 0.0414  max mem: 6650
Epoch: [14]  [ 20/117]  eta: 0:00:13  lr: 0.000052  loss: 1.5066 (1.3342)  time: 0.1209  data: 0.0003  max mem: 6650
Epoch: [14]  [ 30/117]  eta: 0:00:11  lr: 0.000052  loss: 1.4355 (1.3364)  time: 0.1205  data: 0.0003  max mem: 6650
Epoch: [14]  [ 40/117]  eta: 0:00:10  lr: 0.000052  loss: 1.4355 (1.3561)  time: 0.1191  data: 0.0003  max mem: 6650
Epoch: [14]  [ 50/117]  eta: 0:00:08  lr: 0.000052  loss: 1.5500 (1.3780)  time: 0.1191  data: 0.0002  max mem: 6650
Epoch: [14]  [ 60/117]  eta: 0:00:07  lr: 0.000052  loss: 1.3075 (1.3652)  time: 0.1190  data: 0.0002  max mem: 6650
Epoch: [14]  [ 70/117]  eta: 0:00:05  lr: 0.000052  loss: 1.2479 (1.3394)  time: 0.1198  data: 0.0002  max mem: 6650
Epoch: [14]  [ 80/117]  eta: 0:00:04  lr: 0.000052  loss: 1.2479 (1.3383)  time: 0.1199  data: 0.0002  max mem: 6650
Epoch: [14]  [ 90/117]  eta: 0:00:03  lr: 0.000052  loss: 1.2721 (1.3375)  time: 0.1190  data: 0.0002  max mem: 6650
Epoch: [14]  [100/117]  eta: 0:00:02  lr: 0.000052  loss: 1.0330 (1.3147)  time: 0.1196  data: 0.0004  max mem: 6650
Epoch: [14]  [110/117]  eta: 0:00:00  lr: 0.000052  loss: 1.3007 (1.3283)  time: 0.1201  data: 0.0003  max mem: 6650
Epoch: [14]  [116/117]  eta: 0:00:00  lr: 0.000052  loss: 1.3413 (1.3402)  time: 0.1197  data: 0.0003  max mem: 6650
Epoch: [14] Total time: 0:00:14 (0.1240 s / it)
Averaged stats: lr: 0.000052  loss: 1.3413 (1.3402)
Test:  [ 0/14]  eta: 0:00:05  loss: 0.3499 (0.3499)  acc1: 96.4844 (96.4844)  acc5: 99.8698 (99.8698)  time: 0.4259  data: 0.3874  max mem: 6650
Test:  [10/14]  eta: 0:00:00  loss: 0.3417 (0.3217)  acc1: 96.8750 (97.1354)  acc5: 100.0000 (99.9645)  time: 0.0746  data: 0.0353  max mem: 6650
Test:  [13/14]  eta: 0:00:00  loss: 0.3030 (0.3092)  acc1: 97.1354 (97.3400)  acc5: 100.0000 (99.9700)  time: 0.0651  data: 0.0278  max mem: 6650
Test: Total time: 0:00:00 (0.0685 s / it)
* Acc@1 97.340 Acc@5 99.970 loss 0.309
Accuracy of the network on the 10000 test images: 97.3%
Max accuracy: 97.34%
Epoch: [15]  [  0/117]  eta: 0:01:07  lr: 0.000047  loss: 1.0093 (1.0093)  time: 0.5770  data: 0.4552  max mem: 6650
Epoch: [15]  [ 10/117]  eta: 0:00:17  lr: 0.000047  loss: 1.1733 (1.1739)  time: 0.1602  data: 0.0416  max mem: 6650
Epoch: [15]  [ 20/117]  eta: 0:00:13  lr: 0.000047  loss: 1.3836 (1.3440)  time: 0.1184  data: 0.0002  max mem: 6650
Epoch: [15]  [ 30/117]  eta: 0:00:11  lr: 0.000047  loss: 1.5460 (1.3680)  time: 0.1182  data: 0.0002  max mem: 6650
Epoch: [15]  [ 40/117]  eta: 0:00:09  lr: 0.000047  loss: 1.5501 (1.4201)  time: 0.1182  data: 0.0002  max mem: 6650
Epoch: [15]  [ 50/117]  eta: 0:00:08  lr: 0.000047  loss: 1.5569 (1.4169)  time: 0.1182  data: 0.0002  max mem: 6650
Epoch: [15]  [ 60/117]  eta: 0:00:07  lr: 0.000047  loss: 1.5332 (1.4148)  time: 0.1181  data: 0.0002  max mem: 6650
Epoch: [15]  [ 70/117]  eta: 0:00:05  lr: 0.000047  loss: 1.4480 (1.4110)  time: 0.1182  data: 0.0002  max mem: 6650
Epoch: [15]  [ 80/117]  eta: 0:00:04  lr: 0.000047  loss: 1.5674 (1.4313)  time: 0.1183  data: 0.0002  max mem: 6650
Epoch: [15]  [ 90/117]  eta: 0:00:03  lr: 0.000047  loss: 1.6285 (1.4195)  time: 0.1183  data: 0.0002  max mem: 6650
Epoch: [15]  [100/117]  eta: 0:00:02  lr: 0.000047  loss: 1.1859 (1.4060)  time: 0.1185  data: 0.0004  max mem: 6650
Epoch: [15]  [110/117]  eta: 0:00:00  lr: 0.000047  loss: 1.4722 (1.4151)  time: 0.1183  data: 0.0003  max mem: 6650
Epoch: [15]  [116/117]  eta: 0:00:00  lr: 0.000047  loss: 1.4722 (1.4109)  time: 0.1203  data: 0.0003  max mem: 6650
Epoch: [15] Total time: 0:00:14 (0.1230 s / it)
Averaged stats: lr: 0.000047  loss: 1.4722 (1.4109)
Test:  [ 0/14]  eta: 0:00:05  loss: 0.3550 (0.3550)  acc1: 97.1354 (97.1354)  acc5: 100.0000 (100.0000)  time: 0.4263  data: 0.3878  max mem: 6650
Test:  [10/14]  eta: 0:00:00  loss: 0.3462 (0.3230)  acc1: 97.6562 (97.4550)  acc5: 100.0000 (99.9763)  time: 0.0748  data: 0.0353  max mem: 6650
Test:  [13/14]  eta: 0:00:00  loss: 0.2974 (0.3102)  acc1: 97.6562 (97.6600)  acc5: 100.0000 (99.9800)  time: 0.0650  data: 0.0278  max mem: 6650
Test: Total time: 0:00:00 (0.0681 s / it)
* Acc@1 97.660 Acc@5 99.980 loss 0.310
Accuracy of the network on the 10000 test images: 97.7%
Max accuracy: 97.66%
Epoch: [16]  [  0/117]  eta: 0:01:00  lr: 0.000041  loss: 1.7377 (1.7377)  time: 0.5207  data: 0.3968  max mem: 6650
Epoch: [16]  [ 10/117]  eta: 0:00:16  lr: 0.000041  loss: 1.6176 (1.5988)  time: 0.1560  data: 0.0363  max mem: 6650
Epoch: [16]  [ 20/117]  eta: 0:00:13  lr: 0.000041  loss: 1.4958 (1.4513)  time: 0.1191  data: 0.0002  max mem: 6650
Epoch: [16]  [ 30/117]  eta: 0:00:11  lr: 0.000041  loss: 1.2982 (1.4312)  time: 0.1190  data: 0.0002  max mem: 6650
Epoch: [16]  [ 40/117]  eta: 0:00:09  lr: 0.000041  loss: 1.6044 (1.4676)  time: 0.1191  data: 0.0002  max mem: 6650
Epoch: [16]  [ 50/117]  eta: 0:00:08  lr: 0.000041  loss: 1.5919 (1.4452)  time: 0.1199  data: 0.0002  max mem: 6650
Epoch: [16]  [ 60/117]  eta: 0:00:07  lr: 0.000041  loss: 1.2900 (1.4211)  time: 0.1207  data: 0.0002  max mem: 6650
Epoch: [16]  [ 70/117]  eta: 0:00:05  lr: 0.000041  loss: 1.3349 (1.4173)  time: 0.1197  data: 0.0002  max mem: 6650
Epoch: [16]  [ 80/117]  eta: 0:00:04  lr: 0.000041  loss: 1.3966 (1.4096)  time: 0.1193  data: 0.0002  max mem: 6650
Epoch: [16]  [ 90/117]  eta: 0:00:03  lr: 0.000041  loss: 1.2122 (1.3867)  time: 0.1195  data: 0.0002  max mem: 6650
Epoch: [16]  [100/117]  eta: 0:00:02  lr: 0.000041  loss: 1.0583 (1.3782)  time: 0.1197  data: 0.0004  max mem: 6650
Epoch: [16]  [110/117]  eta: 0:00:00  lr: 0.000041  loss: 1.4513 (1.3725)  time: 0.1192  data: 0.0003  max mem: 6650
Epoch: [16]  [116/117]  eta: 0:00:00  lr: 0.000041  loss: 1.1435 (1.3713)  time: 0.1187  data: 0.0003  max mem: 6650
Epoch: [16] Total time: 0:00:14 (0.1233 s / it)
Averaged stats: lr: 0.000041  loss: 1.1435 (1.3713)
Test:  [ 0/14]  eta: 0:00:06  loss: 0.3274 (0.3274)  acc1: 96.6146 (96.6146)  acc5: 100.0000 (100.0000)  time: 0.4389  data: 0.4003  max mem: 6650
Test:  [10/14]  eta: 0:00:00  loss: 0.3199 (0.3035)  acc1: 97.3958 (97.3840)  acc5: 100.0000 (99.9882)  time: 0.0770  data: 0.0377  max mem: 6650
Test:  [13/14]  eta: 0:00:00  loss: 0.2816 (0.2905)  acc1: 97.6562 (97.6000)  acc5: 100.0000 (99.9900)  time: 0.0668  data: 0.0296  max mem: 6650
Test: Total time: 0:00:00 (0.0700 s / it)
* Acc@1 97.600 Acc@5 99.990 loss 0.291
Accuracy of the network on the 10000 test images: 97.6%
Max accuracy: 97.66%
Epoch: [17]  [  0/117]  eta: 0:00:59  lr: 0.000036  loss: 1.6409 (1.6409)  time: 0.5124  data: 0.3889  max mem: 6650
Epoch: [17]  [ 10/117]  eta: 0:00:16  lr: 0.000036  loss: 1.0892 (1.1348)  time: 0.1546  data: 0.0356  max mem: 6650
Epoch: [17]  [ 20/117]  eta: 0:00:13  lr: 0.000036  loss: 1.0125 (1.1778)  time: 0.1188  data: 0.0002  max mem: 6650
Epoch: [17]  [ 30/117]  eta: 0:00:11  lr: 0.000036  loss: 1.4079 (1.2924)  time: 0.1196  data: 0.0002  max mem: 6650
Epoch: [17]  [ 40/117]  eta: 0:00:09  lr: 0.000036  loss: 1.4079 (1.2708)  time: 0.1196  data: 0.0002  max mem: 6650
Epoch: [17]  [ 50/117]  eta: 0:00:08  lr: 0.000036  loss: 1.2722 (1.2964)  time: 0.1193  data: 0.0002  max mem: 6650
Epoch: [17]  [ 60/117]  eta: 0:00:07  lr: 0.000036  loss: 1.2680 (1.2834)  time: 0.1191  data: 0.0002  max mem: 6650
Epoch: [17]  [ 70/117]  eta: 0:00:05  lr: 0.000036  loss: 1.1431 (1.2658)  time: 0.1185  data: 0.0002  max mem: 6650
Epoch: [17]  [ 80/117]  eta: 0:00:04  lr: 0.000036  loss: 1.3513 (1.2941)  time: 0.1185  data: 0.0002  max mem: 6650
Epoch: [17]  [ 90/117]  eta: 0:00:03  lr: 0.000036  loss: 1.4393 (1.2916)  time: 0.1183  data: 0.0002  max mem: 6650
Epoch: [17]  [100/117]  eta: 0:00:02  lr: 0.000036  loss: 1.3506 (1.2924)  time: 0.1184  data: 0.0004  max mem: 6650
Epoch: [17]  [110/117]  eta: 0:00:00  lr: 0.000036  loss: 1.3118 (1.2872)  time: 0.1181  data: 0.0003  max mem: 6650
Epoch: [17]  [116/117]  eta: 0:00:00  lr: 0.000036  loss: 1.3502 (1.2976)  time: 0.1179  data: 0.0003  max mem: 6650
Epoch: [17] Total time: 0:00:14 (0.1225 s / it)
Averaged stats: lr: 0.000036  loss: 1.3502 (1.2976)
Test:  [ 0/14]  eta: 0:00:05  loss: 0.3216 (0.3216)  acc1: 97.2656 (97.2656)  acc5: 100.0000 (100.0000)  time: 0.4234  data: 0.3848  max mem: 6650
Test:  [10/14]  eta: 0:00:00  loss: 0.3129 (0.2939)  acc1: 97.5260 (97.6799)  acc5: 100.0000 (99.9763)  time: 0.0765  data: 0.0372  max mem: 6650
Test:  [13/14]  eta: 0:00:00  loss: 0.2705 (0.2814)  acc1: 98.0469 (97.9100)  acc5: 100.0000 (99.9800)  time: 0.0664  data: 0.0293  max mem: 6650
Test: Total time: 0:00:00 (0.0695 s / it)
* Acc@1 97.910 Acc@5 99.980 loss 0.281
Accuracy of the network on the 10000 test images: 97.9%
Max accuracy: 97.91%
Epoch: [18]  [  0/117]  eta: 0:01:07  lr: 0.000031  loss: 1.5863 (1.5863)  time: 0.5747  data: 0.4526  max mem: 6650
Epoch: [18]  [ 10/117]  eta: 0:00:17  lr: 0.000031  loss: 1.5379 (1.5302)  time: 0.1602  data: 0.0414  max mem: 6650
Epoch: [18]  [ 20/117]  eta: 0:00:13  lr: 0.000031  loss: 1.4261 (1.4354)  time: 0.1187  data: 0.0002  max mem: 6650
Epoch: [18]  [ 30/117]  eta: 0:00:11  lr: 0.000031  loss: 1.3393 (1.4204)  time: 0.1188  data: 0.0002  max mem: 6650
Epoch: [18]  [ 40/117]  eta: 0:00:10  lr: 0.000031  loss: 1.5177 (1.4139)  time: 0.1190  data: 0.0002  max mem: 6650
Epoch: [18]  [ 50/117]  eta: 0:00:08  lr: 0.000031  loss: 1.5177 (1.3687)  time: 0.1192  data: 0.0002  max mem: 6650
Epoch: [18]  [ 60/117]  eta: 0:00:07  lr: 0.000031  loss: 1.0269 (1.3597)  time: 0.1201  data: 0.0002  max mem: 6650
Epoch: [18]  [ 70/117]  eta: 0:00:05  lr: 0.000031  loss: 1.3586 (1.3736)  time: 0.1201  data: 0.0002  max mem: 6650
Epoch: [18]  [ 80/117]  eta: 0:00:04  lr: 0.000031  loss: 1.5488 (1.3857)  time: 0.1193  data: 0.0002  max mem: 6650
Epoch: [18]  [ 90/117]  eta: 0:00:03  lr: 0.000031  loss: 1.3459 (1.3664)  time: 0.1203  data: 0.0002  max mem: 6650
Epoch: [18]  [100/117]  eta: 0:00:02  lr: 0.000031  loss: 1.3459 (1.3569)  time: 0.1203  data: 0.0004  max mem: 6650
Epoch: [18]  [110/117]  eta: 0:00:00  lr: 0.000031  loss: 1.3966 (1.3578)  time: 0.1187  data: 0.0004  max mem: 6650
Epoch: [18]  [116/117]  eta: 0:00:00  lr: 0.000031  loss: 1.3661 (1.3616)  time: 0.1183  data: 0.0003  max mem: 6650
Epoch: [18] Total time: 0:00:14 (0.1236 s / it)
Averaged stats: lr: 0.000031  loss: 1.3661 (1.3616)
Test:  [ 0/14]  eta: 0:00:06  loss: 0.3312 (0.3312)  acc1: 96.8750 (96.8750)  acc5: 100.0000 (100.0000)  time: 0.4961  data: 0.4577  max mem: 6650
Test:  [10/14]  eta: 0:00:00  loss: 0.3252 (0.3050)  acc1: 97.5260 (97.5260)  acc5: 100.0000 (99.9882)  time: 0.0809  data: 0.0417  max mem: 6650
Test:  [13/14]  eta: 0:00:00  loss: 0.2837 (0.2935)  acc1: 97.6562 (97.7200)  acc5: 100.0000 (99.9900)  time: 0.0699  data: 0.0328  max mem: 6650
Test: Total time: 0:00:01 (0.0732 s / it)
* Acc@1 97.720 Acc@5 99.990 loss 0.294
Accuracy of the network on the 10000 test images: 97.7%
Max accuracy: 97.91%
Epoch: [19]  [  0/117]  eta: 0:01:04  lr: 0.000026  loss: 1.8882 (1.8882)  time: 0.5546  data: 0.4302  max mem: 6650
Epoch: [19]  [ 10/117]  eta: 0:00:16  lr: 0.000026  loss: 1.0110 (1.2039)  time: 0.1586  data: 0.0393  max mem: 6650
Epoch: [19]  [ 20/117]  eta: 0:00:13  lr: 0.000026  loss: 1.0758 (1.1985)  time: 0.1187  data: 0.0002  max mem: 6650
Epoch: [19]  [ 30/117]  eta: 0:00:11  lr: 0.000026  loss: 1.3682 (1.3270)  time: 0.1186  data: 0.0002  max mem: 6650
Epoch: [19]  [ 40/117]  eta: 0:00:09  lr: 0.000026  loss: 1.6132 (1.3472)  time: 0.1189  data: 0.0002  max mem: 6650
Epoch: [19]  [ 50/117]  eta: 0:00:08  lr: 0.000026  loss: 1.4371 (1.3703)  time: 0.1198  data: 0.0002  max mem: 6650
Epoch: [19]  [ 60/117]  eta: 0:00:07  lr: 0.000026  loss: 1.4340 (1.3589)  time: 0.1203  data: 0.0002  max mem: 6650
Epoch: [19]  [ 70/117]  eta: 0:00:05  lr: 0.000026  loss: 1.4435 (1.3651)  time: 0.1200  data: 0.0002  max mem: 6650
Epoch: [19]  [ 80/117]  eta: 0:00:04  lr: 0.000026  loss: 1.3320 (1.3421)  time: 0.1196  data: 0.0002  max mem: 6650
Epoch: [19]  [ 90/117]  eta: 0:00:03  lr: 0.000026  loss: 1.3075 (1.3382)  time: 0.1194  data: 0.0002  max mem: 6650
Epoch: [19]  [100/117]  eta: 0:00:02  lr: 0.000026  loss: 1.1986 (1.3181)  time: 0.1191  data: 0.0004  max mem: 6650
Epoch: [19]  [110/117]  eta: 0:00:00  lr: 0.000026  loss: 1.2561 (1.3276)  time: 0.1183  data: 0.0003  max mem: 6650
Epoch: [19]  [116/117]  eta: 0:00:00  lr: 0.000026  loss: 1.4249 (1.3267)  time: 0.1179  data: 0.0003  max mem: 6650
Epoch: [19] Total time: 0:00:14 (0.1232 s / it)
Averaged stats: lr: 0.000026  loss: 1.4249 (1.3267)
Test:  [ 0/14]  eta: 0:00:06  loss: 0.3086 (0.3086)  acc1: 97.2656 (97.2656)  acc5: 100.0000 (100.0000)  time: 0.4814  data: 0.4431  max mem: 6650
Test:  [10/14]  eta: 0:00:00  loss: 0.3032 (0.2861)  acc1: 97.5260 (97.7273)  acc5: 100.0000 (99.9645)  time: 0.0798  data: 0.0404  max mem: 6650
Test:  [13/14]  eta: 0:00:00  loss: 0.2649 (0.2754)  acc1: 97.6562 (97.9000)  acc5: 100.0000 (99.9700)  time: 0.0690  data: 0.0317  max mem: 6650
Test: Total time: 0:00:01 (0.0723 s / it)
* Acc@1 97.900 Acc@5 99.970 loss 0.275
Accuracy of the network on the 10000 test images: 97.9%
Max accuracy: 97.91%
Epoch: [20]  [  0/117]  eta: 0:01:04  lr: 0.000022  loss: 1.3579 (1.3579)  time: 0.5546  data: 0.4320  max mem: 6650
Epoch: [20]  [ 10/117]  eta: 0:00:16  lr: 0.000022  loss: 1.3579 (1.2771)  time: 0.1580  data: 0.0395  max mem: 6650
Epoch: [20]  [ 20/117]  eta: 0:00:13  lr: 0.000022  loss: 1.2252 (1.2528)  time: 0.1203  data: 0.0002  max mem: 6650
Epoch: [20]  [ 30/117]  eta: 0:00:11  lr: 0.000022  loss: 1.3522 (1.2706)  time: 0.1205  data: 0.0002  max mem: 6650
Epoch: [20]  [ 40/117]  eta: 0:00:10  lr: 0.000022  loss: 1.5241 (1.3375)  time: 0.1184  data: 0.0002  max mem: 6650
Epoch: [20]  [ 50/117]  eta: 0:00:08  lr: 0.000022  loss: 1.4976 (1.3352)  time: 0.1182  data: 0.0002  max mem: 6650
Epoch: [20]  [ 60/117]  eta: 0:00:07  lr: 0.000022  loss: 1.2313 (1.3032)  time: 0.1182  data: 0.0002  max mem: 6650
Epoch: [20]  [ 70/117]  eta: 0:00:05  lr: 0.000022  loss: 1.1269 (1.3108)  time: 0.1188  data: 0.0002  max mem: 6650
Epoch: [20]  [ 80/117]  eta: 0:00:04  lr: 0.000022  loss: 1.3449 (1.3151)  time: 0.1188  data: 0.0002  max mem: 6650
Epoch: [20]  [ 90/117]  eta: 0:00:03  lr: 0.000022  loss: 1.4738 (1.3451)  time: 0.1192  data: 0.0002  max mem: 6650
Epoch: [20]  [100/117]  eta: 0:00:02  lr: 0.000022  loss: 1.4178 (1.3358)  time: 0.1195  data: 0.0004  max mem: 6650
Epoch: [20]  [110/117]  eta: 0:00:00  lr: 0.000022  loss: 1.2409 (1.3318)  time: 0.1184  data: 0.0003  max mem: 6650
Epoch: [20]  [116/117]  eta: 0:00:00  lr: 0.000022  loss: 1.2958 (1.3366)  time: 0.1184  data: 0.0003  max mem: 6650
Epoch: [20] Total time: 0:00:14 (0.1231 s / it)
Averaged stats: lr: 0.000022  loss: 1.2958 (1.3366)
Test:  [ 0/14]  eta: 0:00:06  loss: 0.3330 (0.3330)  acc1: 96.7448 (96.7448)  acc5: 100.0000 (100.0000)  time: 0.4834  data: 0.4448  max mem: 6650
Test:  [10/14]  eta: 0:00:00  loss: 0.3303 (0.3095)  acc1: 97.2656 (97.4432)  acc5: 100.0000 (99.9763)  time: 0.0798  data: 0.0405  max mem: 6650
Test:  [13/14]  eta: 0:00:00  loss: 0.2901 (0.2975)  acc1: 97.6562 (97.6800)  acc5: 100.0000 (99.9800)  time: 0.0691  data: 0.0318  max mem: 6650
Test: Total time: 0:00:01 (0.0723 s / it)
* Acc@1 97.680 Acc@5 99.980 loss 0.298
Accuracy of the network on the 10000 test images: 97.7%
Max accuracy: 97.91%
Epoch: [21]  [  0/117]  eta: 0:00:59  lr: 0.000019  loss: 1.9337 (1.9337)  time: 0.5090  data: 0.3832  max mem: 6650
Epoch: [21]  [ 10/117]  eta: 0:00:16  lr: 0.000019  loss: 1.3690 (1.3255)  time: 0.1553  data: 0.0351  max mem: 6650
Epoch: [21]  [ 20/117]  eta: 0:00:13  lr: 0.000019  loss: 1.3128 (1.3045)  time: 0.1195  data: 0.0002  max mem: 6650
Epoch: [21]  [ 30/117]  eta: 0:00:11  lr: 0.000019  loss: 1.3128 (1.3100)  time: 0.1193  data: 0.0002  max mem: 6650
Epoch: [21]  [ 40/117]  eta: 0:00:09  lr: 0.000019  loss: 1.2357 (1.3102)  time: 0.1198  data: 0.0002  max mem: 6650
Epoch: [21]  [ 50/117]  eta: 0:00:08  lr: 0.000019  loss: 1.4112 (1.3544)  time: 0.1195  data: 0.0002  max mem: 6650
Epoch: [21]  [ 60/117]  eta: 0:00:07  lr: 0.000019  loss: 1.5611 (1.3568)  time: 0.1192  data: 0.0002  max mem: 6650
Epoch: [21]  [ 70/117]  eta: 0:00:05  lr: 0.000019  loss: 1.4498 (1.3580)  time: 0.1197  data: 0.0002  max mem: 6650
Epoch: [21]  [ 80/117]  eta: 0:00:04  lr: 0.000019  loss: 1.5489 (1.3924)  time: 0.1197  data: 0.0002  max mem: 6650
Epoch: [21]  [ 90/117]  eta: 0:00:03  lr: 0.000019  loss: 1.5946 (1.3938)  time: 0.1197  data: 0.0002  max mem: 6650
Epoch: [21]  [100/117]  eta: 0:00:02  lr: 0.000019  loss: 1.4704 (1.3873)  time: 0.1196  data: 0.0003  max mem: 6650
Epoch: [21]  [110/117]  eta: 0:00:00  lr: 0.000019  loss: 1.3525 (1.3826)  time: 0.1188  data: 0.0003  max mem: 6650
Epoch: [21]  [116/117]  eta: 0:00:00  lr: 0.000019  loss: 1.3576 (1.3877)  time: 0.1191  data: 0.0002  max mem: 6650
Epoch: [21] Total time: 0:00:14 (0.1232 s / it)
Averaged stats: lr: 0.000019  loss: 1.3576 (1.3877)
Test:  [ 0/14]  eta: 0:00:06  loss: 0.3394 (0.3394)  acc1: 97.0052 (97.0052)  acc5: 100.0000 (100.0000)  time: 0.4529  data: 0.4146  max mem: 6650
Test:  [10/14]  eta: 0:00:00  loss: 0.3319 (0.3138)  acc1: 97.5260 (97.6089)  acc5: 100.0000 (99.9763)  time: 0.0771  data: 0.0378  max mem: 6650
Test:  [13/14]  eta: 0:00:00  loss: 0.2948 (0.3024)  acc1: 97.6562 (97.8000)  acc5: 100.0000 (99.9800)  time: 0.0669  data: 0.0297  max mem: 6650
Test: Total time: 0:00:00 (0.0700 s / it)
* Acc@1 97.800 Acc@5 99.980 loss 0.302
Accuracy of the network on the 10000 test images: 97.8%
Max accuracy: 97.91%
Epoch: [22]  [  0/117]  eta: 0:01:05  lr: 0.000016  loss: 0.7714 (0.7714)  time: 0.5608  data: 0.4398  max mem: 6650
Epoch: [22]  [ 10/117]  eta: 0:00:17  lr: 0.000016  loss: 1.5572 (1.4962)  time: 0.1598  data: 0.0402  max mem: 6650
Epoch: [22]  [ 20/117]  eta: 0:00:13  lr: 0.000016  loss: 1.5542 (1.4262)  time: 0.1191  data: 0.0002  max mem: 6650
Epoch: [22]  [ 30/117]  eta: 0:00:11  lr: 0.000016  loss: 1.1601 (1.3390)  time: 0.1183  data: 0.0002  max mem: 6650
Epoch: [22]  [ 40/117]  eta: 0:00:09  lr: 0.000016  loss: 1.2919 (1.3339)  time: 0.1182  data: 0.0002  max mem: 6650
Epoch: [22]  [ 50/117]  eta: 0:00:08  lr: 0.000016  loss: 1.3665 (1.3104)  time: 0.1186  data: 0.0002  max mem: 6650
Epoch: [22]  [ 60/117]  eta: 0:00:07  lr: 0.000016  loss: 1.3323 (1.3301)  time: 0.1185  data: 0.0002  max mem: 6650
Epoch: [22]  [ 70/117]  eta: 0:00:05  lr: 0.000016  loss: 1.4488 (1.3091)  time: 0.1184  data: 0.0002  max mem: 6650
Epoch: [22]  [ 80/117]  eta: 0:00:04  lr: 0.000016  loss: 1.4873 (1.3312)  time: 0.1185  data: 0.0002  max mem: 6650
Epoch: [22]  [ 90/117]  eta: 0:00:03  lr: 0.000016  loss: 1.3541 (1.3058)  time: 0.1185  data: 0.0002  max mem: 6650
Epoch: [22]  [100/117]  eta: 0:00:02  lr: 0.000016  loss: 1.3988 (1.3316)  time: 0.1185  data: 0.0004  max mem: 6650
Epoch: [22]  [110/117]  eta: 0:00:00  lr: 0.000016  loss: 1.5654 (1.3493)  time: 0.1182  data: 0.0003  max mem: 6650
Epoch: [22]  [116/117]  eta: 0:00:00  lr: 0.000016  loss: 1.5653 (1.3489)  time: 0.1180  data: 0.0003  max mem: 6650
Epoch: [22] Total time: 0:00:14 (0.1227 s / it)
Averaged stats: lr: 0.000016  loss: 1.5653 (1.3489)
Test:  [ 0/14]  eta: 0:00:05  loss: 0.3474 (0.3474)  acc1: 96.7448 (96.7448)  acc5: 100.0000 (100.0000)  time: 0.4219  data: 0.3833  max mem: 6650
Test:  [10/14]  eta: 0:00:00  loss: 0.3390 (0.3192)  acc1: 97.2656 (97.5497)  acc5: 100.0000 (99.9763)  time: 0.0743  data: 0.0349  max mem: 6650
Test:  [13/14]  eta: 0:00:00  loss: 0.2995 (0.3077)  acc1: 97.7865 (97.7400)  acc5: 100.0000 (99.9800)  time: 0.0648  data: 0.0275  max mem: 6650
Test: Total time: 0:00:00 (0.0678 s / it)
* Acc@1 97.740 Acc@5 99.980 loss 0.308
Accuracy of the network on the 10000 test images: 97.7%
Max accuracy: 97.91%
Epoch: [23]  [  0/117]  eta: 0:01:01  lr: 0.000013  loss: 1.4961 (1.4961)  time: 0.5287  data: 0.4074  max mem: 6650
Epoch: [23]  [ 10/117]  eta: 0:00:16  lr: 0.000013  loss: 1.5628 (1.5032)  time: 0.1569  data: 0.0372  max mem: 6650
Epoch: [23]  [ 20/117]  eta: 0:00:13  lr: 0.000013  loss: 1.5131 (1.4235)  time: 0.1196  data: 0.0002  max mem: 6650
Epoch: [23]  [ 30/117]  eta: 0:00:11  lr: 0.000013  loss: 1.4623 (1.4288)  time: 0.1191  data: 0.0002  max mem: 6650
Epoch: [23]  [ 40/117]  eta: 0:00:09  lr: 0.000013  loss: 1.2414 (1.3616)  time: 0.1199  data: 0.0002  max mem: 6650
Epoch: [23]  [ 50/117]  eta: 0:00:08  lr: 0.000013  loss: 1.2359 (1.3461)  time: 0.1201  data: 0.0002  max mem: 6650
Epoch: [23]  [ 60/117]  eta: 0:00:07  lr: 0.000013  loss: 1.4411 (1.3430)  time: 0.1196  data: 0.0002  max mem: 6650
Epoch: [23]  [ 70/117]  eta: 0:00:05  lr: 0.000013  loss: 1.1220 (1.2965)  time: 0.1198  data: 0.0002  max mem: 6650
Epoch: [23]  [ 80/117]  eta: 0:00:04  lr: 0.000013  loss: 1.1282 (1.3105)  time: 0.1198  data: 0.0002  max mem: 6650
Epoch: [23]  [ 90/117]  eta: 0:00:03  lr: 0.000013  loss: 1.3370 (1.3061)  time: 0.1197  data: 0.0002  max mem: 6650
Epoch: [23]  [100/117]  eta: 0:00:02  lr: 0.000013  loss: 1.3118 (1.3135)  time: 0.1191  data: 0.0004  max mem: 6650
Epoch: [23]  [110/117]  eta: 0:00:00  lr: 0.000013  loss: 1.3877 (1.3156)  time: 0.1185  data: 0.0003  max mem: 6650
Epoch: [23]  [116/117]  eta: 0:00:00  lr: 0.000013  loss: 1.5293 (1.3324)  time: 0.1188  data: 0.0003  max mem: 6650
Epoch: [23] Total time: 0:00:14 (0.1234 s / it)
Averaged stats: lr: 0.000013  loss: 1.5293 (1.3324)
Test:  [ 0/14]  eta: 0:00:06  loss: 0.3285 (0.3285)  acc1: 97.2656 (97.2656)  acc5: 100.0000 (100.0000)  time: 0.4828  data: 0.4442  max mem: 6650
Test:  [10/14]  eta: 0:00:00  loss: 0.3203 (0.3033)  acc1: 97.9167 (97.7509)  acc5: 100.0000 (99.9763)  time: 0.0798  data: 0.0405  max mem: 6650
Test:  [13/14]  eta: 0:00:00  loss: 0.2842 (0.2929)  acc1: 97.9167 (97.9000)  acc5: 100.0000 (99.9800)  time: 0.0691  data: 0.0318  max mem: 6650
Test: Total time: 0:00:01 (0.0724 s / it)
* Acc@1 97.900 Acc@5 99.980 loss 0.293
Accuracy of the network on the 10000 test images: 97.9%
Max accuracy: 97.91%
Epoch: [24]  [  0/117]  eta: 0:01:07  lr: 0.000011  loss: 1.1819 (1.1819)  time: 0.5768  data: 0.4559  max mem: 6650
Epoch: [24]  [ 10/117]  eta: 0:00:17  lr: 0.000011  loss: 1.3449 (1.3155)  time: 0.1617  data: 0.0417  max mem: 6650
Epoch: [24]  [ 20/117]  eta: 0:00:13  lr: 0.000011  loss: 1.3592 (1.3697)  time: 0.1203  data: 0.0002  max mem: 6650
Epoch: [24]  [ 30/117]  eta: 0:00:11  lr: 0.000011  loss: 1.2590 (1.2981)  time: 0.1197  data: 0.0002  max mem: 6650
Epoch: [24]  [ 40/117]  eta: 0:00:10  lr: 0.000011  loss: 0.9894 (1.2506)  time: 0.1191  data: 0.0003  max mem: 6650
Epoch: [24]  [ 50/117]  eta: 0:00:08  lr: 0.000011  loss: 0.9894 (1.2345)  time: 0.1216  data: 0.0003  max mem: 6650
Epoch: [24]  [ 60/117]  eta: 0:00:07  lr: 0.000011  loss: 1.1493 (1.2423)  time: 0.1220  data: 0.0002  max mem: 6650
Epoch: [24]  [ 70/117]  eta: 0:00:05  lr: 0.000011  loss: 1.2359 (1.2438)  time: 0.1196  data: 0.0002  max mem: 6650
Epoch: [24]  [ 80/117]  eta: 0:00:04  lr: 0.000011  loss: 1.3176 (1.2569)  time: 0.1188  data: 0.0002  max mem: 6650
Epoch: [24]  [ 90/117]  eta: 0:00:03  lr: 0.000011  loss: 1.4629 (1.2642)  time: 0.1185  data: 0.0002  max mem: 6650
Epoch: [24]  [100/117]  eta: 0:00:02  lr: 0.000011  loss: 1.3244 (1.2772)  time: 0.1182  data: 0.0004  max mem: 6650
Epoch: [24]  [110/117]  eta: 0:00:00  lr: 0.000011  loss: 1.2932 (1.2821)  time: 0.1180  data: 0.0003  max mem: 6650
Epoch: [24]  [116/117]  eta: 0:00:00  lr: 0.000011  loss: 1.2396 (1.2815)  time: 0.1179  data: 0.0003  max mem: 6650
Epoch: [24] Total time: 0:00:14 (0.1238 s / it)
Averaged stats: lr: 0.000011  loss: 1.2396 (1.2815)
Test:  [ 0/14]  eta: 0:00:06  loss: 0.3255 (0.3255)  acc1: 97.0052 (97.0052)  acc5: 100.0000 (100.0000)  time: 0.4763  data: 0.4372  max mem: 6650
Test:  [10/14]  eta: 0:00:00  loss: 0.3206 (0.3033)  acc1: 97.6562 (97.6089)  acc5: 100.0000 (99.9763)  time: 0.0793  data: 0.0398  max mem: 6650
Test:  [13/14]  eta: 0:00:00  loss: 0.2862 (0.2925)  acc1: 97.7865 (97.8100)  acc5: 100.0000 (99.9800)  time: 0.0686  data: 0.0313  max mem: 6650
Test: Total time: 0:00:01 (0.0718 s / it)
* Acc@1 97.810 Acc@5 99.980 loss 0.292
Accuracy of the network on the 10000 test images: 97.8%
Max accuracy: 97.91%
Training time 0:06:46
