Not using distributed mode
Namespace(batch_size=512, epochs=25, bce_loss=False, unscale_lr=True, model='vit_ape_axial_rope', input_size=28, drop=0.0, drop_path=0.1, model_ema=True, model_ema_decay=0.99996, model_ema_force_cpu=False, opt='adamw', opt_eps=1e-08, opt_betas=None, clip_grad=None, momentum=0.9, weight_decay=0.05, sched='cosine', lr=0.0001, lr_noise=None, lr_noise_pct=0.67, lr_noise_std=1.0, warmup_lr=1e-06, min_lr=1e-05, decay_epochs=30, warmup_epochs=5, cooldown_epochs=10, patience_epochs=10, decay_rate=0.1, color_jitter=0.3, aa='rand-m9-mstd0.5-inc1', smoothing=0.1, train_interpolation='bicubic', repeated_aug=True, train_mode=True, ThreeAugment=False, src=False, reprob=0.25, remode='pixel', recount=1, resplit=False, mixup=0.8, cutmix=1.0, cutmix_minmax=None, mixup_prob=1.0, mixup_switch_prob=0.5, mixup_mode='batch', teacher_model='regnety_160', teacher_path='', distillation_type='none', distillation_alpha=0.5, distillation_tau=1.0, cosub=False, finetune='', attn_only=False, data_path='data', data_set='MNIST', inat_category='name', output_dir='output/MNIST/vit_ape_axial_rope', device='cuda', seed=0, resume='', start_epoch=0, eval=False, eval_crop_ratio=0.875, dist_eval=False, num_workers=10, pin_mem=True, distributed=False, world_size=1, dist_url='env://')
Creating model: vit_ape_axial_rope
number of params: 21345418
Start training for 25 epochs
Epoch: [0]  [  0/117]  eta: 0:03:19  lr: 0.000001  loss: 2.3356 (2.3356)  time: 1.7077  data: 0.6249  max mem: 5515
Epoch: [0]  [ 10/117]  eta: 0:00:28  lr: 0.000001  loss: 2.3424 (2.3428)  time: 0.2646  data: 0.0571  max mem: 5769
Epoch: [0]  [ 20/117]  eta: 0:00:18  lr: 0.000001  loss: 2.3416 (2.3435)  time: 0.1170  data: 0.0003  max mem: 5769
Epoch: [0]  [ 30/117]  eta: 0:00:14  lr: 0.000001  loss: 2.3407 (2.3442)  time: 0.1136  data: 0.0002  max mem: 5769
Epoch: [0]  [ 40/117]  eta: 0:00:11  lr: 0.000001  loss: 2.3407 (2.3431)  time: 0.1135  data: 0.0002  max mem: 5769
Epoch: [0]  [ 50/117]  eta: 0:00:09  lr: 0.000001  loss: 2.3397 (2.3427)  time: 0.1137  data: 0.0002  max mem: 5769
Epoch: [0]  [ 60/117]  eta: 0:00:08  lr: 0.000001  loss: 2.3411 (2.3429)  time: 0.1162  data: 0.0002  max mem: 5769
Epoch: [0]  [ 70/117]  eta: 0:00:06  lr: 0.000001  loss: 2.3392 (2.3416)  time: 0.1161  data: 0.0002  max mem: 5769
Epoch: [0]  [ 80/117]  eta: 0:00:04  lr: 0.000001  loss: 2.3336 (2.3404)  time: 0.1141  data: 0.0002  max mem: 5769
Epoch: [0]  [ 90/117]  eta: 0:00:03  lr: 0.000001  loss: 2.3315 (2.3392)  time: 0.1140  data: 0.0002  max mem: 5769
Epoch: [0]  [100/117]  eta: 0:00:02  lr: 0.000001  loss: 2.3269 (2.3380)  time: 0.1138  data: 0.0004  max mem: 5769
Epoch: [0]  [110/117]  eta: 0:00:00  lr: 0.000001  loss: 2.3269 (2.3374)  time: 0.1137  data: 0.0003  max mem: 5769
Epoch: [0]  [116/117]  eta: 0:00:00  lr: 0.000001  loss: 2.3266 (2.3367)  time: 0.1135  data: 0.0002  max mem: 5769
Epoch: [0] Total time: 0:00:15 (0.1286 s / it)
Averaged stats: lr: 0.000001  loss: 2.3266 (2.3367)
Test:  [ 0/14]  eta: 0:00:06  loss: 2.3287 (2.3287)  acc1: 12.1094 (12.1094)  acc5: 50.7812 (50.7812)  time: 0.4703  data: 0.4104  max mem: 5769
Test:  [10/14]  eta: 0:00:00  loss: 2.3271 (2.3288)  acc1: 11.4583 (11.3163)  acc5: 51.8229 (51.3731)  time: 0.0783  data: 0.0374  max mem: 5769
Test:  [13/14]  eta: 0:00:00  loss: 2.3251 (2.3273)  acc1: 11.4583 (11.3500)  acc5: 51.4323 (51.4900)  time: 0.0682  data: 0.0294  max mem: 5769
Test: Total time: 0:00:00 (0.0711 s / it)
* Acc@1 11.350 Acc@5 51.490 loss 2.327
Accuracy of the network on the 10000 test images: 11.4%
Max accuracy: 11.35%
Epoch: [1]  [  0/117]  eta: 0:00:54  lr: 0.000001  loss: 2.3246 (2.3246)  time: 0.4663  data: 0.3474  max mem: 5769
Epoch: [1]  [ 10/117]  eta: 0:00:15  lr: 0.000001  loss: 2.3353 (2.3331)  time: 0.1458  data: 0.0318  max mem: 5770
Epoch: [1]  [ 20/117]  eta: 0:00:12  lr: 0.000001  loss: 2.3325 (2.3319)  time: 0.1145  data: 0.0002  max mem: 5770
Epoch: [1]  [ 30/117]  eta: 0:00:10  lr: 0.000001  loss: 2.3303 (2.3300)  time: 0.1151  data: 0.0002  max mem: 5770
Epoch: [1]  [ 40/117]  eta: 0:00:09  lr: 0.000001  loss: 2.3250 (2.3276)  time: 0.1149  data: 0.0002  max mem: 5770
Epoch: [1]  [ 50/117]  eta: 0:00:08  lr: 0.000001  loss: 2.3163 (2.3261)  time: 0.1143  data: 0.0002  max mem: 5770
Epoch: [1]  [ 60/117]  eta: 0:00:06  lr: 0.000001  loss: 2.3173 (2.3252)  time: 0.1139  data: 0.0002  max mem: 5770
Epoch: [1]  [ 70/117]  eta: 0:00:05  lr: 0.000001  loss: 2.3173 (2.3244)  time: 0.1140  data: 0.0002  max mem: 5770
Epoch: [1]  [ 80/117]  eta: 0:00:04  lr: 0.000001  loss: 2.3168 (2.3235)  time: 0.1142  data: 0.0002  max mem: 5770
Epoch: [1]  [ 90/117]  eta: 0:00:03  lr: 0.000001  loss: 2.3180 (2.3228)  time: 0.1150  data: 0.0002  max mem: 5770
Epoch: [1]  [100/117]  eta: 0:00:02  lr: 0.000001  loss: 2.3180 (2.3223)  time: 0.1151  data: 0.0004  max mem: 5770
Epoch: [1]  [110/117]  eta: 0:00:00  lr: 0.000001  loss: 2.3126 (2.3213)  time: 0.1146  data: 0.0003  max mem: 5770
Epoch: [1]  [116/117]  eta: 0:00:00  lr: 0.000001  loss: 2.3086 (2.3206)  time: 0.1145  data: 0.0002  max mem: 5770
Epoch: [1] Total time: 0:00:13 (0.1179 s / it)
Averaged stats: lr: 0.000001  loss: 2.3086 (2.3206)
Test:  [ 0/14]  eta: 0:00:06  loss: 2.3138 (2.3138)  acc1: 12.1094 (12.1094)  acc5: 50.7812 (50.7812)  time: 0.4528  data: 0.4145  max mem: 5770
Test:  [10/14]  eta: 0:00:00  loss: 2.3129 (2.3142)  acc1: 11.4583 (11.3163)  acc5: 51.8229 (51.3731)  time: 0.0766  data: 0.0378  max mem: 5770
Test:  [13/14]  eta: 0:00:00  loss: 2.3117 (2.3131)  acc1: 11.4583 (11.3500)  acc5: 51.4323 (51.4900)  time: 0.0665  data: 0.0297  max mem: 5770
Test: Total time: 0:00:00 (0.0695 s / it)
* Acc@1 11.350 Acc@5 51.490 loss 2.313
Accuracy of the network on the 10000 test images: 11.4%
Max accuracy: 11.35%
Epoch: [2]  [  0/117]  eta: 0:00:54  lr: 0.000021  loss: 2.3213 (2.3213)  time: 0.4674  data: 0.3492  max mem: 5770
Epoch: [2]  [ 10/117]  eta: 0:00:15  lr: 0.000021  loss: 2.3065 (2.3089)  time: 0.1468  data: 0.0320  max mem: 5770
Epoch: [2]  [ 20/117]  eta: 0:00:12  lr: 0.000021  loss: 2.3040 (2.3063)  time: 0.1143  data: 0.0002  max mem: 5770
Epoch: [2]  [ 30/117]  eta: 0:00:10  lr: 0.000021  loss: 2.3024 (2.3048)  time: 0.1138  data: 0.0002  max mem: 5770
Epoch: [2]  [ 40/117]  eta: 0:00:09  lr: 0.000021  loss: 2.2999 (2.3034)  time: 0.1137  data: 0.0002  max mem: 5770
Epoch: [2]  [ 50/117]  eta: 0:00:08  lr: 0.000021  loss: 2.2976 (2.3025)  time: 0.1136  data: 0.0002  max mem: 5770
Epoch: [2]  [ 60/117]  eta: 0:00:06  lr: 0.000021  loss: 2.2963 (2.3013)  time: 0.1136  data: 0.0002  max mem: 5770
Epoch: [2]  [ 70/117]  eta: 0:00:05  lr: 0.000021  loss: 2.2907 (2.2985)  time: 0.1137  data: 0.0002  max mem: 5770
Epoch: [2]  [ 80/117]  eta: 0:00:04  lr: 0.000021  loss: 2.2736 (2.2941)  time: 0.1137  data: 0.0002  max mem: 5770
Epoch: [2]  [ 90/117]  eta: 0:00:03  lr: 0.000021  loss: 2.2510 (2.2871)  time: 0.1137  data: 0.0002  max mem: 5770
Epoch: [2]  [100/117]  eta: 0:00:01  lr: 0.000021  loss: 2.2207 (2.2795)  time: 0.1138  data: 0.0004  max mem: 5770
Epoch: [2]  [110/117]  eta: 0:00:00  lr: 0.000021  loss: 2.1967 (2.2691)  time: 0.1134  data: 0.0003  max mem: 5770
Epoch: [2]  [116/117]  eta: 0:00:00  lr: 0.000021  loss: 2.1929 (2.2644)  time: 0.1132  data: 0.0003  max mem: 5770
Epoch: [2] Total time: 0:00:13 (0.1171 s / it)
Averaged stats: lr: 0.000021  loss: 2.1929 (2.2644)
Test:  [ 0/14]  eta: 0:00:06  loss: 1.9816 (1.9816)  acc1: 28.5156 (28.5156)  acc5: 80.8594 (80.8594)  time: 0.4586  data: 0.4203  max mem: 5770
Test:  [10/14]  eta: 0:00:00  loss: 1.9793 (1.9645)  acc1: 28.5156 (28.4920)  acc5: 81.2500 (82.6231)  time: 0.0773  data: 0.0383  max mem: 5770
Test:  [13/14]  eta: 0:00:00  loss: 1.9405 (1.9545)  acc1: 28.5156 (28.9900)  acc5: 83.0729 (83.0000)  time: 0.0670  data: 0.0301  max mem: 5770
Test: Total time: 0:00:00 (0.0699 s / it)
* Acc@1 28.990 Acc@5 83.000 loss 1.955
Accuracy of the network on the 10000 test images: 29.0%
Max accuracy: 28.99%
Epoch: [3]  [  0/117]  eta: 0:00:55  lr: 0.000041  loss: 2.0887 (2.0887)  time: 0.4733  data: 0.3516  max mem: 5770
Epoch: [3]  [ 10/117]  eta: 0:00:15  lr: 0.000041  loss: 2.1190 (2.1419)  time: 0.1474  data: 0.0322  max mem: 5770
Epoch: [3]  [ 20/117]  eta: 0:00:12  lr: 0.000041  loss: 2.1667 (2.1417)  time: 0.1146  data: 0.0002  max mem: 5770
Epoch: [3]  [ 30/117]  eta: 0:00:10  lr: 0.000041  loss: 2.1069 (2.1065)  time: 0.1146  data: 0.0002  max mem: 5770
Epoch: [3]  [ 40/117]  eta: 0:00:09  lr: 0.000041  loss: 2.0359 (2.0982)  time: 0.1152  data: 0.0003  max mem: 5770
Epoch: [3]  [ 50/117]  eta: 0:00:08  lr: 0.000041  loss: 2.0359 (2.0747)  time: 0.1152  data: 0.0002  max mem: 5770
Epoch: [3]  [ 60/117]  eta: 0:00:06  lr: 0.000041  loss: 1.8810 (2.0509)  time: 0.1148  data: 0.0002  max mem: 5770
Epoch: [3]  [ 70/117]  eta: 0:00:05  lr: 0.000041  loss: 1.8630 (2.0301)  time: 0.1148  data: 0.0002  max mem: 5770
Epoch: [3]  [ 80/117]  eta: 0:00:04  lr: 0.000041  loss: 1.8312 (2.0022)  time: 0.1145  data: 0.0002  max mem: 5770
Epoch: [3]  [ 90/117]  eta: 0:00:03  lr: 0.000041  loss: 1.8617 (1.9960)  time: 0.1146  data: 0.0002  max mem: 5770
Epoch: [3]  [100/117]  eta: 0:00:02  lr: 0.000041  loss: 1.7873 (1.9660)  time: 0.1156  data: 0.0004  max mem: 5770
Epoch: [3]  [110/117]  eta: 0:00:00  lr: 0.000041  loss: 1.6455 (1.9528)  time: 0.1149  data: 0.0003  max mem: 5770
Epoch: [3]  [116/117]  eta: 0:00:00  lr: 0.000041  loss: 1.6896 (1.9376)  time: 0.1144  data: 0.0003  max mem: 5770
Epoch: [3] Total time: 0:00:13 (0.1183 s / it)
Averaged stats: lr: 0.000041  loss: 1.6896 (1.9376)
Test:  [ 0/14]  eta: 0:00:06  loss: 0.9496 (0.9496)  acc1: 78.6458 (78.6458)  acc5: 98.6979 (98.6979)  time: 0.4518  data: 0.4133  max mem: 5770
Test:  [10/14]  eta: 0:00:00  loss: 0.9301 (0.9113)  acc1: 79.4271 (80.4096)  acc5: 98.9583 (99.0294)  time: 0.0767  data: 0.0376  max mem: 5770
Test:  [13/14]  eta: 0:00:00  loss: 0.8639 (0.8913)  acc1: 81.2500 (81.0600)  acc5: 99.0885 (99.0900)  time: 0.0668  data: 0.0296  max mem: 5770
Test: Total time: 0:00:00 (0.0697 s / it)
* Acc@1 81.060 Acc@5 99.090 loss 0.891
Accuracy of the network on the 10000 test images: 81.1%
Max accuracy: 81.06%
Epoch: [4]  [  0/117]  eta: 0:00:55  lr: 0.000060  loss: 1.8985 (1.8985)  time: 0.4753  data: 0.3558  max mem: 5770
Epoch: [4]  [ 10/117]  eta: 0:00:15  lr: 0.000060  loss: 1.7017 (1.7185)  time: 0.1472  data: 0.0326  max mem: 5770
Epoch: [4]  [ 20/117]  eta: 0:00:12  lr: 0.000060  loss: 1.7986 (1.7856)  time: 0.1150  data: 0.0002  max mem: 5770
Epoch: [4]  [ 30/117]  eta: 0:00:11  lr: 0.000060  loss: 1.7439 (1.7512)  time: 0.1163  data: 0.0002  max mem: 5770
Epoch: [4]  [ 40/117]  eta: 0:00:09  lr: 0.000060  loss: 1.8504 (1.7785)  time: 0.1157  data: 0.0002  max mem: 5770
Epoch: [4]  [ 50/117]  eta: 0:00:08  lr: 0.000060  loss: 1.8369 (1.7389)  time: 0.1149  data: 0.0002  max mem: 5770
Epoch: [4]  [ 60/117]  eta: 0:00:06  lr: 0.000060  loss: 1.4950 (1.7104)  time: 0.1148  data: 0.0002  max mem: 5770
Epoch: [4]  [ 70/117]  eta: 0:00:05  lr: 0.000060  loss: 1.6541 (1.7031)  time: 0.1146  data: 0.0002  max mem: 5770
Epoch: [4]  [ 80/117]  eta: 0:00:04  lr: 0.000060  loss: 1.7048 (1.6923)  time: 0.1144  data: 0.0002  max mem: 5770
Epoch: [4]  [ 90/117]  eta: 0:00:03  lr: 0.000060  loss: 1.4562 (1.6646)  time: 0.1137  data: 0.0002  max mem: 5770
Epoch: [4]  [100/117]  eta: 0:00:02  lr: 0.000060  loss: 1.5363 (1.6691)  time: 0.1139  data: 0.0004  max mem: 5770
Epoch: [4]  [110/117]  eta: 0:00:00  lr: 0.000060  loss: 1.6424 (1.6647)  time: 0.1137  data: 0.0003  max mem: 5770
Epoch: [4]  [116/117]  eta: 0:00:00  lr: 0.000060  loss: 1.7461 (1.6693)  time: 0.1134  data: 0.0003  max mem: 5770
Epoch: [4] Total time: 0:00:13 (0.1180 s / it)
Averaged stats: lr: 0.000060  loss: 1.7461 (1.6693)
Test:  [ 0/14]  eta: 0:00:06  loss: 0.7032 (0.7032)  acc1: 88.5417 (88.5417)  acc5: 99.2188 (99.2188)  time: 0.4400  data: 0.4017  max mem: 5770
Test:  [10/14]  eta: 0:00:00  loss: 0.6890 (0.6591)  acc1: 89.4531 (90.1870)  acc5: 99.4792 (99.5028)  time: 0.0757  data: 0.0366  max mem: 5770
Test:  [13/14]  eta: 0:00:00  loss: 0.6111 (0.6337)  acc1: 89.8438 (90.6700)  acc5: 99.4792 (99.5600)  time: 0.0657  data: 0.0287  max mem: 5770
Test: Total time: 0:00:00 (0.0686 s / it)
* Acc@1 90.670 Acc@5 99.560 loss 0.634
Accuracy of the network on the 10000 test images: 90.7%
Max accuracy: 90.67%
Epoch: [5]  [  0/117]  eta: 0:01:01  lr: 0.000080  loss: 1.1599 (1.1599)  time: 0.5269  data: 0.4072  max mem: 5770
Epoch: [5]  [ 10/117]  eta: 0:00:16  lr: 0.000080  loss: 1.6652 (1.6254)  time: 0.1513  data: 0.0372  max mem: 5770
Epoch: [5]  [ 20/117]  eta: 0:00:12  lr: 0.000080  loss: 1.5490 (1.5704)  time: 0.1138  data: 0.0002  max mem: 5770
Epoch: [5]  [ 30/117]  eta: 0:00:11  lr: 0.000080  loss: 1.5490 (1.5820)  time: 0.1139  data: 0.0002  max mem: 5770
Epoch: [5]  [ 40/117]  eta: 0:00:09  lr: 0.000080  loss: 1.6057 (1.5845)  time: 0.1139  data: 0.0002  max mem: 5770
Epoch: [5]  [ 50/117]  eta: 0:00:08  lr: 0.000080  loss: 1.6057 (1.5981)  time: 0.1140  data: 0.0002  max mem: 5770
Epoch: [5]  [ 60/117]  eta: 0:00:06  lr: 0.000080  loss: 1.7188 (1.6004)  time: 0.1142  data: 0.0002  max mem: 5770
Epoch: [5]  [ 70/117]  eta: 0:00:05  lr: 0.000080  loss: 1.3562 (1.5742)  time: 0.1141  data: 0.0002  max mem: 5770
Epoch: [5]  [ 80/117]  eta: 0:00:04  lr: 0.000080  loss: 1.5820 (1.5823)  time: 0.1145  data: 0.0002  max mem: 5770
Epoch: [5]  [ 90/117]  eta: 0:00:03  lr: 0.000080  loss: 1.7069 (1.5716)  time: 0.1150  data: 0.0002  max mem: 5770
Epoch: [5]  [100/117]  eta: 0:00:02  lr: 0.000080  loss: 1.3974 (1.5516)  time: 0.1148  data: 0.0004  max mem: 5770
Epoch: [5]  [110/117]  eta: 0:00:00  lr: 0.000080  loss: 1.5572 (1.5573)  time: 0.1142  data: 0.0003  max mem: 5770
Epoch: [5]  [116/117]  eta: 0:00:00  lr: 0.000080  loss: 1.6180 (1.5473)  time: 0.1141  data: 0.0002  max mem: 5770
Epoch: [5] Total time: 0:00:13 (0.1181 s / it)
Averaged stats: lr: 0.000080  loss: 1.6180 (1.5473)
Test:  [ 0/14]  eta: 0:00:06  loss: 0.5298 (0.5298)  acc1: 91.1458 (91.1458)  acc5: 99.8698 (99.8698)  time: 0.4489  data: 0.4106  max mem: 5770
Test:  [10/14]  eta: 0:00:00  loss: 0.5298 (0.5005)  acc1: 91.9271 (92.4479)  acc5: 99.8698 (99.7514)  time: 0.0766  data: 0.0374  max mem: 5770
Test:  [13/14]  eta: 0:00:00  loss: 0.4613 (0.4788)  acc1: 92.0573 (93.0500)  acc5: 99.8698 (99.7900)  time: 0.0665  data: 0.0294  max mem: 5770
Test: Total time: 0:00:00 (0.0694 s / it)
* Acc@1 93.050 Acc@5 99.790 loss 0.479
Accuracy of the network on the 10000 test images: 93.1%
Max accuracy: 93.05%
Epoch: [6]  [  0/117]  eta: 0:00:56  lr: 0.000091  loss: 2.1205 (2.1205)  time: 0.4798  data: 0.3620  max mem: 5770
Epoch: [6]  [ 10/117]  eta: 0:00:15  lr: 0.000091  loss: 1.4480 (1.5489)  time: 0.1480  data: 0.0331  max mem: 5770
Epoch: [6]  [ 20/117]  eta: 0:00:12  lr: 0.000091  loss: 1.4480 (1.5945)  time: 0.1151  data: 0.0002  max mem: 5770
Epoch: [6]  [ 30/117]  eta: 0:00:11  lr: 0.000091  loss: 1.4757 (1.5438)  time: 0.1151  data: 0.0002  max mem: 5770
Epoch: [6]  [ 40/117]  eta: 0:00:09  lr: 0.000091  loss: 1.4858 (1.5585)  time: 0.1146  data: 0.0002  max mem: 5770
Epoch: [6]  [ 50/117]  eta: 0:00:08  lr: 0.000091  loss: 1.5520 (1.5418)  time: 0.1146  data: 0.0002  max mem: 5770
Epoch: [6]  [ 60/117]  eta: 0:00:06  lr: 0.000091  loss: 1.5382 (1.5267)  time: 0.1147  data: 0.0002  max mem: 5770
Epoch: [6]  [ 70/117]  eta: 0:00:05  lr: 0.000091  loss: 1.5336 (1.5364)  time: 0.1149  data: 0.0002  max mem: 5770
Epoch: [6]  [ 80/117]  eta: 0:00:04  lr: 0.000091  loss: 1.6858 (1.5491)  time: 0.1150  data: 0.0002  max mem: 5770
Epoch: [6]  [ 90/117]  eta: 0:00:03  lr: 0.000091  loss: 1.6983 (1.5619)  time: 0.1149  data: 0.0002  max mem: 5770
Epoch: [6]  [100/117]  eta: 0:00:02  lr: 0.000091  loss: 1.5815 (1.5744)  time: 0.1149  data: 0.0004  max mem: 5770
Epoch: [6]  [110/117]  eta: 0:00:00  lr: 0.000091  loss: 1.5550 (1.5687)  time: 0.1147  data: 0.0003  max mem: 5770
Epoch: [6]  [116/117]  eta: 0:00:00  lr: 0.000091  loss: 1.5729 (1.5666)  time: 0.1145  data: 0.0003  max mem: 5770
Epoch: [6] Total time: 0:00:13 (0.1183 s / it)
Averaged stats: lr: 0.000091  loss: 1.5729 (1.5666)
Test:  [ 0/14]  eta: 0:00:06  loss: 0.4730 (0.4730)  acc1: 92.1875 (92.1875)  acc5: 99.8698 (99.8698)  time: 0.4477  data: 0.4094  max mem: 5770
Test:  [10/14]  eta: 0:00:00  loss: 0.4730 (0.4455)  acc1: 93.3594 (93.3831)  acc5: 99.8698 (99.8461)  time: 0.0765  data: 0.0373  max mem: 5770
Test:  [13/14]  eta: 0:00:00  loss: 0.4153 (0.4239)  acc1: 93.6198 (93.7800)  acc5: 99.8698 (99.8500)  time: 0.0663  data: 0.0293  max mem: 5770
Test: Total time: 0:00:00 (0.0692 s / it)
* Acc@1 93.780 Acc@5 99.850 loss 0.424
Accuracy of the network on the 10000 test images: 93.8%
Max accuracy: 93.78%
Epoch: [7]  [  0/117]  eta: 0:00:54  lr: 0.000088  loss: 1.4636 (1.4636)  time: 0.4670  data: 0.3486  max mem: 5770
Epoch: [7]  [ 10/117]  eta: 0:00:15  lr: 0.000088  loss: 1.4820 (1.5834)  time: 0.1463  data: 0.0319  max mem: 5770
Epoch: [7]  [ 20/117]  eta: 0:00:12  lr: 0.000088  loss: 1.4174 (1.4382)  time: 0.1141  data: 0.0002  max mem: 5770
Epoch: [7]  [ 30/117]  eta: 0:00:10  lr: 0.000088  loss: 1.4174 (1.5069)  time: 0.1142  data: 0.0002  max mem: 5770
Epoch: [7]  [ 40/117]  eta: 0:00:09  lr: 0.000088  loss: 1.2761 (1.4614)  time: 0.1141  data: 0.0002  max mem: 5770
Epoch: [7]  [ 50/117]  eta: 0:00:08  lr: 0.000088  loss: 1.2422 (1.4642)  time: 0.1142  data: 0.0002  max mem: 5770
Epoch: [7]  [ 60/117]  eta: 0:00:06  lr: 0.000088  loss: 1.3022 (1.4396)  time: 0.1142  data: 0.0002  max mem: 5770
Epoch: [7]  [ 70/117]  eta: 0:00:05  lr: 0.000088  loss: 1.3022 (1.4361)  time: 0.1141  data: 0.0002  max mem: 5770
Epoch: [7]  [ 80/117]  eta: 0:00:04  lr: 0.000088  loss: 1.3339 (1.4336)  time: 0.1159  data: 0.0002  max mem: 5770
Epoch: [7]  [ 90/117]  eta: 0:00:03  lr: 0.000088  loss: 1.6551 (1.4526)  time: 0.1159  data: 0.0002  max mem: 5770
Epoch: [7]  [100/117]  eta: 0:00:02  lr: 0.000088  loss: 1.7019 (1.4645)  time: 0.1141  data: 0.0004  max mem: 5770
Epoch: [7]  [110/117]  eta: 0:00:00  lr: 0.000088  loss: 1.5697 (1.4494)  time: 0.1137  data: 0.0003  max mem: 5770
Epoch: [7]  [116/117]  eta: 0:00:00  lr: 0.000088  loss: 1.4417 (1.4483)  time: 0.1136  data: 0.0003  max mem: 5770
Epoch: [7] Total time: 0:00:13 (0.1177 s / it)
Averaged stats: lr: 0.000088  loss: 1.4417 (1.4483)
Test:  [ 0/14]  eta: 0:00:06  loss: 0.3947 (0.3947)  acc1: 92.3177 (92.3177)  acc5: 99.8698 (99.8698)  time: 0.4399  data: 0.4014  max mem: 5770
Test:  [10/14]  eta: 0:00:00  loss: 0.3928 (0.3621)  acc1: 94.1406 (94.3537)  acc5: 99.8698 (99.8935)  time: 0.0758  data: 0.0366  max mem: 5770
Test:  [13/14]  eta: 0:00:00  loss: 0.3396 (0.3462)  acc1: 94.1406 (94.7500)  acc5: 99.8698 (99.9100)  time: 0.0659  data: 0.0287  max mem: 5770
Test: Total time: 0:00:00 (0.0689 s / it)
* Acc@1 94.750 Acc@5 99.910 loss 0.346
Accuracy of the network on the 10000 test images: 94.8%
Max accuracy: 94.75%
Epoch: [8]  [  0/117]  eta: 0:01:00  lr: 0.000084  loss: 1.9320 (1.9320)  time: 0.5181  data: 0.3973  max mem: 5770
Epoch: [8]  [ 10/117]  eta: 0:00:16  lr: 0.000084  loss: 1.2892 (1.3779)  time: 0.1516  data: 0.0363  max mem: 5770
Epoch: [8]  [ 20/117]  eta: 0:00:12  lr: 0.000084  loss: 1.2799 (1.3337)  time: 0.1148  data: 0.0002  max mem: 5770
Epoch: [8]  [ 30/117]  eta: 0:00:11  lr: 0.000084  loss: 1.2996 (1.3779)  time: 0.1148  data: 0.0002  max mem: 5770
Epoch: [8]  [ 40/117]  eta: 0:00:09  lr: 0.000084  loss: 1.6372 (1.3962)  time: 0.1152  data: 0.0002  max mem: 5770
Epoch: [8]  [ 50/117]  eta: 0:00:08  lr: 0.000084  loss: 1.6372 (1.4129)  time: 0.1150  data: 0.0002  max mem: 5770
Epoch: [8]  [ 60/117]  eta: 0:00:06  lr: 0.000084  loss: 1.5159 (1.4380)  time: 0.1145  data: 0.0002  max mem: 5770
Epoch: [8]  [ 70/117]  eta: 0:00:05  lr: 0.000084  loss: 1.6002 (1.4507)  time: 0.1147  data: 0.0002  max mem: 5770
Epoch: [8]  [ 80/117]  eta: 0:00:04  lr: 0.000084  loss: 1.5834 (1.4545)  time: 0.1148  data: 0.0002  max mem: 5770
Epoch: [8]  [ 90/117]  eta: 0:00:03  lr: 0.000084  loss: 1.6500 (1.4624)  time: 0.1148  data: 0.0002  max mem: 5770
Epoch: [8]  [100/117]  eta: 0:00:02  lr: 0.000084  loss: 1.6299 (1.4714)  time: 0.1154  data: 0.0004  max mem: 5770
Epoch: [8]  [110/117]  eta: 0:00:00  lr: 0.000084  loss: 1.5576 (1.4787)  time: 0.1146  data: 0.0003  max mem: 5770
Epoch: [8]  [116/117]  eta: 0:00:00  lr: 0.000084  loss: 1.5779 (1.4839)  time: 0.1142  data: 0.0003  max mem: 5770
Epoch: [8] Total time: 0:00:13 (0.1186 s / it)
Averaged stats: lr: 0.000084  loss: 1.5779 (1.4839)
Test:  [ 0/14]  eta: 0:00:06  loss: 0.4442 (0.4442)  acc1: 94.2708 (94.2708)  acc5: 100.0000 (100.0000)  time: 0.4540  data: 0.4157  max mem: 5770
Test:  [10/14]  eta: 0:00:00  loss: 0.4442 (0.4153)  acc1: 94.6615 (95.0876)  acc5: 99.8698 (99.8935)  time: 0.0773  data: 0.0379  max mem: 5770
Test:  [13/14]  eta: 0:00:00  loss: 0.3929 (0.3994)  acc1: 94.6615 (95.4100)  acc5: 100.0000 (99.9100)  time: 0.0670  data: 0.0298  max mem: 5770
Test: Total time: 0:00:00 (0.0699 s / it)
* Acc@1 95.410 Acc@5 99.910 loss 0.399
Accuracy of the network on the 10000 test images: 95.4%
Max accuracy: 95.41%
Epoch: [9]  [  0/117]  eta: 0:01:03  lr: 0.000079  loss: 1.4608 (1.4608)  time: 0.5398  data: 0.4104  max mem: 5770
Epoch: [9]  [ 10/117]  eta: 0:00:16  lr: 0.000079  loss: 1.3892 (1.3538)  time: 0.1542  data: 0.0375  max mem: 5770
Epoch: [9]  [ 20/117]  eta: 0:00:13  lr: 0.000079  loss: 1.2811 (1.3276)  time: 0.1155  data: 0.0002  max mem: 5770
Epoch: [9]  [ 30/117]  eta: 0:00:11  lr: 0.000079  loss: 1.3901 (1.3701)  time: 0.1151  data: 0.0003  max mem: 5770
Epoch: [9]  [ 40/117]  eta: 0:00:09  lr: 0.000079  loss: 1.4244 (1.3606)  time: 0.1146  data: 0.0003  max mem: 5770
Epoch: [9]  [ 50/117]  eta: 0:00:08  lr: 0.000079  loss: 1.4276 (1.3904)  time: 0.1144  data: 0.0002  max mem: 5770
Epoch: [9]  [ 60/117]  eta: 0:00:06  lr: 0.000079  loss: 1.5989 (1.4369)  time: 0.1142  data: 0.0002  max mem: 5770
Epoch: [9]  [ 70/117]  eta: 0:00:05  lr: 0.000079  loss: 1.5749 (1.4201)  time: 0.1140  data: 0.0002  max mem: 5770
Epoch: [9]  [ 80/117]  eta: 0:00:04  lr: 0.000079  loss: 1.4399 (1.4270)  time: 0.1139  data: 0.0002  max mem: 5770
Epoch: [9]  [ 90/117]  eta: 0:00:03  lr: 0.000079  loss: 1.5251 (1.4399)  time: 0.1140  data: 0.0002  max mem: 5770
Epoch: [9]  [100/117]  eta: 0:00:02  lr: 0.000079  loss: 1.5740 (1.4505)  time: 0.1141  data: 0.0003  max mem: 5770
Epoch: [9]  [110/117]  eta: 0:00:00  lr: 0.000079  loss: 1.5278 (1.4350)  time: 0.1136  data: 0.0003  max mem: 5770
Epoch: [9]  [116/117]  eta: 0:00:00  lr: 0.000079  loss: 1.5278 (1.4384)  time: 0.1134  data: 0.0002  max mem: 5770
Epoch: [9] Total time: 0:00:13 (0.1183 s / it)
Averaged stats: lr: 0.000079  loss: 1.5278 (1.4384)
Test:  [ 0/14]  eta: 0:00:06  loss: 0.3747 (0.3747)  acc1: 95.0521 (95.0521)  acc5: 99.8698 (99.8698)  time: 0.4448  data: 0.4065  max mem: 5770
Test:  [10/14]  eta: 0:00:00  loss: 0.3747 (0.3525)  acc1: 95.3125 (95.7742)  acc5: 99.8698 (99.8935)  time: 0.0762  data: 0.0370  max mem: 5770
Test:  [13/14]  eta: 0:00:00  loss: 0.3302 (0.3364)  acc1: 95.4427 (96.0800)  acc5: 99.8698 (99.9100)  time: 0.0662  data: 0.0291  max mem: 5770
Test: Total time: 0:00:00 (0.0691 s / it)
* Acc@1 96.080 Acc@5 99.910 loss 0.336
Accuracy of the network on the 10000 test images: 96.1%
Max accuracy: 96.08%
Epoch: [10]  [  0/117]  eta: 0:00:55  lr: 0.000074  loss: 1.9463 (1.9463)  time: 0.4712  data: 0.3491  max mem: 5770
Epoch: [10]  [ 10/117]  eta: 0:00:15  lr: 0.000074  loss: 1.4999 (1.4650)  time: 0.1475  data: 0.0319  max mem: 5770
Epoch: [10]  [ 20/117]  eta: 0:00:12  lr: 0.000074  loss: 1.5344 (1.5075)  time: 0.1148  data: 0.0002  max mem: 5770
Epoch: [10]  [ 30/117]  eta: 0:00:10  lr: 0.000074  loss: 1.5133 (1.4672)  time: 0.1144  data: 0.0002  max mem: 5770
Epoch: [10]  [ 40/117]  eta: 0:00:09  lr: 0.000074  loss: 1.1210 (1.4043)  time: 0.1147  data: 0.0002  max mem: 5770
Epoch: [10]  [ 50/117]  eta: 0:00:08  lr: 0.000074  loss: 1.0808 (1.3594)  time: 0.1149  data: 0.0002  max mem: 5770
Epoch: [10]  [ 60/117]  eta: 0:00:06  lr: 0.000074  loss: 1.4048 (1.3973)  time: 0.1148  data: 0.0002  max mem: 5770
Epoch: [10]  [ 70/117]  eta: 0:00:05  lr: 0.000074  loss: 1.5773 (1.4000)  time: 0.1147  data: 0.0002  max mem: 5770
Epoch: [10]  [ 80/117]  eta: 0:00:04  lr: 0.000074  loss: 1.3219 (1.3951)  time: 0.1147  data: 0.0002  max mem: 5770
Epoch: [10]  [ 90/117]  eta: 0:00:03  lr: 0.000074  loss: 1.4487 (1.3972)  time: 0.1149  data: 0.0002  max mem: 5770
Epoch: [10]  [100/117]  eta: 0:00:02  lr: 0.000074  loss: 1.3934 (1.3840)  time: 0.1159  data: 0.0004  max mem: 5770
Epoch: [10]  [110/117]  eta: 0:00:00  lr: 0.000074  loss: 1.5117 (1.3987)  time: 0.1151  data: 0.0003  max mem: 5770
Epoch: [10]  [116/117]  eta: 0:00:00  lr: 0.000074  loss: 1.5491 (1.4095)  time: 0.1144  data: 0.0003  max mem: 5770
Epoch: [10] Total time: 0:00:13 (0.1182 s / it)
Averaged stats: lr: 0.000074  loss: 1.5491 (1.4095)
Test:  [ 0/14]  eta: 0:00:06  loss: 0.4171 (0.4171)  acc1: 95.1823 (95.1823)  acc5: 100.0000 (100.0000)  time: 0.4447  data: 0.4063  max mem: 5770
Test:  [10/14]  eta: 0:00:00  loss: 0.4171 (0.3983)  acc1: 95.1823 (95.4901)  acc5: 99.8698 (99.8816)  time: 0.0763  data: 0.0370  max mem: 5770
Test:  [13/14]  eta: 0:00:00  loss: 0.3747 (0.3801)  acc1: 95.7031 (95.8400)  acc5: 99.8698 (99.8900)  time: 0.0665  data: 0.0291  max mem: 5770
Test: Total time: 0:00:00 (0.0694 s / it)
* Acc@1 95.840 Acc@5 99.890 loss 0.380
Accuracy of the network on the 10000 test images: 95.8%
Max accuracy: 96.08%
Epoch: [11]  [  0/117]  eta: 0:01:00  lr: 0.000069  loss: 1.0001 (1.0001)  time: 0.5197  data: 0.3998  max mem: 5770
Epoch: [11]  [ 10/117]  eta: 0:00:16  lr: 0.000069  loss: 1.4182 (1.3616)  time: 0.1523  data: 0.0365  max mem: 5770
Epoch: [11]  [ 20/117]  eta: 0:00:13  lr: 0.000069  loss: 1.4182 (1.3210)  time: 0.1150  data: 0.0002  max mem: 5770
Epoch: [11]  [ 30/117]  eta: 0:00:11  lr: 0.000069  loss: 1.3178 (1.2853)  time: 0.1146  data: 0.0002  max mem: 5770
Epoch: [11]  [ 40/117]  eta: 0:00:09  lr: 0.000069  loss: 1.2907 (1.2905)  time: 0.1145  data: 0.0002  max mem: 5770
Epoch: [11]  [ 50/117]  eta: 0:00:08  lr: 0.000069  loss: 1.3714 (1.3000)  time: 0.1145  data: 0.0002  max mem: 5770
Epoch: [11]  [ 60/117]  eta: 0:00:06  lr: 0.000069  loss: 1.3790 (1.3230)  time: 0.1146  data: 0.0003  max mem: 5770
Epoch: [11]  [ 70/117]  eta: 0:00:05  lr: 0.000069  loss: 1.3916 (1.3330)  time: 0.1149  data: 0.0003  max mem: 5770
Epoch: [11]  [ 80/117]  eta: 0:00:04  lr: 0.000069  loss: 1.4333 (1.3653)  time: 0.1148  data: 0.0003  max mem: 5770
Epoch: [11]  [ 90/117]  eta: 0:00:03  lr: 0.000069  loss: 1.5954 (1.3911)  time: 0.1145  data: 0.0002  max mem: 5770
Epoch: [11]  [100/117]  eta: 0:00:02  lr: 0.000069  loss: 1.5414 (1.3902)  time: 0.1150  data: 0.0005  max mem: 5770
Epoch: [11]  [110/117]  eta: 0:00:00  lr: 0.000069  loss: 1.4059 (1.3888)  time: 0.1145  data: 0.0004  max mem: 5770
Epoch: [11]  [116/117]  eta: 0:00:00  lr: 0.000069  loss: 1.3911 (1.3918)  time: 0.1138  data: 0.0003  max mem: 5770
Epoch: [11] Total time: 0:00:13 (0.1185 s / it)
Averaged stats: lr: 0.000069  loss: 1.3911 (1.3918)
Test:  [ 0/14]  eta: 0:00:05  loss: 0.3548 (0.3548)  acc1: 95.8333 (95.8333)  acc5: 100.0000 (100.0000)  time: 0.3799  data: 0.3416  max mem: 5770
Test:  [10/14]  eta: 0:00:00  loss: 0.3548 (0.3387)  acc1: 95.8333 (96.3660)  acc5: 100.0000 (99.9290)  time: 0.0726  data: 0.0334  max mem: 5770
Test:  [13/14]  eta: 0:00:00  loss: 0.3185 (0.3235)  acc1: 96.6146 (96.6600)  acc5: 100.0000 (99.9400)  time: 0.0633  data: 0.0263  max mem: 5770
Test: Total time: 0:00:00 (0.0663 s / it)
* Acc@1 96.660 Acc@5 99.940 loss 0.323
Accuracy of the network on the 10000 test images: 96.7%
Max accuracy: 96.66%
Epoch: [12]  [  0/117]  eta: 0:01:02  lr: 0.000063  loss: 1.1138 (1.1138)  time: 0.5339  data: 0.4173  max mem: 5770
Epoch: [12]  [ 10/117]  eta: 0:00:16  lr: 0.000063  loss: 1.5503 (1.4689)  time: 0.1524  data: 0.0381  max mem: 5770
Epoch: [12]  [ 20/117]  eta: 0:00:13  lr: 0.000063  loss: 1.5733 (1.5475)  time: 0.1142  data: 0.0002  max mem: 5770
Epoch: [12]  [ 30/117]  eta: 0:00:11  lr: 0.000063  loss: 1.6456 (1.5968)  time: 0.1145  data: 0.0002  max mem: 5770
Epoch: [12]  [ 40/117]  eta: 0:00:09  lr: 0.000063  loss: 1.5312 (1.5662)  time: 0.1148  data: 0.0002  max mem: 5770
Epoch: [12]  [ 50/117]  eta: 0:00:08  lr: 0.000063  loss: 1.3761 (1.5257)  time: 0.1145  data: 0.0002  max mem: 5770
Epoch: [12]  [ 60/117]  eta: 0:00:06  lr: 0.000063  loss: 1.2503 (1.4897)  time: 0.1143  data: 0.0002  max mem: 5770
Epoch: [12]  [ 70/117]  eta: 0:00:05  lr: 0.000063  loss: 1.3352 (1.4681)  time: 0.1143  data: 0.0002  max mem: 5770
Epoch: [12]  [ 80/117]  eta: 0:00:04  lr: 0.000063  loss: 1.3352 (1.4474)  time: 0.1144  data: 0.0002  max mem: 5770
Epoch: [12]  [ 90/117]  eta: 0:00:03  lr: 0.000063  loss: 1.3944 (1.4527)  time: 0.1145  data: 0.0002  max mem: 5770
Epoch: [12]  [100/117]  eta: 0:00:02  lr: 0.000063  loss: 1.6385 (1.4607)  time: 0.1146  data: 0.0004  max mem: 5770
Epoch: [12]  [110/117]  eta: 0:00:00  lr: 0.000063  loss: 1.6529 (1.4739)  time: 0.1146  data: 0.0003  max mem: 5770
Epoch: [12]  [116/117]  eta: 0:00:00  lr: 0.000063  loss: 1.6741 (1.4731)  time: 0.1143  data: 0.0003  max mem: 5770
Epoch: [12] Total time: 0:00:13 (0.1184 s / it)
Averaged stats: lr: 0.000063  loss: 1.6741 (1.4731)
Test:  [ 0/14]  eta: 0:00:05  loss: 0.4115 (0.4115)  acc1: 95.7031 (95.7031)  acc5: 100.0000 (100.0000)  time: 0.4013  data: 0.3628  max mem: 5770
Test:  [10/14]  eta: 0:00:00  loss: 0.4115 (0.3978)  acc1: 95.8333 (96.0938)  acc5: 100.0000 (99.9053)  time: 0.0725  data: 0.0331  max mem: 5770
Test:  [13/14]  eta: 0:00:00  loss: 0.3723 (0.3801)  acc1: 96.3542 (96.4400)  acc5: 100.0000 (99.9200)  time: 0.0633  data: 0.0260  max mem: 5770
Test: Total time: 0:00:00 (0.0662 s / it)
* Acc@1 96.440 Acc@5 99.920 loss 0.380
Accuracy of the network on the 10000 test images: 96.4%
Max accuracy: 96.66%
Epoch: [13]  [  0/117]  eta: 0:00:59  lr: 0.000058  loss: 1.8869 (1.8869)  time: 0.5095  data: 0.3898  max mem: 5770
Epoch: [13]  [ 10/117]  eta: 0:00:16  lr: 0.000058  loss: 1.2421 (1.3414)  time: 0.1510  data: 0.0356  max mem: 5770
Epoch: [13]  [ 20/117]  eta: 0:00:12  lr: 0.000058  loss: 1.2421 (1.3340)  time: 0.1150  data: 0.0002  max mem: 5770
Epoch: [13]  [ 30/117]  eta: 0:00:11  lr: 0.000058  loss: 1.4488 (1.4108)  time: 0.1149  data: 0.0002  max mem: 5770
Epoch: [13]  [ 40/117]  eta: 0:00:09  lr: 0.000058  loss: 1.4471 (1.3720)  time: 0.1155  data: 0.0002  max mem: 5770
Epoch: [13]  [ 50/117]  eta: 0:00:08  lr: 0.000058  loss: 1.2867 (1.3566)  time: 0.1157  data: 0.0002  max mem: 5770
Epoch: [13]  [ 60/117]  eta: 0:00:06  lr: 0.000058  loss: 1.3869 (1.3695)  time: 0.1153  data: 0.0002  max mem: 5770
Epoch: [13]  [ 70/117]  eta: 0:00:05  lr: 0.000058  loss: 1.4969 (1.4012)  time: 0.1148  data: 0.0002  max mem: 5770
Epoch: [13]  [ 80/117]  eta: 0:00:04  lr: 0.000058  loss: 1.4796 (1.3958)  time: 0.1147  data: 0.0002  max mem: 5770
Epoch: [13]  [ 90/117]  eta: 0:00:03  lr: 0.000058  loss: 1.2601 (1.3681)  time: 0.1148  data: 0.0002  max mem: 5770
Epoch: [13]  [100/117]  eta: 0:00:02  lr: 0.000058  loss: 1.2690 (1.3705)  time: 0.1155  data: 0.0004  max mem: 5770
Epoch: [13]  [110/117]  eta: 0:00:00  lr: 0.000058  loss: 1.2258 (1.3547)  time: 0.1153  data: 0.0003  max mem: 5770
Epoch: [13]  [116/117]  eta: 0:00:00  lr: 0.000058  loss: 1.1399 (1.3403)  time: 0.1147  data: 0.0003  max mem: 5770
Epoch: [13] Total time: 0:00:13 (0.1188 s / it)
Averaged stats: lr: 0.000058  loss: 1.1399 (1.3403)
Test:  [ 0/14]  eta: 0:00:05  loss: 0.3098 (0.3098)  acc1: 96.3542 (96.3542)  acc5: 100.0000 (100.0000)  time: 0.3888  data: 0.3506  max mem: 5770
Test:  [10/14]  eta: 0:00:00  loss: 0.3098 (0.3004)  acc1: 96.3542 (96.4607)  acc5: 100.0000 (99.9290)  time: 0.0723  data: 0.0330  max mem: 5770
Test:  [13/14]  eta: 0:00:00  loss: 0.2799 (0.2851)  acc1: 96.6146 (96.7300)  acc5: 100.0000 (99.9300)  time: 0.0631  data: 0.0260  max mem: 5770
Test: Total time: 0:00:00 (0.0660 s / it)
* Acc@1 96.730 Acc@5 99.930 loss 0.285
Accuracy of the network on the 10000 test images: 96.7%
Max accuracy: 96.73%
Epoch: [14]  [  0/117]  eta: 0:01:01  lr: 0.000052  loss: 0.7959 (0.7959)  time: 0.5232  data: 0.4022  max mem: 5770
Epoch: [14]  [ 10/117]  eta: 0:00:16  lr: 0.000052  loss: 1.5461 (1.3426)  time: 0.1518  data: 0.0368  max mem: 5770
Epoch: [14]  [ 20/117]  eta: 0:00:13  lr: 0.000052  loss: 1.5461 (1.3481)  time: 0.1153  data: 0.0002  max mem: 5770
Epoch: [14]  [ 30/117]  eta: 0:00:11  lr: 0.000052  loss: 1.4267 (1.3418)  time: 0.1152  data: 0.0002  max mem: 5770
Epoch: [14]  [ 40/117]  eta: 0:00:09  lr: 0.000052  loss: 1.4267 (1.3625)  time: 0.1144  data: 0.0002  max mem: 5770
Epoch: [14]  [ 50/117]  eta: 0:00:08  lr: 0.000052  loss: 1.5262 (1.3863)  time: 0.1143  data: 0.0002  max mem: 5770
Epoch: [14]  [ 60/117]  eta: 0:00:06  lr: 0.000052  loss: 1.3448 (1.3732)  time: 0.1142  data: 0.0002  max mem: 5770
Epoch: [14]  [ 70/117]  eta: 0:00:05  lr: 0.000052  loss: 1.2305 (1.3459)  time: 0.1155  data: 0.0002  max mem: 5770
Epoch: [14]  [ 80/117]  eta: 0:00:04  lr: 0.000052  loss: 1.2305 (1.3443)  time: 0.1161  data: 0.0002  max mem: 5770
Epoch: [14]  [ 90/117]  eta: 0:00:03  lr: 0.000052  loss: 1.2536 (1.3441)  time: 0.1148  data: 0.0002  max mem: 5770
Epoch: [14]  [100/117]  eta: 0:00:02  lr: 0.000052  loss: 1.0848 (1.3206)  time: 0.1142  data: 0.0004  max mem: 5770
Epoch: [14]  [110/117]  eta: 0:00:00  lr: 0.000052  loss: 1.2744 (1.3347)  time: 0.1138  data: 0.0003  max mem: 5770
Epoch: [14]  [116/117]  eta: 0:00:00  lr: 0.000052  loss: 1.3408 (1.3463)  time: 0.1136  data: 0.0003  max mem: 5770
Epoch: [14] Total time: 0:00:13 (0.1185 s / it)
Averaged stats: lr: 0.000052  loss: 1.3408 (1.3463)
Test:  [ 0/14]  eta: 0:00:06  loss: 0.3401 (0.3401)  acc1: 96.4844 (96.4844)  acc5: 100.0000 (100.0000)  time: 0.4483  data: 0.4100  max mem: 5770
Test:  [10/14]  eta: 0:00:00  loss: 0.3401 (0.3266)  acc1: 96.7448 (96.8632)  acc5: 100.0000 (99.9882)  time: 0.0767  data: 0.0373  max mem: 5770
Test:  [13/14]  eta: 0:00:00  loss: 0.3128 (0.3141)  acc1: 96.8750 (97.1300)  acc5: 100.0000 (99.9900)  time: 0.0665  data: 0.0294  max mem: 5770
Test: Total time: 0:00:00 (0.0694 s / it)
* Acc@1 97.130 Acc@5 99.990 loss 0.314
Accuracy of the network on the 10000 test images: 97.1%
Max accuracy: 97.13%
Epoch: [15]  [  0/117]  eta: 0:01:00  lr: 0.000047  loss: 0.9874 (0.9874)  time: 0.5144  data: 0.3970  max mem: 5770
Epoch: [15]  [ 10/117]  eta: 0:00:16  lr: 0.000047  loss: 1.1584 (1.1859)  time: 0.1509  data: 0.0363  max mem: 5770
Epoch: [15]  [ 20/117]  eta: 0:00:12  lr: 0.000047  loss: 1.3781 (1.3527)  time: 0.1146  data: 0.0002  max mem: 5770
Epoch: [15]  [ 30/117]  eta: 0:00:11  lr: 0.000047  loss: 1.5453 (1.3773)  time: 0.1148  data: 0.0002  max mem: 5770
Epoch: [15]  [ 40/117]  eta: 0:00:09  lr: 0.000047  loss: 1.5841 (1.4338)  time: 0.1151  data: 0.0002  max mem: 5770
Epoch: [15]  [ 50/117]  eta: 0:00:08  lr: 0.000047  loss: 1.5841 (1.4305)  time: 0.1152  data: 0.0002  max mem: 5770
Epoch: [15]  [ 60/117]  eta: 0:00:06  lr: 0.000047  loss: 1.5150 (1.4265)  time: 0.1150  data: 0.0002  max mem: 5770
Epoch: [15]  [ 70/117]  eta: 0:00:05  lr: 0.000047  loss: 1.4470 (1.4208)  time: 0.1147  data: 0.0002  max mem: 5770
Epoch: [15]  [ 80/117]  eta: 0:00:04  lr: 0.000047  loss: 1.5847 (1.4408)  time: 0.1146  data: 0.0002  max mem: 5770
Epoch: [15]  [ 90/117]  eta: 0:00:03  lr: 0.000047  loss: 1.6425 (1.4298)  time: 0.1150  data: 0.0002  max mem: 5770
Epoch: [15]  [100/117]  eta: 0:00:02  lr: 0.000047  loss: 1.2188 (1.4162)  time: 0.1153  data: 0.0004  max mem: 5770
Epoch: [15]  [110/117]  eta: 0:00:00  lr: 0.000047  loss: 1.5098 (1.4258)  time: 0.1146  data: 0.0003  max mem: 5770
Epoch: [15]  [116/117]  eta: 0:00:00  lr: 0.000047  loss: 1.5098 (1.4216)  time: 0.1144  data: 0.0003  max mem: 5770
Epoch: [15] Total time: 0:00:13 (0.1187 s / it)
Averaged stats: lr: 0.000047  loss: 1.5098 (1.4216)
Test:  [ 0/14]  eta: 0:00:05  loss: 0.3574 (0.3574)  acc1: 96.2240 (96.2240)  acc5: 100.0000 (100.0000)  time: 0.3868  data: 0.3484  max mem: 5770
Test:  [10/14]  eta: 0:00:00  loss: 0.3574 (0.3399)  acc1: 96.8750 (96.9934)  acc5: 100.0000 (99.9645)  time: 0.0711  data: 0.0317  max mem: 5770
Test:  [13/14]  eta: 0:00:00  loss: 0.3197 (0.3274)  acc1: 97.1354 (97.1900)  acc5: 100.0000 (99.9600)  time: 0.0622  data: 0.0250  max mem: 5770
Test: Total time: 0:00:00 (0.0652 s / it)
* Acc@1 97.190 Acc@5 99.960 loss 0.327
Accuracy of the network on the 10000 test images: 97.2%
Max accuracy: 97.19%
Epoch: [16]  [  0/117]  eta: 0:01:02  lr: 0.000041  loss: 1.7762 (1.7762)  time: 0.5306  data: 0.4135  max mem: 5770
Epoch: [16]  [ 10/117]  eta: 0:00:16  lr: 0.000041  loss: 1.6354 (1.6132)  time: 0.1529  data: 0.0378  max mem: 5770
Epoch: [16]  [ 20/117]  eta: 0:00:13  lr: 0.000041  loss: 1.4797 (1.4642)  time: 0.1161  data: 0.0002  max mem: 5770
Epoch: [16]  [ 30/117]  eta: 0:00:11  lr: 0.000041  loss: 1.3018 (1.4444)  time: 0.1159  data: 0.0002  max mem: 5770
Epoch: [16]  [ 40/117]  eta: 0:00:09  lr: 0.000041  loss: 1.5815 (1.4766)  time: 0.1150  data: 0.0002  max mem: 5770
Epoch: [16]  [ 50/117]  eta: 0:00:08  lr: 0.000041  loss: 1.5815 (1.4520)  time: 0.1152  data: 0.0002  max mem: 5770
Epoch: [16]  [ 60/117]  eta: 0:00:06  lr: 0.000041  loss: 1.3309 (1.4289)  time: 0.1153  data: 0.0002  max mem: 5770
Epoch: [16]  [ 70/117]  eta: 0:00:05  lr: 0.000041  loss: 1.3453 (1.4242)  time: 0.1157  data: 0.0002  max mem: 5770
Epoch: [16]  [ 80/117]  eta: 0:00:04  lr: 0.000041  loss: 1.3959 (1.4151)  time: 0.1155  data: 0.0002  max mem: 5770
Epoch: [16]  [ 90/117]  eta: 0:00:03  lr: 0.000041  loss: 1.1877 (1.3909)  time: 0.1145  data: 0.0002  max mem: 5770
Epoch: [16]  [100/117]  eta: 0:00:02  lr: 0.000041  loss: 1.0700 (1.3823)  time: 0.1141  data: 0.0004  max mem: 5770
Epoch: [16]  [110/117]  eta: 0:00:00  lr: 0.000041  loss: 1.4636 (1.3767)  time: 0.1139  data: 0.0003  max mem: 5770
Epoch: [16]  [116/117]  eta: 0:00:00  lr: 0.000041  loss: 1.1588 (1.3751)  time: 0.1138  data: 0.0003  max mem: 5770
Epoch: [16] Total time: 0:00:13 (0.1189 s / it)
Averaged stats: lr: 0.000041  loss: 1.1588 (1.3751)
Test:  [ 0/14]  eta: 0:00:05  loss: 0.3239 (0.3239)  acc1: 95.8333 (95.8333)  acc5: 100.0000 (100.0000)  time: 0.3895  data: 0.3510  max mem: 5770
Test:  [10/14]  eta: 0:00:00  loss: 0.3239 (0.3119)  acc1: 97.0052 (96.8868)  acc5: 100.0000 (99.9645)  time: 0.0729  data: 0.0336  max mem: 5770
Test:  [13/14]  eta: 0:00:00  loss: 0.2947 (0.2982)  acc1: 97.2656 (97.1600)  acc5: 100.0000 (99.9700)  time: 0.0636  data: 0.0264  max mem: 5770
Test: Total time: 0:00:00 (0.0672 s / it)
* Acc@1 97.160 Acc@5 99.970 loss 0.298
Accuracy of the network on the 10000 test images: 97.2%
Max accuracy: 97.19%
Epoch: [17]  [  0/117]  eta: 0:01:01  lr: 0.000036  loss: 1.6825 (1.6825)  time: 0.5222  data: 0.4021  max mem: 5770
Epoch: [17]  [ 10/117]  eta: 0:00:16  lr: 0.000036  loss: 1.0958 (1.1427)  time: 0.1514  data: 0.0368  max mem: 5770
Epoch: [17]  [ 20/117]  eta: 0:00:12  lr: 0.000036  loss: 1.0295 (1.1915)  time: 0.1144  data: 0.0002  max mem: 5770
Epoch: [17]  [ 30/117]  eta: 0:00:11  lr: 0.000036  loss: 1.4045 (1.2966)  time: 0.1144  data: 0.0002  max mem: 5770
Epoch: [17]  [ 40/117]  eta: 0:00:09  lr: 0.000036  loss: 1.4045 (1.2773)  time: 0.1148  data: 0.0002  max mem: 5770
Epoch: [17]  [ 50/117]  eta: 0:00:08  lr: 0.000036  loss: 1.3185 (1.3010)  time: 0.1154  data: 0.0002  max mem: 5770
Epoch: [17]  [ 60/117]  eta: 0:00:06  lr: 0.000036  loss: 1.2317 (1.2885)  time: 0.1158  data: 0.0002  max mem: 5770
Epoch: [17]  [ 70/117]  eta: 0:00:05  lr: 0.000036  loss: 1.1460 (1.2712)  time: 0.1158  data: 0.0002  max mem: 5770
Epoch: [17]  [ 80/117]  eta: 0:00:04  lr: 0.000036  loss: 1.3166 (1.2976)  time: 0.1158  data: 0.0002  max mem: 5770
Epoch: [17]  [ 90/117]  eta: 0:00:03  lr: 0.000036  loss: 1.4085 (1.2936)  time: 0.1167  data: 0.0003  max mem: 5770
Epoch: [17]  [100/117]  eta: 0:00:02  lr: 0.000036  loss: 1.3799 (1.2950)  time: 0.1161  data: 0.0004  max mem: 5770
Epoch: [17]  [110/117]  eta: 0:00:00  lr: 0.000036  loss: 1.3716 (1.2908)  time: 0.1147  data: 0.0003  max mem: 5770
Epoch: [17]  [116/117]  eta: 0:00:00  lr: 0.000036  loss: 1.3716 (1.3011)  time: 0.1152  data: 0.0002  max mem: 5770
Epoch: [17] Total time: 0:00:13 (0.1192 s / it)
Averaged stats: lr: 0.000036  loss: 1.3716 (1.3011)
Test:  [ 0/14]  eta: 0:00:05  loss: 0.3232 (0.3232)  acc1: 96.4844 (96.4844)  acc5: 100.0000 (100.0000)  time: 0.3906  data: 0.3522  max mem: 5770
Test:  [10/14]  eta: 0:00:00  loss: 0.3232 (0.3102)  acc1: 97.1354 (97.2420)  acc5: 100.0000 (99.9527)  time: 0.0742  data: 0.0351  max mem: 5770
Test:  [13/14]  eta: 0:00:00  loss: 0.2985 (0.2975)  acc1: 97.5260 (97.4800)  acc5: 100.0000 (99.9500)  time: 0.0646  data: 0.0276  max mem: 5770
Test: Total time: 0:00:00 (0.0675 s / it)
* Acc@1 97.480 Acc@5 99.950 loss 0.298
Accuracy of the network on the 10000 test images: 97.5%
Max accuracy: 97.48%
Epoch: [18]  [  0/117]  eta: 0:01:01  lr: 0.000031  loss: 1.5813 (1.5813)  time: 0.5267  data: 0.4067  max mem: 5770
Epoch: [18]  [ 10/117]  eta: 0:00:16  lr: 0.000031  loss: 1.5423 (1.5418)  time: 0.1519  data: 0.0372  max mem: 5770
Epoch: [18]  [ 20/117]  eta: 0:00:13  lr: 0.000031  loss: 1.4512 (1.4440)  time: 0.1150  data: 0.0002  max mem: 5770
Epoch: [18]  [ 30/117]  eta: 0:00:11  lr: 0.000031  loss: 1.3602 (1.4293)  time: 0.1153  data: 0.0002  max mem: 5770
Epoch: [18]  [ 40/117]  eta: 0:00:09  lr: 0.000031  loss: 1.5517 (1.4256)  time: 0.1151  data: 0.0002  max mem: 5770
Epoch: [18]  [ 50/117]  eta: 0:00:08  lr: 0.000031  loss: 1.5517 (1.3793)  time: 0.1148  data: 0.0002  max mem: 5770
Epoch: [18]  [ 60/117]  eta: 0:00:06  lr: 0.000031  loss: 1.0590 (1.3708)  time: 0.1151  data: 0.0002  max mem: 5770
Epoch: [18]  [ 70/117]  eta: 0:00:05  lr: 0.000031  loss: 1.3253 (1.3820)  time: 0.1158  data: 0.0002  max mem: 5770
Epoch: [18]  [ 80/117]  eta: 0:00:04  lr: 0.000031  loss: 1.5194 (1.3944)  time: 0.1153  data: 0.0002  max mem: 5770
Epoch: [18]  [ 90/117]  eta: 0:00:03  lr: 0.000031  loss: 1.3252 (1.3748)  time: 0.1149  data: 0.0002  max mem: 5770
Epoch: [18]  [100/117]  eta: 0:00:02  lr: 0.000031  loss: 1.3252 (1.3654)  time: 0.1155  data: 0.0004  max mem: 5770
Epoch: [18]  [110/117]  eta: 0:00:00  lr: 0.000031  loss: 1.4422 (1.3659)  time: 0.1154  data: 0.0003  max mem: 5770
Epoch: [18]  [116/117]  eta: 0:00:00  lr: 0.000031  loss: 1.4018 (1.3688)  time: 0.1149  data: 0.0003  max mem: 5770
Epoch: [18] Total time: 0:00:13 (0.1190 s / it)
Averaged stats: lr: 0.000031  loss: 1.4018 (1.3688)
Test:  [ 0/14]  eta: 0:00:05  loss: 0.3227 (0.3227)  acc1: 97.2656 (97.2656)  acc5: 100.0000 (100.0000)  time: 0.3923  data: 0.3539  max mem: 5770
Test:  [10/14]  eta: 0:00:00  loss: 0.3227 (0.3107)  acc1: 97.3958 (97.4669)  acc5: 100.0000 (99.9645)  time: 0.0733  data: 0.0340  max mem: 5770
Test:  [13/14]  eta: 0:00:00  loss: 0.2918 (0.2987)  acc1: 97.3958 (97.6500)  acc5: 100.0000 (99.9700)  time: 0.0639  data: 0.0267  max mem: 5770
Test: Total time: 0:00:00 (0.0668 s / it)
* Acc@1 97.650 Acc@5 99.970 loss 0.299
Accuracy of the network on the 10000 test images: 97.7%
Max accuracy: 97.65%
Epoch: [19]  [  0/117]  eta: 0:01:01  lr: 0.000026  loss: 1.9004 (1.9004)  time: 0.5234  data: 0.4079  max mem: 5770
Epoch: [19]  [ 10/117]  eta: 0:00:16  lr: 0.000026  loss: 1.0209 (1.2125)  time: 0.1514  data: 0.0373  max mem: 5770
Epoch: [19]  [ 20/117]  eta: 0:00:12  lr: 0.000026  loss: 1.0730 (1.1985)  time: 0.1142  data: 0.0002  max mem: 5770
Epoch: [19]  [ 30/117]  eta: 0:00:11  lr: 0.000026  loss: 1.4010 (1.3328)  time: 0.1142  data: 0.0002  max mem: 5770
Epoch: [19]  [ 40/117]  eta: 0:00:09  lr: 0.000026  loss: 1.6062 (1.3487)  time: 0.1142  data: 0.0002  max mem: 5770
Epoch: [19]  [ 50/117]  eta: 0:00:08  lr: 0.000026  loss: 1.4573 (1.3729)  time: 0.1142  data: 0.0002  max mem: 5770
Epoch: [19]  [ 60/117]  eta: 0:00:06  lr: 0.000026  loss: 1.4279 (1.3620)  time: 0.1142  data: 0.0002  max mem: 5770
Epoch: [19]  [ 70/117]  eta: 0:00:05  lr: 0.000026  loss: 1.4614 (1.3694)  time: 0.1143  data: 0.0002  max mem: 5770
Epoch: [19]  [ 80/117]  eta: 0:00:04  lr: 0.000026  loss: 1.3594 (1.3482)  time: 0.1142  data: 0.0002  max mem: 5770
Epoch: [19]  [ 90/117]  eta: 0:00:03  lr: 0.000026  loss: 1.3202 (1.3435)  time: 0.1142  data: 0.0002  max mem: 5770
Epoch: [19]  [100/117]  eta: 0:00:02  lr: 0.000026  loss: 1.2015 (1.3237)  time: 0.1145  data: 0.0004  max mem: 5770
Epoch: [19]  [110/117]  eta: 0:00:00  lr: 0.000026  loss: 1.2940 (1.3353)  time: 0.1142  data: 0.0003  max mem: 5770
Epoch: [19]  [116/117]  eta: 0:00:00  lr: 0.000026  loss: 1.4225 (1.3328)  time: 0.1137  data: 0.0002  max mem: 5770
Epoch: [19] Total time: 0:00:13 (0.1181 s / it)
Averaged stats: lr: 0.000026  loss: 1.4225 (1.3328)
Test:  [ 0/14]  eta: 0:00:06  loss: 0.3018 (0.3018)  acc1: 97.7865 (97.7865)  acc5: 100.0000 (100.0000)  time: 0.4610  data: 0.4226  max mem: 5770
Test:  [10/14]  eta: 0:00:00  loss: 0.3018 (0.2946)  acc1: 97.3958 (97.6444)  acc5: 100.0000 (99.9645)  time: 0.0778  data: 0.0385  max mem: 5770
Test:  [13/14]  eta: 0:00:00  loss: 0.2802 (0.2841)  acc1: 97.7865 (97.8600)  acc5: 100.0000 (99.9700)  time: 0.0674  data: 0.0303  max mem: 5770
Test: Total time: 0:00:00 (0.0704 s / it)
* Acc@1 97.860 Acc@5 99.970 loss 0.284
Accuracy of the network on the 10000 test images: 97.9%
Max accuracy: 97.86%
Epoch: [20]  [  0/117]  eta: 0:01:01  lr: 0.000022  loss: 1.3813 (1.3813)  time: 0.5266  data: 0.4059  max mem: 5770
Epoch: [20]  [ 10/117]  eta: 0:00:16  lr: 0.000022  loss: 1.3794 (1.2884)  time: 0.1519  data: 0.0371  max mem: 5770
Epoch: [20]  [ 20/117]  eta: 0:00:13  lr: 0.000022  loss: 1.2240 (1.2587)  time: 0.1147  data: 0.0002  max mem: 5770
Epoch: [20]  [ 30/117]  eta: 0:00:11  lr: 0.000022  loss: 1.3653 (1.2758)  time: 0.1146  data: 0.0002  max mem: 5770
Epoch: [20]  [ 40/117]  eta: 0:00:09  lr: 0.000022  loss: 1.4856 (1.3398)  time: 0.1145  data: 0.0002  max mem: 5770
Epoch: [20]  [ 50/117]  eta: 0:00:08  lr: 0.000022  loss: 1.4856 (1.3405)  time: 0.1148  data: 0.0002  max mem: 5770
Epoch: [20]  [ 60/117]  eta: 0:00:06  lr: 0.000022  loss: 1.2686 (1.3104)  time: 0.1147  data: 0.0002  max mem: 5770
Epoch: [20]  [ 70/117]  eta: 0:00:05  lr: 0.000022  loss: 1.1113 (1.3175)  time: 0.1147  data: 0.0002  max mem: 5770
Epoch: [20]  [ 80/117]  eta: 0:00:04  lr: 0.000022  loss: 1.3321 (1.3223)  time: 0.1149  data: 0.0002  max mem: 5770
Epoch: [20]  [ 90/117]  eta: 0:00:03  lr: 0.000022  loss: 1.4925 (1.3536)  time: 0.1154  data: 0.0002  max mem: 5770
Epoch: [20]  [100/117]  eta: 0:00:02  lr: 0.000022  loss: 1.4320 (1.3427)  time: 0.1158  data: 0.0004  max mem: 5770
Epoch: [20]  [110/117]  eta: 0:00:00  lr: 0.000022  loss: 1.2571 (1.3363)  time: 0.1155  data: 0.0003  max mem: 5770
Epoch: [20]  [116/117]  eta: 0:00:00  lr: 0.000022  loss: 1.3029 (1.3413)  time: 0.1147  data: 0.0003  max mem: 5770
Epoch: [20] Total time: 0:00:13 (0.1188 s / it)
Averaged stats: lr: 0.000022  loss: 1.3029 (1.3413)
Test:  [ 0/14]  eta: 0:00:05  loss: 0.3225 (0.3225)  acc1: 97.1354 (97.1354)  acc5: 100.0000 (100.0000)  time: 0.4004  data: 0.3620  max mem: 5770
Test:  [10/14]  eta: 0:00:00  loss: 0.3225 (0.3106)  acc1: 97.2656 (97.3722)  acc5: 100.0000 (99.9408)  time: 0.0741  data: 0.0348  max mem: 5770
Test:  [13/14]  eta: 0:00:00  loss: 0.2938 (0.2987)  acc1: 97.3958 (97.6000)  acc5: 100.0000 (99.9500)  time: 0.0645  data: 0.0274  max mem: 5770
Test: Total time: 0:00:00 (0.0674 s / it)
* Acc@1 97.600 Acc@5 99.950 loss 0.299
Accuracy of the network on the 10000 test images: 97.6%
Max accuracy: 97.86%
Epoch: [21]  [  0/117]  eta: 0:00:55  lr: 0.000019  loss: 1.9169 (1.9169)  time: 0.4775  data: 0.3569  max mem: 5770
Epoch: [21]  [ 10/117]  eta: 0:00:15  lr: 0.000019  loss: 1.3546 (1.3269)  time: 0.1481  data: 0.0327  max mem: 5770
Epoch: [21]  [ 20/117]  eta: 0:00:12  lr: 0.000019  loss: 1.3546 (1.3055)  time: 0.1149  data: 0.0002  max mem: 5770
Epoch: [21]  [ 30/117]  eta: 0:00:11  lr: 0.000019  loss: 1.3622 (1.3134)  time: 0.1149  data: 0.0002  max mem: 5770
Epoch: [21]  [ 40/117]  eta: 0:00:09  lr: 0.000019  loss: 1.2224 (1.3145)  time: 0.1157  data: 0.0002  max mem: 5770
Epoch: [21]  [ 50/117]  eta: 0:00:08  lr: 0.000019  loss: 1.4382 (1.3614)  time: 0.1157  data: 0.0002  max mem: 5770
Epoch: [21]  [ 60/117]  eta: 0:00:06  lr: 0.000019  loss: 1.5538 (1.3603)  time: 0.1148  data: 0.0002  max mem: 5770
Epoch: [21]  [ 70/117]  eta: 0:00:05  lr: 0.000019  loss: 1.3972 (1.3587)  time: 0.1143  data: 0.0002  max mem: 5770
Epoch: [21]  [ 80/117]  eta: 0:00:04  lr: 0.000019  loss: 1.5256 (1.3935)  time: 0.1144  data: 0.0002  max mem: 5770
Epoch: [21]  [ 90/117]  eta: 0:00:03  lr: 0.000019  loss: 1.5743 (1.3957)  time: 0.1145  data: 0.0002  max mem: 5770
Epoch: [21]  [100/117]  eta: 0:00:02  lr: 0.000019  loss: 1.4527 (1.3905)  time: 0.1142  data: 0.0003  max mem: 5770
Epoch: [21]  [110/117]  eta: 0:00:00  lr: 0.000019  loss: 1.3265 (1.3851)  time: 0.1138  data: 0.0003  max mem: 5770
Epoch: [21]  [116/117]  eta: 0:00:00  lr: 0.000019  loss: 1.3265 (1.3904)  time: 0.1137  data: 0.0002  max mem: 5770
Epoch: [21] Total time: 0:00:13 (0.1181 s / it)
Averaged stats: lr: 0.000019  loss: 1.3265 (1.3904)
Test:  [ 0/14]  eta: 0:00:06  loss: 0.3293 (0.3293)  acc1: 97.6562 (97.6562)  acc5: 100.0000 (100.0000)  time: 0.4450  data: 0.4067  max mem: 5770
Test:  [10/14]  eta: 0:00:00  loss: 0.3293 (0.3182)  acc1: 97.2656 (97.4905)  acc5: 100.0000 (99.9645)  time: 0.0763  data: 0.0370  max mem: 5770
Test:  [13/14]  eta: 0:00:00  loss: 0.3035 (0.3061)  acc1: 97.3958 (97.7500)  acc5: 100.0000 (99.9700)  time: 0.0662  data: 0.0291  max mem: 5770
Test: Total time: 0:00:00 (0.0692 s / it)
* Acc@1 97.750 Acc@5 99.970 loss 0.306
Accuracy of the network on the 10000 test images: 97.8%
Max accuracy: 97.86%
Epoch: [22]  [  0/117]  eta: 0:00:53  lr: 0.000016  loss: 0.7983 (0.7983)  time: 0.4583  data: 0.3348  max mem: 5770
Epoch: [22]  [ 10/117]  eta: 0:00:15  lr: 0.000016  loss: 1.6136 (1.5408)  time: 0.1453  data: 0.0306  max mem: 5770
Epoch: [22]  [ 20/117]  eta: 0:00:12  lr: 0.000016  loss: 1.5608 (1.4551)  time: 0.1140  data: 0.0002  max mem: 5770
Epoch: [22]  [ 30/117]  eta: 0:00:10  lr: 0.000016  loss: 1.2036 (1.3638)  time: 0.1141  data: 0.0002  max mem: 5770
Epoch: [22]  [ 40/117]  eta: 0:00:09  lr: 0.000016  loss: 1.3027 (1.3549)  time: 0.1144  data: 0.0002  max mem: 5770
Epoch: [22]  [ 50/117]  eta: 0:00:08  lr: 0.000016  loss: 1.3429 (1.3255)  time: 0.1144  data: 0.0002  max mem: 5770
Epoch: [22]  [ 60/117]  eta: 0:00:06  lr: 0.000016  loss: 1.3429 (1.3445)  time: 0.1143  data: 0.0002  max mem: 5770
Epoch: [22]  [ 70/117]  eta: 0:00:05  lr: 0.000016  loss: 1.4239 (1.3215)  time: 0.1146  data: 0.0002  max mem: 5770
Epoch: [22]  [ 80/117]  eta: 0:00:04  lr: 0.000016  loss: 1.5019 (1.3437)  time: 0.1147  data: 0.0002  max mem: 5770
Epoch: [22]  [ 90/117]  eta: 0:00:03  lr: 0.000016  loss: 1.3671 (1.3167)  time: 0.1148  data: 0.0002  max mem: 5770
Epoch: [22]  [100/117]  eta: 0:00:02  lr: 0.000016  loss: 1.3755 (1.3422)  time: 0.1152  data: 0.0004  max mem: 5770
Epoch: [22]  [110/117]  eta: 0:00:00  lr: 0.000016  loss: 1.5712 (1.3596)  time: 0.1154  data: 0.0004  max mem: 5770
Epoch: [22]  [116/117]  eta: 0:00:00  lr: 0.000016  loss: 1.5640 (1.3590)  time: 0.1152  data: 0.0003  max mem: 5770
Epoch: [22] Total time: 0:00:13 (0.1179 s / it)
Averaged stats: lr: 0.000016  loss: 1.5640 (1.3590)
Test:  [ 0/14]  eta: 0:00:05  loss: 0.3339 (0.3339)  acc1: 97.5260 (97.5260)  acc5: 100.0000 (100.0000)  time: 0.4033  data: 0.3648  max mem: 5770
Test:  [10/14]  eta: 0:00:00  loss: 0.3339 (0.3220)  acc1: 97.2656 (97.3366)  acc5: 100.0000 (99.9763)  time: 0.0727  data: 0.0333  max mem: 5770
Test:  [13/14]  eta: 0:00:00  loss: 0.3021 (0.3092)  acc1: 97.3958 (97.5500)  acc5: 100.0000 (99.9800)  time: 0.0636  data: 0.0262  max mem: 5770
Test: Total time: 0:00:00 (0.0666 s / it)
* Acc@1 97.550 Acc@5 99.980 loss 0.309
Accuracy of the network on the 10000 test images: 97.6%
Max accuracy: 97.86%
Epoch: [23]  [  0/117]  eta: 0:01:04  lr: 0.000013  loss: 1.4801 (1.4801)  time: 0.5503  data: 0.4275  max mem: 5770
Epoch: [23]  [ 10/117]  eta: 0:00:16  lr: 0.000013  loss: 1.5978 (1.5182)  time: 0.1544  data: 0.0391  max mem: 5770
Epoch: [23]  [ 20/117]  eta: 0:00:13  lr: 0.000013  loss: 1.5094 (1.4341)  time: 0.1149  data: 0.0002  max mem: 5770
Epoch: [23]  [ 30/117]  eta: 0:00:11  lr: 0.000013  loss: 1.4869 (1.4370)  time: 0.1149  data: 0.0002  max mem: 5770
Epoch: [23]  [ 40/117]  eta: 0:00:09  lr: 0.000013  loss: 1.2705 (1.3699)  time: 0.1148  data: 0.0002  max mem: 5770
Epoch: [23]  [ 50/117]  eta: 0:00:08  lr: 0.000013  loss: 1.2390 (1.3525)  time: 0.1151  data: 0.0002  max mem: 5770
Epoch: [23]  [ 60/117]  eta: 0:00:06  lr: 0.000013  loss: 1.4366 (1.3490)  time: 0.1151  data: 0.0002  max mem: 5770
Epoch: [23]  [ 70/117]  eta: 0:00:05  lr: 0.000013  loss: 1.1172 (1.3005)  time: 0.1151  data: 0.0002  max mem: 5770
Epoch: [23]  [ 80/117]  eta: 0:00:04  lr: 0.000013  loss: 1.1218 (1.3138)  time: 0.1173  data: 0.0002  max mem: 5770
Epoch: [23]  [ 90/117]  eta: 0:00:03  lr: 0.000013  loss: 1.3466 (1.3096)  time: 0.1173  data: 0.0002  max mem: 5770
Epoch: [23]  [100/117]  eta: 0:00:02  lr: 0.000013  loss: 1.3140 (1.3153)  time: 0.1160  data: 0.0004  max mem: 5770
Epoch: [23]  [110/117]  eta: 0:00:00  lr: 0.000013  loss: 1.3554 (1.3163)  time: 0.1151  data: 0.0003  max mem: 5770
Epoch: [23]  [116/117]  eta: 0:00:00  lr: 0.000013  loss: 1.5095 (1.3342)  time: 0.1145  data: 0.0003  max mem: 5770
Epoch: [23] Total time: 0:00:13 (0.1195 s / it)
Averaged stats: lr: 0.000013  loss: 1.5095 (1.3342)
Test:  [ 0/14]  eta: 0:00:05  loss: 0.3156 (0.3156)  acc1: 97.9167 (97.9167)  acc5: 100.0000 (100.0000)  time: 0.3884  data: 0.3502  max mem: 5770
Test:  [10/14]  eta: 0:00:00  loss: 0.3156 (0.3059)  acc1: 97.3958 (97.5971)  acc5: 100.0000 (99.9763)  time: 0.0740  data: 0.0346  max mem: 5770
Test:  [13/14]  eta: 0:00:00  loss: 0.2886 (0.2945)  acc1: 97.6562 (97.8000)  acc5: 100.0000 (99.9800)  time: 0.0644  data: 0.0272  max mem: 5770
Test: Total time: 0:00:00 (0.0674 s / it)
* Acc@1 97.800 Acc@5 99.980 loss 0.295
Accuracy of the network on the 10000 test images: 97.8%
Max accuracy: 97.86%
Epoch: [24]  [  0/117]  eta: 0:00:54  lr: 0.000011  loss: 1.2025 (1.2025)  time: 0.4616  data: 0.3445  max mem: 5770
Epoch: [24]  [ 10/117]  eta: 0:00:15  lr: 0.000011  loss: 1.3410 (1.3235)  time: 0.1472  data: 0.0315  max mem: 5770
Epoch: [24]  [ 20/117]  eta: 0:00:12  lr: 0.000011  loss: 1.3739 (1.3744)  time: 0.1156  data: 0.0002  max mem: 5770
Epoch: [24]  [ 30/117]  eta: 0:00:10  lr: 0.000011  loss: 1.3010 (1.3017)  time: 0.1148  data: 0.0002  max mem: 5770
Epoch: [24]  [ 40/117]  eta: 0:00:09  lr: 0.000011  loss: 1.0068 (1.2562)  time: 0.1143  data: 0.0002  max mem: 5770
Epoch: [24]  [ 50/117]  eta: 0:00:08  lr: 0.000011  loss: 1.0068 (1.2419)  time: 0.1142  data: 0.0002  max mem: 5770
Epoch: [24]  [ 60/117]  eta: 0:00:06  lr: 0.000011  loss: 1.1418 (1.2474)  time: 0.1141  data: 0.0002  max mem: 5770
Epoch: [24]  [ 70/117]  eta: 0:00:05  lr: 0.000011  loss: 1.2275 (1.2480)  time: 0.1141  data: 0.0002  max mem: 5770
Epoch: [24]  [ 80/117]  eta: 0:00:04  lr: 0.000011  loss: 1.3196 (1.2626)  time: 0.1142  data: 0.0002  max mem: 5770
Epoch: [24]  [ 90/117]  eta: 0:00:03  lr: 0.000011  loss: 1.4717 (1.2695)  time: 0.1143  data: 0.0002  max mem: 5770
Epoch: [24]  [100/117]  eta: 0:00:02  lr: 0.000011  loss: 1.3413 (1.2813)  time: 0.1145  data: 0.0004  max mem: 5770
Epoch: [24]  [110/117]  eta: 0:00:00  lr: 0.000011  loss: 1.2520 (1.2846)  time: 0.1140  data: 0.0003  max mem: 5770
Epoch: [24]  [116/117]  eta: 0:00:00  lr: 0.000011  loss: 1.2309 (1.2843)  time: 0.1140  data: 0.0003  max mem: 5770
Epoch: [24] Total time: 0:00:13 (0.1178 s / it)
Averaged stats: lr: 0.000011  loss: 1.2309 (1.2843)
Test:  [ 0/14]  eta: 0:00:05  loss: 0.3128 (0.3128)  acc1: 97.9167 (97.9167)  acc5: 100.0000 (100.0000)  time: 0.4018  data: 0.3634  max mem: 5770
Test:  [10/14]  eta: 0:00:00  loss: 0.3128 (0.3018)  acc1: 97.9167 (97.7509)  acc5: 100.0000 (99.9527)  time: 0.0726  data: 0.0331  max mem: 5770
Test:  [13/14]  eta: 0:00:00  loss: 0.2851 (0.2900)  acc1: 97.9167 (97.9200)  acc5: 100.0000 (99.9600)  time: 0.0633  data: 0.0260  max mem: 5770
Test: Total time: 0:00:00 (0.0663 s / it)
* Acc@1 97.920 Acc@5 99.960 loss 0.290
Accuracy of the network on the 10000 test images: 97.9%
Max accuracy: 97.92%
Training time 0:06:33
