Not using distributed mode
Namespace(batch_size=512, epochs=25, bce_loss=False, unscale_lr=True, model='vit_ape_reg_rpe', input_size=28, drop=0.0, drop_path=0.1, model_ema=True, model_ema_decay=0.99996, model_ema_force_cpu=False, opt='adamw', opt_eps=1e-08, opt_betas=None, clip_grad=None, momentum=0.9, weight_decay=0.05, sched='cosine', lr=0.0001, lr_noise=None, lr_noise_pct=0.67, lr_noise_std=1.0, warmup_lr=1e-06, min_lr=1e-05, decay_epochs=30, warmup_epochs=5, cooldown_epochs=10, patience_epochs=10, decay_rate=0.1, color_jitter=0.3, aa='rand-m9-mstd0.5-inc1', smoothing=0.1, train_interpolation='bicubic', repeated_aug=True, train_mode=True, ThreeAugment=False, src=False, reprob=0.25, remode='pixel', recount=1, resplit=False, mixup=0.8, cutmix=1.0, cutmix_minmax=None, mixup_prob=1.0, mixup_switch_prob=0.5, mixup_mode='batch', teacher_model='regnety_160', teacher_path='', distillation_type='none', distillation_alpha=0.5, distillation_tau=1.0, cosub=False, finetune='', attn_only=False, data_path='data', data_set='MNIST', inat_category='name', output_dir='output/MNIST/vit_ape_reg_rpe', device='cuda', seed=0, resume='', start_epoch=0, eval=False, eval_crop_ratio=0.875, dist_eval=False, num_workers=10, pin_mem=True, distributed=False, world_size=1, dist_url='env://')
Creating model: vit_ape_reg_rpe
number of params: 21352402
Start training for 25 epochs
Epoch: [0]  [  0/117]  eta: 0:03:38  lr: 0.000001  loss: 2.3657 (2.3657)  time: 1.8712  data: 0.7785  max mem: 5517
Epoch: [0]  [ 10/117]  eta: 0:00:28  lr: 0.000001  loss: 2.3476 (2.3492)  time: 0.2660  data: 0.0710  max mem: 5764
Epoch: [0]  [ 20/117]  eta: 0:00:18  lr: 0.000001  loss: 2.3476 (2.3501)  time: 0.1022  data: 0.0003  max mem: 5764
Epoch: [0]  [ 30/117]  eta: 0:00:13  lr: 0.000001  loss: 2.3472 (2.3503)  time: 0.0988  data: 0.0002  max mem: 5764
Epoch: [0]  [ 40/117]  eta: 0:00:11  lr: 0.000001  loss: 2.3420 (2.3489)  time: 0.0987  data: 0.0002  max mem: 5764
Epoch: [0]  [ 50/117]  eta: 0:00:09  lr: 0.000001  loss: 2.3454 (2.3498)  time: 0.0989  data: 0.0002  max mem: 5764
Epoch: [0]  [ 60/117]  eta: 0:00:07  lr: 0.000001  loss: 2.3524 (2.3504)  time: 0.1008  data: 0.0002  max mem: 5764
Epoch: [0]  [ 70/117]  eta: 0:00:05  lr: 0.000001  loss: 2.3495 (2.3505)  time: 0.1002  data: 0.0002  max mem: 5764
Epoch: [0]  [ 80/117]  eta: 0:00:04  lr: 0.000001  loss: 2.3447 (2.3491)  time: 0.0977  data: 0.0002  max mem: 5764
Epoch: [0]  [ 90/117]  eta: 0:00:03  lr: 0.000001  loss: 2.3396 (2.3483)  time: 0.0977  data: 0.0002  max mem: 5764
Epoch: [0]  [100/117]  eta: 0:00:01  lr: 0.000001  loss: 2.3458 (2.3478)  time: 0.0980  data: 0.0004  max mem: 5764
Epoch: [0]  [110/117]  eta: 0:00:00  lr: 0.000001  loss: 2.3428 (2.3470)  time: 0.0979  data: 0.0003  max mem: 5764
Epoch: [0]  [116/117]  eta: 0:00:00  lr: 0.000001  loss: 2.3401 (2.3465)  time: 0.0977  data: 0.0002  max mem: 5764
Epoch: [0] Total time: 0:00:13 (0.1147 s / it)
Averaged stats: lr: 0.000001  loss: 2.3401 (2.3465)
Test:  [ 0/14]  eta: 0:00:09  loss: 2.3427 (2.3427)  acc1: 10.0260 (10.0260)  acc5: 49.8698 (49.8698)  time: 0.6537  data: 0.5739  max mem: 5764
Test:  [10/14]  eta: 0:00:00  loss: 2.3380 (2.3399)  acc1: 10.0260 (10.1563)  acc5: 51.1719 (51.0535)  time: 0.0927  data: 0.0522  max mem: 5764
Test:  [13/14]  eta: 0:00:00  loss: 2.3371 (2.3386)  acc1: 10.0260 (10.2800)  acc5: 51.1719 (51.2700)  time: 0.0791  data: 0.0411  max mem: 5764
Test: Total time: 0:00:01 (0.0832 s / it)
* Acc@1 10.280 Acc@5 51.270 loss 2.339
Accuracy of the network on the 10000 test images: 10.3%
Max accuracy: 10.28%
Epoch: [1]  [  0/117]  eta: 0:01:18  lr: 0.000001  loss: 2.3421 (2.3421)  time: 0.6740  data: 0.5590  max mem: 5764
Epoch: [1]  [ 10/117]  eta: 0:00:16  lr: 0.000001  loss: 2.3344 (2.3303)  time: 0.1505  data: 0.0510  max mem: 5764
Epoch: [1]  [ 20/117]  eta: 0:00:12  lr: 0.000001  loss: 2.3344 (2.3331)  time: 0.0980  data: 0.0002  max mem: 5764
Epoch: [1]  [ 30/117]  eta: 0:00:10  lr: 0.000001  loss: 2.3329 (2.3337)  time: 0.0978  data: 0.0003  max mem: 5764
Epoch: [1]  [ 40/117]  eta: 0:00:08  lr: 0.000001  loss: 2.3315 (2.3333)  time: 0.0983  data: 0.0003  max mem: 5764
Epoch: [1]  [ 50/117]  eta: 0:00:07  lr: 0.000001  loss: 2.3293 (2.3322)  time: 0.0984  data: 0.0003  max mem: 5764
Epoch: [1]  [ 60/117]  eta: 0:00:06  lr: 0.000001  loss: 2.3290 (2.3319)  time: 0.0982  data: 0.0003  max mem: 5764
Epoch: [1]  [ 70/117]  eta: 0:00:04  lr: 0.000001  loss: 2.3285 (2.3312)  time: 0.0983  data: 0.0003  max mem: 5764
Epoch: [1]  [ 80/117]  eta: 0:00:03  lr: 0.000001  loss: 2.3243 (2.3304)  time: 0.0982  data: 0.0003  max mem: 5764
Epoch: [1]  [ 90/117]  eta: 0:00:02  lr: 0.000001  loss: 2.3227 (2.3295)  time: 0.0989  data: 0.0003  max mem: 5764
Epoch: [1]  [100/117]  eta: 0:00:01  lr: 0.000001  loss: 2.3190 (2.3283)  time: 0.0998  data: 0.0004  max mem: 5764
Epoch: [1]  [110/117]  eta: 0:00:00  lr: 0.000001  loss: 2.3148 (2.3271)  time: 0.0991  data: 0.0003  max mem: 5764
Epoch: [1]  [116/117]  eta: 0:00:00  lr: 0.000001  loss: 2.3146 (2.3265)  time: 0.0983  data: 0.0002  max mem: 5764
Epoch: [1] Total time: 0:00:12 (0.1039 s / it)
Averaged stats: lr: 0.000001  loss: 2.3146 (2.3265)
Test:  [ 0/14]  eta: 0:00:07  loss: 2.3214 (2.3214)  acc1: 10.0260 (10.0260)  acc5: 49.8698 (49.8698)  time: 0.5662  data: 0.5289  max mem: 5764
Test:  [10/14]  eta: 0:00:00  loss: 2.3190 (2.3204)  acc1: 10.0260 (10.1563)  acc5: 51.1719 (51.0535)  time: 0.0828  data: 0.0482  max mem: 5764
Test:  [13/14]  eta: 0:00:00  loss: 2.3180 (2.3191)  acc1: 10.0260 (10.2800)  acc5: 51.1719 (51.2700)  time: 0.0708  data: 0.0379  max mem: 5764
Test: Total time: 0:00:01 (0.0753 s / it)
* Acc@1 10.280 Acc@5 51.270 loss 2.319
Accuracy of the network on the 10000 test images: 10.3%
Max accuracy: 10.28%
Epoch: [2]  [  0/117]  eta: 0:01:22  lr: 0.000021  loss: 2.3245 (2.3245)  time: 0.7016  data: 0.5986  max mem: 5764
Epoch: [2]  [ 10/117]  eta: 0:00:16  lr: 0.000021  loss: 2.3066 (2.3084)  time: 0.1531  data: 0.0546  max mem: 5764
Epoch: [2]  [ 20/117]  eta: 0:00:12  lr: 0.000021  loss: 2.3043 (2.3063)  time: 0.0987  data: 0.0002  max mem: 5764
Epoch: [2]  [ 30/117]  eta: 0:00:10  lr: 0.000021  loss: 2.3024 (2.3048)  time: 0.0994  data: 0.0003  max mem: 5764
Epoch: [2]  [ 40/117]  eta: 0:00:08  lr: 0.000021  loss: 2.3016 (2.3039)  time: 0.0999  data: 0.0003  max mem: 5764
Epoch: [2]  [ 50/117]  eta: 0:00:07  lr: 0.000021  loss: 2.2999 (2.3030)  time: 0.1000  data: 0.0003  max mem: 5764
Epoch: [2]  [ 60/117]  eta: 0:00:06  lr: 0.000021  loss: 2.2963 (2.3019)  time: 0.1001  data: 0.0003  max mem: 5764
Epoch: [2]  [ 70/117]  eta: 0:00:05  lr: 0.000021  loss: 2.2916 (2.2996)  time: 0.0997  data: 0.0003  max mem: 5764
Epoch: [2]  [ 80/117]  eta: 0:00:03  lr: 0.000021  loss: 2.2809 (2.2960)  time: 0.0994  data: 0.0003  max mem: 5764
Epoch: [2]  [ 90/117]  eta: 0:00:02  lr: 0.000021  loss: 2.2673 (2.2904)  time: 0.0997  data: 0.0003  max mem: 5764
Epoch: [2]  [100/117]  eta: 0:00:01  lr: 0.000021  loss: 2.2221 (2.2832)  time: 0.0993  data: 0.0004  max mem: 5764
Epoch: [2]  [110/117]  eta: 0:00:00  lr: 0.000021  loss: 2.2203 (2.2745)  time: 0.0986  data: 0.0003  max mem: 5764
Epoch: [2]  [116/117]  eta: 0:00:00  lr: 0.000021  loss: 2.2203 (2.2702)  time: 0.0987  data: 0.0003  max mem: 5764
Epoch: [2] Total time: 0:00:12 (0.1050 s / it)
Averaged stats: lr: 0.000021  loss: 2.2203 (2.2702)
Test:  [ 0/14]  eta: 0:00:07  loss: 2.0134 (2.0134)  acc1: 25.1302 (25.1302)  acc5: 76.4323 (76.4323)  time: 0.5714  data: 0.5375  max mem: 5764
Test:  [10/14]  eta: 0:00:00  loss: 2.0134 (2.0105)  acc1: 24.4792 (25.0118)  acc5: 79.0365 (79.2140)  time: 0.0852  data: 0.0510  max mem: 5764
Test:  [13/14]  eta: 0:00:00  loss: 2.0026 (2.0026)  acc1: 24.4792 (25.1300)  acc5: 79.1667 (79.5200)  time: 0.0725  data: 0.0401  max mem: 5764
Test: Total time: 0:00:01 (0.0764 s / it)
* Acc@1 25.130 Acc@5 79.520 loss 2.003
Accuracy of the network on the 10000 test images: 25.1%
Max accuracy: 25.13%
Epoch: [3]  [  0/117]  eta: 0:01:20  lr: 0.000041  loss: 2.1040 (2.1040)  time: 0.6886  data: 0.5862  max mem: 5764
Epoch: [3]  [ 10/117]  eta: 0:00:16  lr: 0.000041  loss: 2.1627 (2.1802)  time: 0.1523  data: 0.0535  max mem: 5764
Epoch: [3]  [ 20/117]  eta: 0:00:12  lr: 0.000041  loss: 2.1806 (2.1795)  time: 0.0984  data: 0.0002  max mem: 5764
Epoch: [3]  [ 30/117]  eta: 0:00:10  lr: 0.000041  loss: 2.1572 (2.1556)  time: 0.0979  data: 0.0002  max mem: 5764
Epoch: [3]  [ 40/117]  eta: 0:00:08  lr: 0.000041  loss: 2.1537 (2.1592)  time: 0.0978  data: 0.0003  max mem: 5764
Epoch: [3]  [ 50/117]  eta: 0:00:07  lr: 0.000041  loss: 2.1537 (2.1500)  time: 0.0979  data: 0.0003  max mem: 5764
Epoch: [3]  [ 60/117]  eta: 0:00:06  lr: 0.000041  loss: 2.0642 (2.1409)  time: 0.0978  data: 0.0003  max mem: 5764
Epoch: [3]  [ 70/117]  eta: 0:00:04  lr: 0.000041  loss: 2.0478 (2.1307)  time: 0.0980  data: 0.0003  max mem: 5764
Epoch: [3]  [ 80/117]  eta: 0:00:03  lr: 0.000041  loss: 2.0389 (2.1171)  time: 0.0980  data: 0.0003  max mem: 5764
Epoch: [3]  [ 90/117]  eta: 0:00:02  lr: 0.000041  loss: 2.0604 (2.1149)  time: 0.0979  data: 0.0003  max mem: 5764
Epoch: [3]  [100/117]  eta: 0:00:01  lr: 0.000041  loss: 2.0164 (2.0985)  time: 0.0981  data: 0.0004  max mem: 5764
Epoch: [3]  [110/117]  eta: 0:00:00  lr: 0.000041  loss: 1.9192 (2.0910)  time: 0.0979  data: 0.0003  max mem: 5764
Epoch: [3]  [116/117]  eta: 0:00:00  lr: 0.000041  loss: 1.9440 (2.0827)  time: 0.0977  data: 0.0003  max mem: 5764
Epoch: [3] Total time: 0:00:12 (0.1035 s / it)
Averaged stats: lr: 0.000041  loss: 1.9440 (2.0827)
Test:  [ 0/14]  eta: 0:00:07  loss: 1.5638 (1.5638)  acc1: 51.0417 (51.0417)  acc5: 91.5365 (91.5365)  time: 0.5515  data: 0.5177  max mem: 5764
Test:  [10/14]  eta: 0:00:00  loss: 1.5638 (1.5513)  acc1: 51.0417 (50.9588)  acc5: 93.0990 (93.2647)  time: 0.0827  data: 0.0485  max mem: 5764
Test:  [13/14]  eta: 0:00:00  loss: 1.5252 (1.5406)  acc1: 51.0417 (51.7600)  acc5: 93.4896 (93.4700)  time: 0.0706  data: 0.0381  max mem: 5764
Test: Total time: 0:00:01 (0.0744 s / it)
* Acc@1 51.760 Acc@5 93.470 loss 1.541
Accuracy of the network on the 10000 test images: 51.8%
Max accuracy: 51.76%
Epoch: [4]  [  0/117]  eta: 0:01:16  lr: 0.000060  loss: 2.0867 (2.0867)  time: 0.6511  data: 0.5453  max mem: 5764
Epoch: [4]  [ 10/117]  eta: 0:00:16  lr: 0.000060  loss: 1.9554 (1.9843)  time: 0.1520  data: 0.0498  max mem: 5764
Epoch: [4]  [ 20/117]  eta: 0:00:12  lr: 0.000060  loss: 2.0275 (2.0132)  time: 0.1001  data: 0.0003  max mem: 5764
Epoch: [4]  [ 30/117]  eta: 0:00:10  lr: 0.000060  loss: 1.9853 (1.9897)  time: 0.0982  data: 0.0003  max mem: 5764
Epoch: [4]  [ 40/117]  eta: 0:00:08  lr: 0.000060  loss: 2.0322 (2.0043)  time: 0.0983  data: 0.0003  max mem: 5764
Epoch: [4]  [ 50/117]  eta: 0:00:07  lr: 0.000060  loss: 2.0322 (1.9774)  time: 0.0985  data: 0.0003  max mem: 5764
Epoch: [4]  [ 60/117]  eta: 0:00:06  lr: 0.000060  loss: 1.8016 (1.9608)  time: 0.0993  data: 0.0003  max mem: 5764
Epoch: [4]  [ 70/117]  eta: 0:00:05  lr: 0.000060  loss: 1.9021 (1.9543)  time: 0.0996  data: 0.0003  max mem: 5764
Epoch: [4]  [ 80/117]  eta: 0:00:03  lr: 0.000060  loss: 1.9061 (1.9462)  time: 0.0988  data: 0.0003  max mem: 5764
Epoch: [4]  [ 90/117]  eta: 0:00:02  lr: 0.000060  loss: 1.7701 (1.9277)  time: 0.0989  data: 0.0003  max mem: 5764
Epoch: [4]  [100/117]  eta: 0:00:01  lr: 0.000060  loss: 1.8317 (1.9321)  time: 0.1007  data: 0.0005  max mem: 5764
Epoch: [4]  [110/117]  eta: 0:00:00  lr: 0.000060  loss: 1.9667 (1.9302)  time: 0.1003  data: 0.0004  max mem: 5764
Epoch: [4]  [116/117]  eta: 0:00:00  lr: 0.000060  loss: 1.9696 (1.9317)  time: 0.0989  data: 0.0003  max mem: 5764
Epoch: [4] Total time: 0:00:12 (0.1046 s / it)
Averaged stats: lr: 0.000060  loss: 1.9696 (1.9317)
Test:  [ 0/14]  eta: 0:00:08  loss: 1.4144 (1.4144)  acc1: 61.0677 (61.0677)  acc5: 94.1406 (94.1406)  time: 0.6206  data: 0.5867  max mem: 5764
Test:  [10/14]  eta: 0:00:00  loss: 1.4012 (1.3768)  acc1: 61.0677 (60.7836)  acc5: 96.2240 (95.9280)  time: 0.0877  data: 0.0534  max mem: 5764
Test:  [13/14]  eta: 0:00:00  loss: 1.3340 (1.3572)  acc1: 61.0677 (61.5500)  acc5: 96.3542 (96.1500)  time: 0.0745  data: 0.0420  max mem: 5764
Test: Total time: 0:00:01 (0.0786 s / it)
* Acc@1 61.550 Acc@5 96.150 loss 1.357
Accuracy of the network on the 10000 test images: 61.6%
Max accuracy: 61.55%
Epoch: [5]  [  0/117]  eta: 0:01:21  lr: 0.000080  loss: 1.6167 (1.6167)  time: 0.6988  data: 0.5957  max mem: 5764
Epoch: [5]  [ 10/117]  eta: 0:00:16  lr: 0.000080  loss: 1.9982 (1.9066)  time: 0.1531  data: 0.0544  max mem: 5764
Epoch: [5]  [ 20/117]  eta: 0:00:12  lr: 0.000080  loss: 1.8377 (1.8683)  time: 0.0985  data: 0.0003  max mem: 5764
Epoch: [5]  [ 30/117]  eta: 0:00:10  lr: 0.000080  loss: 1.8931 (1.8781)  time: 0.0987  data: 0.0003  max mem: 5764
Epoch: [5]  [ 40/117]  eta: 0:00:08  lr: 0.000080  loss: 1.8931 (1.8799)  time: 0.0992  data: 0.0003  max mem: 5764
Epoch: [5]  [ 50/117]  eta: 0:00:07  lr: 0.000080  loss: 1.8698 (1.8940)  time: 0.0991  data: 0.0003  max mem: 5764
Epoch: [5]  [ 60/117]  eta: 0:00:06  lr: 0.000080  loss: 1.9995 (1.8974)  time: 0.0989  data: 0.0003  max mem: 5764
Epoch: [5]  [ 70/117]  eta: 0:00:05  lr: 0.000080  loss: 1.7607 (1.8776)  time: 0.0989  data: 0.0003  max mem: 5764
Epoch: [5]  [ 80/117]  eta: 0:00:03  lr: 0.000080  loss: 1.8683 (1.8806)  time: 0.0991  data: 0.0003  max mem: 5764
Epoch: [5]  [ 90/117]  eta: 0:00:02  lr: 0.000080  loss: 1.9459 (1.8719)  time: 0.0993  data: 0.0003  max mem: 5764
Epoch: [5]  [100/117]  eta: 0:00:01  lr: 0.000080  loss: 1.7970 (1.8565)  time: 0.0992  data: 0.0004  max mem: 5764
Epoch: [5]  [110/117]  eta: 0:00:00  lr: 0.000080  loss: 1.8134 (1.8595)  time: 0.0991  data: 0.0003  max mem: 5764
Epoch: [5]  [116/117]  eta: 0:00:00  lr: 0.000080  loss: 1.8720 (1.8517)  time: 0.0988  data: 0.0003  max mem: 5764
Epoch: [5] Total time: 0:00:12 (0.1046 s / it)
Averaged stats: lr: 0.000080  loss: 1.8720 (1.8517)
Test:  [ 0/14]  eta: 0:00:08  loss: 1.2187 (1.2187)  acc1: 65.7552 (65.7552)  acc5: 96.3542 (96.3542)  time: 0.6262  data: 0.5926  max mem: 5764
Test:  [10/14]  eta: 0:00:00  loss: 1.2183 (1.1876)  acc1: 66.4062 (66.4418)  acc5: 96.8750 (96.9224)  time: 0.0882  data: 0.0539  max mem: 5764
Test:  [13/14]  eta: 0:00:00  loss: 1.1421 (1.1584)  acc1: 68.0990 (67.1700)  acc5: 97.1354 (97.1600)  time: 0.0749  data: 0.0424  max mem: 5764
Test: Total time: 0:00:01 (0.0790 s / it)
* Acc@1 67.170 Acc@5 97.160 loss 1.158
Accuracy of the network on the 10000 test images: 67.2%
Max accuracy: 67.17%
Epoch: [6]  [  0/117]  eta: 0:01:20  lr: 0.000091  loss: 2.2654 (2.2654)  time: 0.6878  data: 0.5808  max mem: 5764
Epoch: [6]  [ 10/117]  eta: 0:00:16  lr: 0.000091  loss: 1.8224 (1.8739)  time: 0.1540  data: 0.0530  max mem: 5764
Epoch: [6]  [ 20/117]  eta: 0:00:12  lr: 0.000091  loss: 1.8224 (1.8893)  time: 0.0994  data: 0.0002  max mem: 5764
Epoch: [6]  [ 30/117]  eta: 0:00:10  lr: 0.000091  loss: 1.8335 (1.8543)  time: 0.0981  data: 0.0002  max mem: 5764
Epoch: [6]  [ 40/117]  eta: 0:00:08  lr: 0.000091  loss: 1.8335 (1.8639)  time: 0.0981  data: 0.0002  max mem: 5764
Epoch: [6]  [ 50/117]  eta: 0:00:07  lr: 0.000091  loss: 1.8463 (1.8492)  time: 0.0979  data: 0.0002  max mem: 5764
Epoch: [6]  [ 60/117]  eta: 0:00:06  lr: 0.000091  loss: 1.8268 (1.8339)  time: 0.0978  data: 0.0002  max mem: 5764
Epoch: [6]  [ 70/117]  eta: 0:00:05  lr: 0.000091  loss: 1.8522 (1.8402)  time: 0.0980  data: 0.0002  max mem: 5764
Epoch: [6]  [ 80/117]  eta: 0:00:03  lr: 0.000091  loss: 1.9555 (1.8481)  time: 0.0982  data: 0.0002  max mem: 5764
Epoch: [6]  [ 90/117]  eta: 0:00:02  lr: 0.000091  loss: 1.9691 (1.8559)  time: 0.0984  data: 0.0002  max mem: 5764
Epoch: [6]  [100/117]  eta: 0:00:01  lr: 0.000091  loss: 1.8568 (1.8631)  time: 0.0986  data: 0.0004  max mem: 5764
Epoch: [6]  [110/117]  eta: 0:00:00  lr: 0.000091  loss: 1.7858 (1.8569)  time: 0.0985  data: 0.0003  max mem: 5764
Epoch: [6]  [116/117]  eta: 0:00:00  lr: 0.000091  loss: 1.7858 (1.8541)  time: 0.0984  data: 0.0003  max mem: 5764
Epoch: [6] Total time: 0:00:12 (0.1040 s / it)
Averaged stats: lr: 0.000091  loss: 1.7858 (1.8541)
Test:  [ 0/14]  eta: 0:00:07  loss: 1.1556 (1.1556)  acc1: 67.3177 (67.3177)  acc5: 97.6562 (97.6562)  time: 0.5642  data: 0.5304  max mem: 5764
Test:  [10/14]  eta: 0:00:00  loss: 1.1556 (1.1167)  acc1: 67.3177 (68.5014)  acc5: 97.7865 (97.4550)  time: 0.0827  data: 0.0483  max mem: 5764
Test:  [13/14]  eta: 0:00:00  loss: 1.0640 (1.0909)  acc1: 70.5729 (69.0200)  acc5: 97.9167 (97.5700)  time: 0.0707  data: 0.0380  max mem: 5764
Test: Total time: 0:00:01 (0.0747 s / it)
* Acc@1 69.020 Acc@5 97.570 loss 1.091
Accuracy of the network on the 10000 test images: 69.0%
Max accuracy: 69.02%
Epoch: [7]  [  0/117]  eta: 0:01:20  lr: 0.000088  loss: 1.7651 (1.7651)  time: 0.6922  data: 0.5890  max mem: 5764
Epoch: [7]  [ 10/117]  eta: 0:00:16  lr: 0.000088  loss: 1.8070 (1.8676)  time: 0.1530  data: 0.0538  max mem: 5764
Epoch: [7]  [ 20/117]  eta: 0:00:12  lr: 0.000088  loss: 1.7590 (1.7523)  time: 0.0989  data: 0.0003  max mem: 5764
Epoch: [7]  [ 30/117]  eta: 0:00:10  lr: 0.000088  loss: 1.7099 (1.8040)  time: 0.0987  data: 0.0002  max mem: 5764
Epoch: [7]  [ 40/117]  eta: 0:00:08  lr: 0.000088  loss: 1.5773 (1.7662)  time: 0.0985  data: 0.0002  max mem: 5764
Epoch: [7]  [ 50/117]  eta: 0:00:07  lr: 0.000088  loss: 1.5686 (1.7666)  time: 0.0998  data: 0.0003  max mem: 5764
Epoch: [7]  [ 60/117]  eta: 0:00:06  lr: 0.000088  loss: 1.6587 (1.7444)  time: 0.1009  data: 0.0003  max mem: 5764
Epoch: [7]  [ 70/117]  eta: 0:00:05  lr: 0.000088  loss: 1.6067 (1.7364)  time: 0.1007  data: 0.0003  max mem: 5764
Epoch: [7]  [ 80/117]  eta: 0:00:03  lr: 0.000088  loss: 1.6479 (1.7374)  time: 0.1007  data: 0.0003  max mem: 5764
Epoch: [7]  [ 90/117]  eta: 0:00:02  lr: 0.000088  loss: 1.9415 (1.7537)  time: 0.1000  data: 0.0003  max mem: 5764
Epoch: [7]  [100/117]  eta: 0:00:01  lr: 0.000088  loss: 1.9545 (1.7642)  time: 0.0990  data: 0.0004  max mem: 5764
Epoch: [7]  [110/117]  eta: 0:00:00  lr: 0.000088  loss: 1.8270 (1.7522)  time: 0.1008  data: 0.0003  max mem: 5764
Epoch: [7]  [116/117]  eta: 0:00:00  lr: 0.000088  loss: 1.7130 (1.7509)  time: 0.1005  data: 0.0003  max mem: 5764
Epoch: [7] Total time: 0:00:12 (0.1054 s / it)
Averaged stats: lr: 0.000088  loss: 1.7130 (1.7509)
Test:  [ 0/14]  eta: 0:00:08  loss: 0.9922 (0.9922)  acc1: 72.6562 (72.6562)  acc5: 97.7865 (97.7865)  time: 0.6390  data: 0.6053  max mem: 5764
Test:  [10/14]  eta: 0:00:00  loss: 0.9922 (0.9528)  acc1: 72.6562 (74.0649)  acc5: 98.1771 (97.9877)  time: 0.0894  data: 0.0551  max mem: 5764
Test:  [13/14]  eta: 0:00:00  loss: 0.8869 (0.9155)  acc1: 75.2604 (74.9000)  acc5: 98.3073 (98.1700)  time: 0.0759  data: 0.0433  max mem: 5764
Test: Total time: 0:00:01 (0.0798 s / it)
* Acc@1 74.900 Acc@5 98.170 loss 0.915
Accuracy of the network on the 10000 test images: 74.9%
Max accuracy: 74.90%
Epoch: [8]  [  0/117]  eta: 0:01:20  lr: 0.000084  loss: 2.1628 (2.1628)  time: 0.6899  data: 0.5891  max mem: 5764
Epoch: [8]  [ 10/117]  eta: 0:00:16  lr: 0.000084  loss: 1.6283 (1.6972)  time: 0.1527  data: 0.0538  max mem: 5764
Epoch: [8]  [ 20/117]  eta: 0:00:12  lr: 0.000084  loss: 1.5233 (1.6551)  time: 0.0989  data: 0.0002  max mem: 5764
Epoch: [8]  [ 30/117]  eta: 0:00:10  lr: 0.000084  loss: 1.6177 (1.6881)  time: 0.0990  data: 0.0002  max mem: 5764
Epoch: [8]  [ 40/117]  eta: 0:00:08  lr: 0.000084  loss: 1.8875 (1.7023)  time: 0.0990  data: 0.0002  max mem: 5764
Epoch: [8]  [ 50/117]  eta: 0:00:07  lr: 0.000084  loss: 1.8875 (1.7155)  time: 0.0990  data: 0.0002  max mem: 5764
Epoch: [8]  [ 60/117]  eta: 0:00:06  lr: 0.000084  loss: 1.8023 (1.7329)  time: 0.0989  data: 0.0002  max mem: 5764
Epoch: [8]  [ 70/117]  eta: 0:00:05  lr: 0.000084  loss: 1.8150 (1.7418)  time: 0.0982  data: 0.0002  max mem: 5764
Epoch: [8]  [ 80/117]  eta: 0:00:03  lr: 0.000084  loss: 1.8150 (1.7412)  time: 0.0982  data: 0.0002  max mem: 5764
Epoch: [8]  [ 90/117]  eta: 0:00:02  lr: 0.000084  loss: 1.8799 (1.7470)  time: 0.0982  data: 0.0002  max mem: 5764
Epoch: [8]  [100/117]  eta: 0:00:01  lr: 0.000084  loss: 1.8710 (1.7535)  time: 0.0983  data: 0.0004  max mem: 5764
Epoch: [8]  [110/117]  eta: 0:00:00  lr: 0.000084  loss: 1.7900 (1.7608)  time: 0.0981  data: 0.0003  max mem: 5764
Epoch: [8]  [116/117]  eta: 0:00:00  lr: 0.000084  loss: 1.7984 (1.7655)  time: 0.0980  data: 0.0003  max mem: 5764
Epoch: [8] Total time: 0:00:12 (0.1041 s / it)
Averaged stats: lr: 0.000084  loss: 1.7984 (1.7655)
Test:  [ 0/14]  eta: 0:00:08  loss: 0.9964 (0.9964)  acc1: 76.5625 (76.5625)  acc5: 98.6979 (98.6979)  time: 0.6350  data: 0.6014  max mem: 5764
Test:  [10/14]  eta: 0:00:00  loss: 0.9964 (0.9614)  acc1: 76.5625 (77.8054)  acc5: 98.5677 (98.3546)  time: 0.0890  data: 0.0547  max mem: 5764
Test:  [13/14]  eta: 0:00:00  loss: 0.8984 (0.9314)  acc1: 78.6458 (78.5900)  acc5: 98.6979 (98.5300)  time: 0.0755  data: 0.0430  max mem: 5764
Test: Total time: 0:00:01 (0.0795 s / it)
* Acc@1 78.590 Acc@5 98.530 loss 0.931
Accuracy of the network on the 10000 test images: 78.6%
Max accuracy: 78.59%
Epoch: [9]  [  0/117]  eta: 0:01:19  lr: 0.000079  loss: 1.7671 (1.7671)  time: 0.6757  data: 0.5735  max mem: 5764
Epoch: [9]  [ 10/117]  eta: 0:00:16  lr: 0.000079  loss: 1.6322 (1.6412)  time: 0.1505  data: 0.0523  max mem: 5764
Epoch: [9]  [ 20/117]  eta: 0:00:12  lr: 0.000079  loss: 1.6060 (1.6356)  time: 0.0980  data: 0.0002  max mem: 5764
Epoch: [9]  [ 30/117]  eta: 0:00:10  lr: 0.000079  loss: 1.6893 (1.6709)  time: 0.0980  data: 0.0002  max mem: 5764
Epoch: [9]  [ 40/117]  eta: 0:00:08  lr: 0.000079  loss: 1.7070 (1.6628)  time: 0.0987  data: 0.0002  max mem: 5764
Epoch: [9]  [ 50/117]  eta: 0:00:07  lr: 0.000079  loss: 1.7080 (1.6802)  time: 0.1001  data: 0.0002  max mem: 5764
Epoch: [9]  [ 60/117]  eta: 0:00:06  lr: 0.000079  loss: 1.8416 (1.7183)  time: 0.1014  data: 0.0002  max mem: 5764
Epoch: [9]  [ 70/117]  eta: 0:00:05  lr: 0.000079  loss: 1.8353 (1.7040)  time: 0.1013  data: 0.0003  max mem: 5764
Epoch: [9]  [ 80/117]  eta: 0:00:03  lr: 0.000079  loss: 1.6652 (1.7094)  time: 0.1010  data: 0.0003  max mem: 5764
Epoch: [9]  [ 90/117]  eta: 0:00:02  lr: 0.000079  loss: 1.7958 (1.7176)  time: 0.1001  data: 0.0003  max mem: 5764
Epoch: [9]  [100/117]  eta: 0:00:01  lr: 0.000079  loss: 1.8241 (1.7245)  time: 0.0994  data: 0.0004  max mem: 5764
Epoch: [9]  [110/117]  eta: 0:00:00  lr: 0.000079  loss: 1.7488 (1.7128)  time: 0.0996  data: 0.0003  max mem: 5764
Epoch: [9]  [116/117]  eta: 0:00:00  lr: 0.000079  loss: 1.8073 (1.7154)  time: 0.0997  data: 0.0003  max mem: 5764
Epoch: [9] Total time: 0:00:12 (0.1051 s / it)
Averaged stats: lr: 0.000079  loss: 1.8073 (1.7154)
Test:  [ 0/14]  eta: 0:00:08  loss: 0.8446 (0.8446)  acc1: 80.3385 (80.3385)  acc5: 98.9583 (98.9583)  time: 0.5742  data: 0.5402  max mem: 5764
Test:  [10/14]  eta: 0:00:00  loss: 0.8446 (0.8208)  acc1: 80.3385 (79.5099)  acc5: 98.4375 (98.6151)  time: 0.0849  data: 0.0506  max mem: 5764
Test:  [13/14]  eta: 0:00:00  loss: 0.7516 (0.7887)  acc1: 81.2500 (80.2300)  acc5: 98.9583 (98.7400)  time: 0.0723  data: 0.0398  max mem: 5764
Test: Total time: 0:00:01 (0.0763 s / it)
* Acc@1 80.230 Acc@5 98.740 loss 0.789
Accuracy of the network on the 10000 test images: 80.2%
Max accuracy: 80.23%
Epoch: [10]  [  0/117]  eta: 0:01:19  lr: 0.000074  loss: 2.0900 (2.0900)  time: 0.6777  data: 0.5719  max mem: 5764
Epoch: [10]  [ 10/117]  eta: 0:00:16  lr: 0.000074  loss: 1.7580 (1.7177)  time: 0.1512  data: 0.0522  max mem: 5764
Epoch: [10]  [ 20/117]  eta: 0:00:12  lr: 0.000074  loss: 1.7821 (1.7587)  time: 0.0988  data: 0.0002  max mem: 5764
Epoch: [10]  [ 30/117]  eta: 0:00:10  lr: 0.000074  loss: 1.7821 (1.7252)  time: 0.0991  data: 0.0002  max mem: 5764
Epoch: [10]  [ 40/117]  eta: 0:00:08  lr: 0.000074  loss: 1.3887 (1.6653)  time: 0.0991  data: 0.0003  max mem: 5764
Epoch: [10]  [ 50/117]  eta: 0:00:07  lr: 0.000074  loss: 1.3421 (1.6311)  time: 0.0990  data: 0.0003  max mem: 5764
Epoch: [10]  [ 60/117]  eta: 0:00:06  lr: 0.000074  loss: 1.7158 (1.6675)  time: 0.0990  data: 0.0003  max mem: 5764
Epoch: [10]  [ 70/117]  eta: 0:00:05  lr: 0.000074  loss: 1.8249 (1.6682)  time: 0.0994  data: 0.0003  max mem: 5764
Epoch: [10]  [ 80/117]  eta: 0:00:03  lr: 0.000074  loss: 1.6003 (1.6631)  time: 0.1000  data: 0.0003  max mem: 5764
Epoch: [10]  [ 90/117]  eta: 0:00:02  lr: 0.000074  loss: 1.6774 (1.6620)  time: 0.1000  data: 0.0003  max mem: 5764
Epoch: [10]  [100/117]  eta: 0:00:01  lr: 0.000074  loss: 1.6774 (1.6531)  time: 0.1003  data: 0.0004  max mem: 5764
Epoch: [10]  [110/117]  eta: 0:00:00  lr: 0.000074  loss: 1.7353 (1.6643)  time: 0.0997  data: 0.0004  max mem: 5764
Epoch: [10]  [116/117]  eta: 0:00:00  lr: 0.000074  loss: 1.8273 (1.6733)  time: 0.0988  data: 0.0003  max mem: 5764
Epoch: [10] Total time: 0:00:12 (0.1048 s / it)
Averaged stats: lr: 0.000074  loss: 1.8273 (1.6733)
Test:  [ 0/14]  eta: 0:00:08  loss: 0.8528 (0.8528)  acc1: 81.6406 (81.6406)  acc5: 98.9583 (98.9583)  time: 0.6208  data: 0.5871  max mem: 5764
Test:  [10/14]  eta: 0:00:00  loss: 0.8528 (0.8156)  acc1: 82.2917 (82.9545)  acc5: 98.6979 (98.8045)  time: 0.0877  data: 0.0534  max mem: 5764
Test:  [13/14]  eta: 0:00:00  loss: 0.7569 (0.7864)  acc1: 83.7240 (83.7100)  acc5: 98.8281 (98.9200)  time: 0.0745  data: 0.0420  max mem: 5764
Test: Total time: 0:00:01 (0.0785 s / it)
* Acc@1 83.710 Acc@5 98.920 loss 0.786
Accuracy of the network on the 10000 test images: 83.7%
Max accuracy: 83.71%
Epoch: [11]  [  0/117]  eta: 0:01:14  lr: 0.000069  loss: 1.2873 (1.2873)  time: 0.6379  data: 0.5315  max mem: 5764
Epoch: [11]  [ 10/117]  eta: 0:00:15  lr: 0.000069  loss: 1.6843 (1.6036)  time: 0.1476  data: 0.0485  max mem: 5764
Epoch: [11]  [ 20/117]  eta: 0:00:12  lr: 0.000069  loss: 1.6707 (1.5786)  time: 0.0985  data: 0.0002  max mem: 5764
Epoch: [11]  [ 30/117]  eta: 0:00:10  lr: 0.000069  loss: 1.5649 (1.5472)  time: 0.1004  data: 0.0002  max mem: 5764
Epoch: [11]  [ 40/117]  eta: 0:00:08  lr: 0.000069  loss: 1.4895 (1.5460)  time: 0.1003  data: 0.0002  max mem: 5764
Epoch: [11]  [ 50/117]  eta: 0:00:07  lr: 0.000069  loss: 1.5674 (1.5555)  time: 0.0981  data: 0.0002  max mem: 5764
Epoch: [11]  [ 60/117]  eta: 0:00:06  lr: 0.000069  loss: 1.6185 (1.5720)  time: 0.0982  data: 0.0003  max mem: 5764
Epoch: [11]  [ 70/117]  eta: 0:00:05  lr: 0.000069  loss: 1.6137 (1.5816)  time: 0.0982  data: 0.0002  max mem: 5764
Epoch: [11]  [ 80/117]  eta: 0:00:03  lr: 0.000069  loss: 1.7263 (1.6111)  time: 0.0982  data: 0.0002  max mem: 5764
Epoch: [11]  [ 90/117]  eta: 0:00:02  lr: 0.000069  loss: 1.8468 (1.6340)  time: 0.0982  data: 0.0002  max mem: 5764
Epoch: [11]  [100/117]  eta: 0:00:01  lr: 0.000069  loss: 1.7284 (1.6346)  time: 0.0983  data: 0.0004  max mem: 5764
Epoch: [11]  [110/117]  eta: 0:00:00  lr: 0.000069  loss: 1.6874 (1.6328)  time: 0.0990  data: 0.0003  max mem: 5764
Epoch: [11]  [116/117]  eta: 0:00:00  lr: 0.000069  loss: 1.5776 (1.6341)  time: 0.0987  data: 0.0003  max mem: 5764
Epoch: [11] Total time: 0:00:12 (0.1038 s / it)
Averaged stats: lr: 0.000069  loss: 1.5776 (1.6341)
Test:  [ 0/14]  eta: 0:00:07  loss: 0.6868 (0.6868)  acc1: 86.5885 (86.5885)  acc5: 99.4792 (99.4792)  time: 0.5633  data: 0.5294  max mem: 5764
Test:  [10/14]  eta: 0:00:00  loss: 0.6868 (0.6601)  acc1: 86.5885 (86.7424)  acc5: 99.0885 (99.1714)  time: 0.0852  data: 0.0508  max mem: 5764
Test:  [13/14]  eta: 0:00:00  loss: 0.6023 (0.6321)  acc1: 86.9792 (87.4400)  acc5: 99.2188 (99.2600)  time: 0.0724  data: 0.0399  max mem: 5764
Test: Total time: 0:00:01 (0.0764 s / it)
* Acc@1 87.440 Acc@5 99.260 loss 0.632
Accuracy of the network on the 10000 test images: 87.4%
Max accuracy: 87.44%
Epoch: [12]  [  0/117]  eta: 0:01:20  lr: 0.000063  loss: 1.3534 (1.3534)  time: 0.6892  data: 0.5846  max mem: 5764
Epoch: [12]  [ 10/117]  eta: 0:00:16  lr: 0.000063  loss: 1.7741 (1.7020)  time: 0.1526  data: 0.0534  max mem: 5764
Epoch: [12]  [ 20/117]  eta: 0:00:12  lr: 0.000063  loss: 1.7752 (1.7609)  time: 0.0985  data: 0.0002  max mem: 5764
Epoch: [12]  [ 30/117]  eta: 0:00:10  lr: 0.000063  loss: 1.8497 (1.8029)  time: 0.0985  data: 0.0002  max mem: 5764
Epoch: [12]  [ 40/117]  eta: 0:00:08  lr: 0.000063  loss: 1.7452 (1.7765)  time: 0.0991  data: 0.0002  max mem: 5764
Epoch: [12]  [ 50/117]  eta: 0:00:07  lr: 0.000063  loss: 1.6506 (1.7442)  time: 0.0994  data: 0.0002  max mem: 5764
Epoch: [12]  [ 60/117]  eta: 0:00:06  lr: 0.000063  loss: 1.5202 (1.7123)  time: 0.0988  data: 0.0002  max mem: 5764
Epoch: [12]  [ 70/117]  eta: 0:00:05  lr: 0.000063  loss: 1.5302 (1.6911)  time: 0.0985  data: 0.0002  max mem: 5764
Epoch: [12]  [ 80/117]  eta: 0:00:03  lr: 0.000063  loss: 1.5302 (1.6712)  time: 0.0993  data: 0.0002  max mem: 5764
Epoch: [12]  [ 90/117]  eta: 0:00:02  lr: 0.000063  loss: 1.6764 (1.6740)  time: 0.0994  data: 0.0003  max mem: 5764
Epoch: [12]  [100/117]  eta: 0:00:01  lr: 0.000063  loss: 1.7887 (1.6817)  time: 0.0992  data: 0.0004  max mem: 5764
Epoch: [12]  [110/117]  eta: 0:00:00  lr: 0.000063  loss: 1.7995 (1.6927)  time: 0.0993  data: 0.0003  max mem: 5764
Epoch: [12]  [116/117]  eta: 0:00:00  lr: 0.000063  loss: 1.7999 (1.6918)  time: 0.0997  data: 0.0003  max mem: 5764
Epoch: [12] Total time: 0:00:12 (0.1046 s / it)
Averaged stats: lr: 0.000063  loss: 1.7999 (1.6918)
Test:  [ 0/14]  eta: 0:00:08  loss: 0.7428 (0.7428)  acc1: 87.3698 (87.3698)  acc5: 99.6094 (99.6094)  time: 0.6309  data: 0.5968  max mem: 5764
Test:  [10/14]  eta: 0:00:00  loss: 0.7428 (0.7097)  acc1: 87.3698 (87.9143)  acc5: 99.2188 (99.2898)  time: 0.0887  data: 0.0543  max mem: 5764
Test:  [13/14]  eta: 0:00:00  loss: 0.6534 (0.6861)  acc1: 88.6719 (88.4200)  acc5: 99.3490 (99.3700)  time: 0.0753  data: 0.0427  max mem: 5764
Test: Total time: 0:00:01 (0.0794 s / it)
* Acc@1 88.420 Acc@5 99.370 loss 0.686
Accuracy of the network on the 10000 test images: 88.4%
Max accuracy: 88.42%
Epoch: [13]  [  0/117]  eta: 0:01:19  lr: 0.000058  loss: 2.0540 (2.0540)  time: 0.6796  data: 0.5769  max mem: 5764
Epoch: [13]  [ 10/117]  eta: 0:00:16  lr: 0.000058  loss: 1.4466 (1.5557)  time: 0.1514  data: 0.0527  max mem: 5764
Epoch: [13]  [ 20/117]  eta: 0:00:12  lr: 0.000058  loss: 1.4466 (1.5584)  time: 0.0989  data: 0.0002  max mem: 5764
Epoch: [13]  [ 30/117]  eta: 0:00:10  lr: 0.000058  loss: 1.6168 (1.6220)  time: 0.0992  data: 0.0003  max mem: 5764
Epoch: [13]  [ 40/117]  eta: 0:00:08  lr: 0.000058  loss: 1.6485 (1.5908)  time: 0.1007  data: 0.0003  max mem: 5764
Epoch: [13]  [ 50/117]  eta: 0:00:07  lr: 0.000058  loss: 1.5427 (1.5778)  time: 0.1009  data: 0.0002  max mem: 5764
Epoch: [13]  [ 60/117]  eta: 0:00:06  lr: 0.000058  loss: 1.6077 (1.5935)  time: 0.0990  data: 0.0002  max mem: 5764
Epoch: [13]  [ 70/117]  eta: 0:00:05  lr: 0.000058  loss: 1.7200 (1.6214)  time: 0.0986  data: 0.0002  max mem: 5764
Epoch: [13]  [ 80/117]  eta: 0:00:03  lr: 0.000058  loss: 1.6840 (1.6164)  time: 0.0990  data: 0.0002  max mem: 5764
Epoch: [13]  [ 90/117]  eta: 0:00:02  lr: 0.000058  loss: 1.4362 (1.5911)  time: 0.0994  data: 0.0003  max mem: 5764
Epoch: [13]  [100/117]  eta: 0:00:01  lr: 0.000058  loss: 1.4724 (1.5906)  time: 0.0993  data: 0.0004  max mem: 5764
Epoch: [13]  [110/117]  eta: 0:00:00  lr: 0.000058  loss: 1.4150 (1.5771)  time: 0.0983  data: 0.0003  max mem: 5764
Epoch: [13]  [116/117]  eta: 0:00:00  lr: 0.000058  loss: 1.3509 (1.5645)  time: 0.0979  data: 0.0003  max mem: 5764
Epoch: [13] Total time: 0:00:12 (0.1046 s / it)
Averaged stats: lr: 0.000058  loss: 1.3509 (1.5645)
Test:  [ 0/14]  eta: 0:00:08  loss: 0.5589 (0.5589)  acc1: 88.1510 (88.1510)  acc5: 99.7396 (99.7396)  time: 0.6152  data: 0.5810  max mem: 5764
Test:  [10/14]  eta: 0:00:00  loss: 0.5589 (0.5296)  acc1: 88.6719 (89.2874)  acc5: 99.3490 (99.3726)  time: 0.0873  data: 0.0529  max mem: 5764
Test:  [13/14]  eta: 0:00:00  loss: 0.4735 (0.5075)  acc1: 90.2344 (89.8000)  acc5: 99.3490 (99.4700)  time: 0.0741  data: 0.0416  max mem: 5764
Test: Total time: 0:00:01 (0.0782 s / it)
* Acc@1 89.800 Acc@5 99.470 loss 0.507
Accuracy of the network on the 10000 test images: 89.8%
Max accuracy: 89.80%
Epoch: [14]  [  0/117]  eta: 0:01:19  lr: 0.000052  loss: 1.0078 (1.0078)  time: 0.6827  data: 0.5821  max mem: 5764
Epoch: [14]  [ 10/117]  eta: 0:00:16  lr: 0.000052  loss: 1.7252 (1.5682)  time: 0.1514  data: 0.0531  max mem: 5764
Epoch: [14]  [ 20/117]  eta: 0:00:12  lr: 0.000052  loss: 1.7175 (1.5596)  time: 0.0981  data: 0.0002  max mem: 5764
Epoch: [14]  [ 30/117]  eta: 0:00:10  lr: 0.000052  loss: 1.6213 (1.5548)  time: 0.0980  data: 0.0002  max mem: 5764
Epoch: [14]  [ 40/117]  eta: 0:00:08  lr: 0.000052  loss: 1.6213 (1.5712)  time: 0.0980  data: 0.0002  max mem: 5764
Epoch: [14]  [ 50/117]  eta: 0:00:07  lr: 0.000052  loss: 1.6767 (1.5921)  time: 0.0980  data: 0.0002  max mem: 5764
Epoch: [14]  [ 60/117]  eta: 0:00:06  lr: 0.000052  loss: 1.5045 (1.5771)  time: 0.1000  data: 0.0002  max mem: 5764
Epoch: [14]  [ 70/117]  eta: 0:00:05  lr: 0.000052  loss: 1.4620 (1.5543)  time: 0.1000  data: 0.0002  max mem: 5764
Epoch: [14]  [ 80/117]  eta: 0:00:03  lr: 0.000052  loss: 1.4673 (1.5510)  time: 0.0984  data: 0.0002  max mem: 5764
Epoch: [14]  [ 90/117]  eta: 0:00:02  lr: 0.000052  loss: 1.4673 (1.5486)  time: 0.0986  data: 0.0002  max mem: 5764
Epoch: [14]  [100/117]  eta: 0:00:01  lr: 0.000052  loss: 1.3701 (1.5248)  time: 0.0986  data: 0.0004  max mem: 5764
Epoch: [14]  [110/117]  eta: 0:00:00  lr: 0.000052  loss: 1.4953 (1.5375)  time: 0.0986  data: 0.0003  max mem: 5764
Epoch: [14]  [116/117]  eta: 0:00:00  lr: 0.000052  loss: 1.5197 (1.5490)  time: 0.0982  data: 0.0003  max mem: 5764
Epoch: [14] Total time: 0:00:12 (0.1041 s / it)
Averaged stats: lr: 0.000052  loss: 1.5197 (1.5490)
Test:  [ 0/14]  eta: 0:00:08  loss: 0.5856 (0.5856)  acc1: 88.8021 (88.8021)  acc5: 99.6094 (99.6094)  time: 0.5853  data: 0.5514  max mem: 5764
Test:  [10/14]  eta: 0:00:00  loss: 0.5856 (0.5505)  acc1: 88.9323 (90.1515)  acc5: 99.4792 (99.4673)  time: 0.0847  data: 0.0502  max mem: 5764
Test:  [13/14]  eta: 0:00:00  loss: 0.5043 (0.5205)  acc1: 91.5365 (90.8400)  acc5: 99.6094 (99.5400)  time: 0.0721  data: 0.0394  max mem: 5764
Test: Total time: 0:00:01 (0.0761 s / it)
* Acc@1 90.840 Acc@5 99.540 loss 0.521
Accuracy of the network on the 10000 test images: 90.8%
Max accuracy: 90.84%
Epoch: [15]  [  0/117]  eta: 0:01:12  lr: 0.000047  loss: 1.2190 (1.2190)  time: 0.6236  data: 0.5170  max mem: 5764
Epoch: [15]  [ 10/117]  eta: 0:00:15  lr: 0.000047  loss: 1.3736 (1.4120)  time: 0.1478  data: 0.0472  max mem: 5764
Epoch: [15]  [ 20/117]  eta: 0:00:12  lr: 0.000047  loss: 1.5630 (1.5504)  time: 0.0995  data: 0.0002  max mem: 5764
Epoch: [15]  [ 30/117]  eta: 0:00:10  lr: 0.000047  loss: 1.7790 (1.5774)  time: 0.0991  data: 0.0002  max mem: 5764
Epoch: [15]  [ 40/117]  eta: 0:00:08  lr: 0.000047  loss: 1.7697 (1.6245)  time: 0.0992  data: 0.0003  max mem: 5764
Epoch: [15]  [ 50/117]  eta: 0:00:07  lr: 0.000047  loss: 1.7005 (1.6199)  time: 0.0991  data: 0.0003  max mem: 5764
Epoch: [15]  [ 60/117]  eta: 0:00:06  lr: 0.000047  loss: 1.6894 (1.6195)  time: 0.0991  data: 0.0002  max mem: 5764
Epoch: [15]  [ 70/117]  eta: 0:00:05  lr: 0.000047  loss: 1.7022 (1.6128)  time: 0.0991  data: 0.0002  max mem: 5764
Epoch: [15]  [ 80/117]  eta: 0:00:03  lr: 0.000047  loss: 1.7529 (1.6313)  time: 0.0988  data: 0.0002  max mem: 5764
Epoch: [15]  [ 90/117]  eta: 0:00:02  lr: 0.000047  loss: 1.7348 (1.6171)  time: 0.0988  data: 0.0002  max mem: 5764
Epoch: [15]  [100/117]  eta: 0:00:01  lr: 0.000047  loss: 1.3835 (1.6041)  time: 0.0994  data: 0.0004  max mem: 5764
Epoch: [15]  [110/117]  eta: 0:00:00  lr: 0.000047  loss: 1.6530 (1.6118)  time: 0.0994  data: 0.0003  max mem: 5764
Epoch: [15]  [116/117]  eta: 0:00:00  lr: 0.000047  loss: 1.6347 (1.6067)  time: 0.0996  data: 0.0003  max mem: 5764
Epoch: [15] Total time: 0:00:12 (0.1042 s / it)
Averaged stats: lr: 0.000047  loss: 1.6347 (1.6067)
Test:  [ 0/14]  eta: 0:00:07  loss: 0.5795 (0.5795)  acc1: 89.7135 (89.7135)  acc5: 99.6094 (99.6094)  time: 0.5689  data: 0.5346  max mem: 5764
Test:  [10/14]  eta: 0:00:00  loss: 0.5795 (0.5433)  acc1: 89.7135 (90.8026)  acc5: 99.6094 (99.5502)  time: 0.0856  data: 0.0512  max mem: 5764
Test:  [13/14]  eta: 0:00:00  loss: 0.4914 (0.5189)  acc1: 91.1458 (91.5000)  acc5: 99.6094 (99.6000)  time: 0.0728  data: 0.0402  max mem: 5764
Test: Total time: 0:00:01 (0.0770 s / it)
* Acc@1 91.500 Acc@5 99.600 loss 0.519
Accuracy of the network on the 10000 test images: 91.5%
Max accuracy: 91.50%
Epoch: [16]  [  0/117]  eta: 0:01:22  lr: 0.000041  loss: 1.9487 (1.9487)  time: 0.7021  data: 0.5981  max mem: 5764
Epoch: [16]  [ 10/117]  eta: 0:00:16  lr: 0.000041  loss: 1.7859 (1.7741)  time: 0.1536  data: 0.0546  max mem: 5764
Epoch: [16]  [ 20/117]  eta: 0:00:12  lr: 0.000041  loss: 1.6416 (1.6327)  time: 0.0987  data: 0.0002  max mem: 5764
Epoch: [16]  [ 30/117]  eta: 0:00:10  lr: 0.000041  loss: 1.4527 (1.6127)  time: 0.0989  data: 0.0002  max mem: 5764
Epoch: [16]  [ 40/117]  eta: 0:00:08  lr: 0.000041  loss: 1.7427 (1.6489)  time: 0.0993  data: 0.0002  max mem: 5764
Epoch: [16]  [ 50/117]  eta: 0:00:07  lr: 0.000041  loss: 1.7444 (1.6249)  time: 0.0988  data: 0.0002  max mem: 5764
Epoch: [16]  [ 60/117]  eta: 0:00:06  lr: 0.000041  loss: 1.5043 (1.6057)  time: 0.0983  data: 0.0002  max mem: 5764
Epoch: [16]  [ 70/117]  eta: 0:00:05  lr: 0.000041  loss: 1.5195 (1.6006)  time: 0.0982  data: 0.0002  max mem: 5764
Epoch: [16]  [ 80/117]  eta: 0:00:03  lr: 0.000041  loss: 1.5943 (1.5916)  time: 0.0981  data: 0.0002  max mem: 5764
Epoch: [16]  [ 90/117]  eta: 0:00:02  lr: 0.000041  loss: 1.3703 (1.5698)  time: 0.0982  data: 0.0002  max mem: 5764
Epoch: [16]  [100/117]  eta: 0:00:01  lr: 0.000041  loss: 1.2262 (1.5630)  time: 0.0983  data: 0.0004  max mem: 5764
Epoch: [16]  [110/117]  eta: 0:00:00  lr: 0.000041  loss: 1.5817 (1.5561)  time: 0.0982  data: 0.0003  max mem: 5764
Epoch: [16]  [116/117]  eta: 0:00:00  lr: 0.000041  loss: 1.3229 (1.5549)  time: 0.0980  data: 0.0003  max mem: 5764
Epoch: [16] Total time: 0:00:12 (0.1041 s / it)
Averaged stats: lr: 0.000041  loss: 1.3229 (1.5549)
Test:  [ 0/14]  eta: 0:00:08  loss: 0.5232 (0.5232)  acc1: 90.3646 (90.3646)  acc5: 99.4792 (99.4792)  time: 0.6265  data: 0.5916  max mem: 5764
Test:  [10/14]  eta: 0:00:00  loss: 0.5232 (0.4928)  acc1: 90.3646 (91.4773)  acc5: 99.4792 (99.5975)  time: 0.0883  data: 0.0538  max mem: 5764
Test:  [13/14]  eta: 0:00:00  loss: 0.4522 (0.4686)  acc1: 92.3177 (92.0700)  acc5: 99.6094 (99.6500)  time: 0.0749  data: 0.0423  max mem: 5764
Test: Total time: 0:00:01 (0.0789 s / it)
* Acc@1 92.070 Acc@5 99.650 loss 0.469
Accuracy of the network on the 10000 test images: 92.1%
Max accuracy: 92.07%
Epoch: [17]  [  0/117]  eta: 0:01:19  lr: 0.000036  loss: 1.8616 (1.8616)  time: 0.6785  data: 0.5768  max mem: 5764
Epoch: [17]  [ 10/117]  eta: 0:00:16  lr: 0.000036  loss: 1.2765 (1.3297)  time: 0.1510  data: 0.0526  max mem: 5764
Epoch: [17]  [ 20/117]  eta: 0:00:12  lr: 0.000036  loss: 1.2227 (1.3783)  time: 0.0983  data: 0.0002  max mem: 5764
Epoch: [17]  [ 30/117]  eta: 0:00:10  lr: 0.000036  loss: 1.5471 (1.4795)  time: 0.0985  data: 0.0002  max mem: 5764
Epoch: [17]  [ 40/117]  eta: 0:00:08  lr: 0.000036  loss: 1.5422 (1.4595)  time: 0.0984  data: 0.0002  max mem: 5764
Epoch: [17]  [ 50/117]  eta: 0:00:07  lr: 0.000036  loss: 1.5050 (1.4821)  time: 0.0986  data: 0.0002  max mem: 5764
Epoch: [17]  [ 60/117]  eta: 0:00:06  lr: 0.000036  loss: 1.4298 (1.4691)  time: 0.0998  data: 0.0002  max mem: 5764
Epoch: [17]  [ 70/117]  eta: 0:00:05  lr: 0.000036  loss: 1.3379 (1.4530)  time: 0.1006  data: 0.0003  max mem: 5764
Epoch: [17]  [ 80/117]  eta: 0:00:03  lr: 0.000036  loss: 1.5022 (1.4770)  time: 0.1005  data: 0.0003  max mem: 5764
Epoch: [17]  [ 90/117]  eta: 0:00:02  lr: 0.000036  loss: 1.5649 (1.4720)  time: 0.1006  data: 0.0003  max mem: 5764
Epoch: [17]  [100/117]  eta: 0:00:01  lr: 0.000036  loss: 1.4933 (1.4703)  time: 0.1007  data: 0.0004  max mem: 5764
Epoch: [17]  [110/117]  eta: 0:00:00  lr: 0.000036  loss: 1.4933 (1.4661)  time: 0.0998  data: 0.0003  max mem: 5764
Epoch: [17]  [116/117]  eta: 0:00:00  lr: 0.000036  loss: 1.5683 (1.4758)  time: 0.0989  data: 0.0003  max mem: 5764
Epoch: [17] Total time: 0:00:12 (0.1049 s / it)
Averaged stats: lr: 0.000036  loss: 1.5683 (1.4758)
Test:  [ 0/14]  eta: 0:00:08  loss: 0.4974 (0.4974)  acc1: 91.5365 (91.5365)  acc5: 99.7396 (99.7396)  time: 0.6215  data: 0.5876  max mem: 5764
Test:  [10/14]  eta: 0:00:00  loss: 0.4974 (0.4684)  acc1: 91.5365 (92.6018)  acc5: 99.7396 (99.7159)  time: 0.0878  data: 0.0535  max mem: 5764
Test:  [13/14]  eta: 0:00:00  loss: 0.4284 (0.4469)  acc1: 93.7500 (93.1000)  acc5: 99.7396 (99.7500)  time: 0.0746  data: 0.0420  max mem: 5764
Test: Total time: 0:00:01 (0.0786 s / it)
* Acc@1 93.100 Acc@5 99.750 loss 0.447
Accuracy of the network on the 10000 test images: 93.1%
Max accuracy: 93.10%
Epoch: [18]  [  0/117]  eta: 0:01:15  lr: 0.000031  loss: 1.7758 (1.7758)  time: 0.6492  data: 0.5328  max mem: 5764
Epoch: [18]  [ 10/117]  eta: 0:00:16  lr: 0.000031  loss: 1.6903 (1.6951)  time: 0.1503  data: 0.0487  max mem: 5764
Epoch: [18]  [ 20/117]  eta: 0:00:12  lr: 0.000031  loss: 1.5870 (1.6037)  time: 0.0995  data: 0.0002  max mem: 5764
Epoch: [18]  [ 30/117]  eta: 0:00:10  lr: 0.000031  loss: 1.5062 (1.5909)  time: 0.0988  data: 0.0002  max mem: 5764
Epoch: [18]  [ 40/117]  eta: 0:00:08  lr: 0.000031  loss: 1.6446 (1.5857)  time: 0.0994  data: 0.0003  max mem: 5764
Epoch: [18]  [ 50/117]  eta: 0:00:07  lr: 0.000031  loss: 1.6446 (1.5446)  time: 0.0997  data: 0.0003  max mem: 5764
Epoch: [18]  [ 60/117]  eta: 0:00:06  lr: 0.000031  loss: 1.2743 (1.5329)  time: 0.0990  data: 0.0003  max mem: 5764
Epoch: [18]  [ 70/117]  eta: 0:00:05  lr: 0.000031  loss: 1.5443 (1.5479)  time: 0.0987  data: 0.0002  max mem: 5764
Epoch: [18]  [ 80/117]  eta: 0:00:03  lr: 0.000031  loss: 1.6996 (1.5601)  time: 0.1011  data: 0.0002  max mem: 5764
Epoch: [18]  [ 90/117]  eta: 0:00:02  lr: 0.000031  loss: 1.4758 (1.5414)  time: 0.1019  data: 0.0002  max mem: 5764
Epoch: [18]  [100/117]  eta: 0:00:01  lr: 0.000031  loss: 1.4758 (1.5316)  time: 0.1002  data: 0.0004  max mem: 5764
Epoch: [18]  [110/117]  eta: 0:00:00  lr: 0.000031  loss: 1.5346 (1.5300)  time: 0.0995  data: 0.0003  max mem: 5764
Epoch: [18]  [116/117]  eta: 0:00:00  lr: 0.000031  loss: 1.5346 (1.5341)  time: 0.0990  data: 0.0003  max mem: 5764
Epoch: [18] Total time: 0:00:12 (0.1050 s / it)
Averaged stats: lr: 0.000031  loss: 1.5346 (1.5341)
Test:  [ 0/14]  eta: 0:00:08  loss: 0.4907 (0.4907)  acc1: 91.6667 (91.6667)  acc5: 99.8698 (99.8698)  time: 0.6233  data: 0.5893  max mem: 5764
Test:  [10/14]  eta: 0:00:00  loss: 0.4907 (0.4597)  acc1: 91.6667 (92.7320)  acc5: 99.7396 (99.6686)  time: 0.0880  data: 0.0536  max mem: 5764
Test:  [13/14]  eta: 0:00:00  loss: 0.4168 (0.4379)  acc1: 93.7500 (93.2500)  acc5: 99.7396 (99.7200)  time: 0.0748  data: 0.0422  max mem: 5764
Test: Total time: 0:00:01 (0.0788 s / it)
* Acc@1 93.250 Acc@5 99.720 loss 0.438
Accuracy of the network on the 10000 test images: 93.3%
Max accuracy: 93.25%
Epoch: [19]  [  0/117]  eta: 0:01:16  lr: 0.000026  loss: 2.0940 (2.0940)  time: 0.6534  data: 0.5311  max mem: 5764
Epoch: [19]  [ 10/117]  eta: 0:00:16  lr: 0.000026  loss: 1.2105 (1.3724)  time: 0.1505  data: 0.0485  max mem: 5764
Epoch: [19]  [ 20/117]  eta: 0:00:12  lr: 0.000026  loss: 1.2141 (1.3600)  time: 0.0993  data: 0.0002  max mem: 5764
Epoch: [19]  [ 30/117]  eta: 0:00:10  lr: 0.000026  loss: 1.5286 (1.4864)  time: 0.0982  data: 0.0002  max mem: 5764
Epoch: [19]  [ 40/117]  eta: 0:00:08  lr: 0.000026  loss: 1.7408 (1.5082)  time: 0.0982  data: 0.0002  max mem: 5764
Epoch: [19]  [ 50/117]  eta: 0:00:07  lr: 0.000026  loss: 1.6749 (1.5336)  time: 0.0983  data: 0.0002  max mem: 5764
Epoch: [19]  [ 60/117]  eta: 0:00:06  lr: 0.000026  loss: 1.6667 (1.5235)  time: 0.0985  data: 0.0002  max mem: 5764
Epoch: [19]  [ 70/117]  eta: 0:00:05  lr: 0.000026  loss: 1.5794 (1.5283)  time: 0.0998  data: 0.0002  max mem: 5764
Epoch: [19]  [ 80/117]  eta: 0:00:03  lr: 0.000026  loss: 1.5312 (1.5074)  time: 0.1004  data: 0.0002  max mem: 5764
Epoch: [19]  [ 90/117]  eta: 0:00:02  lr: 0.000026  loss: 1.4577 (1.5038)  time: 0.0999  data: 0.0002  max mem: 5764
Epoch: [19]  [100/117]  eta: 0:00:01  lr: 0.000026  loss: 1.3657 (1.4874)  time: 0.1001  data: 0.0004  max mem: 5764
Epoch: [19]  [110/117]  eta: 0:00:00  lr: 0.000026  loss: 1.4756 (1.4987)  time: 0.0993  data: 0.0003  max mem: 5764
Epoch: [19]  [116/117]  eta: 0:00:00  lr: 0.000026  loss: 1.6206 (1.4967)  time: 0.0984  data: 0.0003  max mem: 5764
Epoch: [19] Total time: 0:00:12 (0.1044 s / it)
Averaged stats: lr: 0.000026  loss: 1.6206 (1.4967)
Test:  [ 0/14]  eta: 0:00:07  loss: 0.4661 (0.4661)  acc1: 92.3177 (92.3177)  acc5: 99.8698 (99.8698)  time: 0.5621  data: 0.5269  max mem: 5764
Test:  [10/14]  eta: 0:00:00  loss: 0.4661 (0.4423)  acc1: 92.3177 (92.8859)  acc5: 99.7396 (99.7396)  time: 0.0843  data: 0.0499  max mem: 5764
Test:  [13/14]  eta: 0:00:00  loss: 0.3976 (0.4190)  acc1: 93.7500 (93.3100)  acc5: 99.8698 (99.7800)  time: 0.0718  data: 0.0392  max mem: 5764
Test: Total time: 0:00:01 (0.0759 s / it)
* Acc@1 93.310 Acc@5 99.780 loss 0.419
Accuracy of the network on the 10000 test images: 93.3%
Max accuracy: 93.31%
Epoch: [20]  [  0/117]  eta: 0:01:19  lr: 0.000022  loss: 1.5433 (1.5433)  time: 0.6838  data: 0.5819  max mem: 5764
Epoch: [20]  [ 10/117]  eta: 0:00:16  lr: 0.000022  loss: 1.5433 (1.4445)  time: 0.1515  data: 0.0531  max mem: 5764
Epoch: [20]  [ 20/117]  eta: 0:00:12  lr: 0.000022  loss: 1.3569 (1.4175)  time: 0.0986  data: 0.0002  max mem: 5764
Epoch: [20]  [ 30/117]  eta: 0:00:10  lr: 0.000022  loss: 1.5289 (1.4358)  time: 0.0988  data: 0.0002  max mem: 5764
Epoch: [20]  [ 40/117]  eta: 0:00:08  lr: 0.000022  loss: 1.6270 (1.4997)  time: 0.0986  data: 0.0002  max mem: 5764
Epoch: [20]  [ 50/117]  eta: 0:00:07  lr: 0.000022  loss: 1.6945 (1.4969)  time: 0.0987  data: 0.0002  max mem: 5764
Epoch: [20]  [ 60/117]  eta: 0:00:06  lr: 0.000022  loss: 1.3999 (1.4669)  time: 0.0989  data: 0.0002  max mem: 5764
Epoch: [20]  [ 70/117]  eta: 0:00:05  lr: 0.000022  loss: 1.3246 (1.4748)  time: 0.0994  data: 0.0002  max mem: 5764
Epoch: [20]  [ 80/117]  eta: 0:00:03  lr: 0.000022  loss: 1.5330 (1.4806)  time: 0.1000  data: 0.0002  max mem: 5764
Epoch: [20]  [ 90/117]  eta: 0:00:02  lr: 0.000022  loss: 1.6151 (1.5093)  time: 0.0996  data: 0.0002  max mem: 5764
Epoch: [20]  [100/117]  eta: 0:00:01  lr: 0.000022  loss: 1.5819 (1.4998)  time: 0.0992  data: 0.0004  max mem: 5764
Epoch: [20]  [110/117]  eta: 0:00:00  lr: 0.000022  loss: 1.4310 (1.4927)  time: 0.0990  data: 0.0003  max mem: 5764
Epoch: [20]  [116/117]  eta: 0:00:00  lr: 0.000022  loss: 1.4533 (1.4976)  time: 0.0988  data: 0.0002  max mem: 5764
Epoch: [20] Total time: 0:00:12 (0.1045 s / it)
Averaged stats: lr: 0.000022  loss: 1.4533 (1.4976)
Test:  [ 0/14]  eta: 0:00:08  loss: 0.4628 (0.4628)  acc1: 92.8385 (92.8385)  acc5: 99.8698 (99.8698)  time: 0.5798  data: 0.5458  max mem: 5764
Test:  [10/14]  eta: 0:00:00  loss: 0.4628 (0.4367)  acc1: 92.8385 (93.4067)  acc5: 99.8698 (99.7751)  time: 0.0843  data: 0.0497  max mem: 5764
Test:  [13/14]  eta: 0:00:00  loss: 0.3982 (0.4140)  acc1: 93.7500 (93.8700)  acc5: 99.8698 (99.8100)  time: 0.0718  data: 0.0391  max mem: 5764
Test: Total time: 0:00:01 (0.0756 s / it)
* Acc@1 93.870 Acc@5 99.810 loss 0.414
Accuracy of the network on the 10000 test images: 93.9%
Max accuracy: 93.87%
Epoch: [21]  [  0/117]  eta: 0:01:15  lr: 0.000019  loss: 2.0966 (2.0966)  time: 0.6418  data: 0.5372  max mem: 5764
Epoch: [21]  [ 10/117]  eta: 0:00:15  lr: 0.000019  loss: 1.5079 (1.4934)  time: 0.1486  data: 0.0491  max mem: 5764
Epoch: [21]  [ 20/117]  eta: 0:00:12  lr: 0.000019  loss: 1.4658 (1.4640)  time: 0.1002  data: 0.0003  max mem: 5764
Epoch: [21]  [ 30/117]  eta: 0:00:10  lr: 0.000019  loss: 1.4658 (1.4644)  time: 0.1005  data: 0.0003  max mem: 5764
Epoch: [21]  [ 40/117]  eta: 0:00:08  lr: 0.000019  loss: 1.3576 (1.4641)  time: 0.0997  data: 0.0003  max mem: 5764
Epoch: [21]  [ 50/117]  eta: 0:00:07  lr: 0.000019  loss: 1.5310 (1.5074)  time: 0.0998  data: 0.0003  max mem: 5764
Epoch: [21]  [ 60/117]  eta: 0:00:06  lr: 0.000019  loss: 1.7452 (1.5092)  time: 0.0996  data: 0.0003  max mem: 5764
Epoch: [21]  [ 70/117]  eta: 0:00:05  lr: 0.000019  loss: 1.5611 (1.5119)  time: 0.0990  data: 0.0002  max mem: 5764
Epoch: [21]  [ 80/117]  eta: 0:00:03  lr: 0.000019  loss: 1.6863 (1.5410)  time: 0.0989  data: 0.0002  max mem: 5764
Epoch: [21]  [ 90/117]  eta: 0:00:02  lr: 0.000019  loss: 1.7053 (1.5437)  time: 0.0988  data: 0.0002  max mem: 5764
Epoch: [21]  [100/117]  eta: 0:00:01  lr: 0.000019  loss: 1.6044 (1.5388)  time: 0.0988  data: 0.0004  max mem: 5764
Epoch: [21]  [110/117]  eta: 0:00:00  lr: 0.000019  loss: 1.4621 (1.5336)  time: 0.1001  data: 0.0003  max mem: 5764
Epoch: [21]  [116/117]  eta: 0:00:00  lr: 0.000019  loss: 1.4834 (1.5386)  time: 0.0999  data: 0.0003  max mem: 5764
Epoch: [21] Total time: 0:00:12 (0.1047 s / it)
Averaged stats: lr: 0.000019  loss: 1.4834 (1.5386)
Test:  [ 0/14]  eta: 0:00:08  loss: 0.4806 (0.4806)  acc1: 92.5781 (92.5781)  acc5: 99.6094 (99.6094)  time: 0.6143  data: 0.5802  max mem: 5764
Test:  [10/14]  eta: 0:00:00  loss: 0.4806 (0.4552)  acc1: 92.5781 (92.7794)  acc5: 99.7396 (99.7159)  time: 0.0871  data: 0.0528  max mem: 5764
Test:  [13/14]  eta: 0:00:00  loss: 0.4110 (0.4306)  acc1: 93.7500 (93.2500)  acc5: 99.8698 (99.7600)  time: 0.0740  data: 0.0415  max mem: 5764
Test: Total time: 0:00:01 (0.0779 s / it)
* Acc@1 93.250 Acc@5 99.760 loss 0.431
Accuracy of the network on the 10000 test images: 93.3%
Max accuracy: 93.87%
Epoch: [22]  [  0/117]  eta: 0:01:13  lr: 0.000016  loss: 0.9136 (0.9136)  time: 0.6257  data: 0.5158  max mem: 5764
Epoch: [22]  [ 10/117]  eta: 0:00:15  lr: 0.000016  loss: 1.7647 (1.6522)  time: 0.1465  data: 0.0471  max mem: 5764
Epoch: [22]  [ 20/117]  eta: 0:00:11  lr: 0.000016  loss: 1.6558 (1.5819)  time: 0.0982  data: 0.0002  max mem: 5764
Epoch: [22]  [ 30/117]  eta: 0:00:10  lr: 0.000016  loss: 1.3025 (1.4988)  time: 0.0980  data: 0.0002  max mem: 5764
Epoch: [22]  [ 40/117]  eta: 0:00:08  lr: 0.000016  loss: 1.3866 (1.4890)  time: 0.0983  data: 0.0002  max mem: 5764
Epoch: [22]  [ 50/117]  eta: 0:00:07  lr: 0.000016  loss: 1.5234 (1.4674)  time: 0.0982  data: 0.0002  max mem: 5764
Epoch: [22]  [ 60/117]  eta: 0:00:06  lr: 0.000016  loss: 1.5234 (1.4819)  time: 0.0982  data: 0.0002  max mem: 5764
Epoch: [22]  [ 70/117]  eta: 0:00:04  lr: 0.000016  loss: 1.5543 (1.4631)  time: 0.0985  data: 0.0002  max mem: 5764
Epoch: [22]  [ 80/117]  eta: 0:00:03  lr: 0.000016  loss: 1.5739 (1.4842)  time: 0.0985  data: 0.0002  max mem: 5764
Epoch: [22]  [ 90/117]  eta: 0:00:02  lr: 0.000016  loss: 1.4964 (1.4598)  time: 0.0983  data: 0.0002  max mem: 5764
Epoch: [22]  [100/117]  eta: 0:00:01  lr: 0.000016  loss: 1.5273 (1.4854)  time: 0.0987  data: 0.0004  max mem: 5764
Epoch: [22]  [110/117]  eta: 0:00:00  lr: 0.000016  loss: 1.8040 (1.5023)  time: 0.0985  data: 0.0003  max mem: 5764
Epoch: [22]  [116/117]  eta: 0:00:00  lr: 0.000016  loss: 1.6976 (1.5014)  time: 0.0984  data: 0.0003  max mem: 5764
Epoch: [22] Total time: 0:00:12 (0.1034 s / it)
Averaged stats: lr: 0.000016  loss: 1.6976 (1.5014)
Test:  [ 0/14]  eta: 0:00:07  loss: 0.4701 (0.4701)  acc1: 93.2292 (93.2292)  acc5: 99.8698 (99.8698)  time: 0.5624  data: 0.5270  max mem: 5764
Test:  [10/14]  eta: 0:00:00  loss: 0.4701 (0.4417)  acc1: 93.2292 (94.0696)  acc5: 99.7396 (99.7277)  time: 0.0847  data: 0.0502  max mem: 5764
Test:  [13/14]  eta: 0:00:00  loss: 0.4033 (0.4217)  acc1: 93.7500 (94.4700)  acc5: 99.8698 (99.7700)  time: 0.0721  data: 0.0394  max mem: 5764
Test: Total time: 0:00:01 (0.0760 s / it)
* Acc@1 94.470 Acc@5 99.770 loss 0.422
Accuracy of the network on the 10000 test images: 94.5%
Max accuracy: 94.47%
Epoch: [23]  [  0/117]  eta: 0:01:14  lr: 0.000013  loss: 1.6367 (1.6367)  time: 0.6378  data: 0.5257  max mem: 5764
Epoch: [23]  [ 10/117]  eta: 0:00:15  lr: 0.000013  loss: 1.7146 (1.6580)  time: 0.1481  data: 0.0480  max mem: 5764
Epoch: [23]  [ 20/117]  eta: 0:00:12  lr: 0.000013  loss: 1.6986 (1.5852)  time: 0.0989  data: 0.0002  max mem: 5764
Epoch: [23]  [ 30/117]  eta: 0:00:10  lr: 0.000013  loss: 1.6501 (1.5848)  time: 0.0988  data: 0.0002  max mem: 5764
Epoch: [23]  [ 40/117]  eta: 0:00:08  lr: 0.000013  loss: 1.4175 (1.5206)  time: 0.0988  data: 0.0002  max mem: 5764
Epoch: [23]  [ 50/117]  eta: 0:00:07  lr: 0.000013  loss: 1.3745 (1.5030)  time: 0.0994  data: 0.0003  max mem: 5764
Epoch: [23]  [ 60/117]  eta: 0:00:06  lr: 0.000013  loss: 1.5877 (1.5008)  time: 0.0995  data: 0.0003  max mem: 5764
Epoch: [23]  [ 70/117]  eta: 0:00:05  lr: 0.000013  loss: 1.2771 (1.4550)  time: 0.0991  data: 0.0003  max mem: 5764
Epoch: [23]  [ 80/117]  eta: 0:00:03  lr: 0.000013  loss: 1.2771 (1.4674)  time: 0.0992  data: 0.0003  max mem: 5764
Epoch: [23]  [ 90/117]  eta: 0:00:02  lr: 0.000013  loss: 1.4640 (1.4609)  time: 0.0991  data: 0.0002  max mem: 5764
Epoch: [23]  [100/117]  eta: 0:00:01  lr: 0.000013  loss: 1.4355 (1.4668)  time: 0.0993  data: 0.0004  max mem: 5764
Epoch: [23]  [110/117]  eta: 0:00:00  lr: 0.000013  loss: 1.4938 (1.4674)  time: 0.0993  data: 0.0003  max mem: 5764
Epoch: [23]  [116/117]  eta: 0:00:00  lr: 0.000013  loss: 1.6549 (1.4855)  time: 0.0991  data: 0.0003  max mem: 5764
Epoch: [23] Total time: 0:00:12 (0.1042 s / it)
Averaged stats: lr: 0.000013  loss: 1.6549 (1.4855)
Test:  [ 0/14]  eta: 0:00:08  loss: 0.4476 (0.4476)  acc1: 92.7083 (92.7083)  acc5: 99.8698 (99.8698)  time: 0.6187  data: 0.5846  max mem: 5764
Test:  [10/14]  eta: 0:00:00  loss: 0.4476 (0.4221)  acc1: 92.8385 (93.6435)  acc5: 99.8698 (99.7869)  time: 0.0875  data: 0.0532  max mem: 5764
Test:  [13/14]  eta: 0:00:00  loss: 0.3807 (0.4001)  acc1: 93.7500 (94.0700)  acc5: 99.8698 (99.8100)  time: 0.0743  data: 0.0418  max mem: 5764
Test: Total time: 0:00:01 (0.0783 s / it)
* Acc@1 94.070 Acc@5 99.810 loss 0.400
Accuracy of the network on the 10000 test images: 94.1%
Max accuracy: 94.47%
Epoch: [24]  [  0/117]  eta: 0:01:18  lr: 0.000011  loss: 1.3619 (1.3619)  time: 0.6709  data: 0.5680  max mem: 5764
Epoch: [24]  [ 10/117]  eta: 0:00:16  lr: 0.000011  loss: 1.4698 (1.4782)  time: 0.1504  data: 0.0518  max mem: 5764
Epoch: [24]  [ 20/117]  eta: 0:00:12  lr: 0.000011  loss: 1.4931 (1.5210)  time: 0.0987  data: 0.0002  max mem: 5764
Epoch: [24]  [ 30/117]  eta: 0:00:10  lr: 0.000011  loss: 1.4002 (1.4499)  time: 0.0989  data: 0.0002  max mem: 5764
Epoch: [24]  [ 40/117]  eta: 0:00:08  lr: 0.000011  loss: 1.1254 (1.4012)  time: 0.0993  data: 0.0002  max mem: 5764
Epoch: [24]  [ 50/117]  eta: 0:00:07  lr: 0.000011  loss: 1.1254 (1.3838)  time: 0.0999  data: 0.0003  max mem: 5764
Epoch: [24]  [ 60/117]  eta: 0:00:06  lr: 0.000011  loss: 1.2567 (1.3913)  time: 0.0994  data: 0.0003  max mem: 5764
Epoch: [24]  [ 70/117]  eta: 0:00:05  lr: 0.000011  loss: 1.3577 (1.3910)  time: 0.0987  data: 0.0002  max mem: 5764
Epoch: [24]  [ 80/117]  eta: 0:00:03  lr: 0.000011  loss: 1.4635 (1.4028)  time: 0.0985  data: 0.0002  max mem: 5764
Epoch: [24]  [ 90/117]  eta: 0:00:02  lr: 0.000011  loss: 1.5906 (1.4099)  time: 0.0983  data: 0.0002  max mem: 5764
Epoch: [24]  [100/117]  eta: 0:00:01  lr: 0.000011  loss: 1.4975 (1.4224)  time: 0.0985  data: 0.0004  max mem: 5764
Epoch: [24]  [110/117]  eta: 0:00:00  lr: 0.000011  loss: 1.4146 (1.4282)  time: 0.0983  data: 0.0003  max mem: 5764
Epoch: [24]  [116/117]  eta: 0:00:00  lr: 0.000011  loss: 1.3718 (1.4262)  time: 0.0983  data: 0.0003  max mem: 5764
Epoch: [24] Total time: 0:00:12 (0.1041 s / it)
Averaged stats: lr: 0.000011  loss: 1.3718 (1.4262)
Test:  [ 0/14]  eta: 0:00:08  loss: 0.4397 (0.4397)  acc1: 93.4896 (93.4896)  acc5: 99.8698 (99.8698)  time: 0.6080  data: 0.5741  max mem: 5764
Test:  [10/14]  eta: 0:00:00  loss: 0.4397 (0.4135)  acc1: 93.6198 (94.1761)  acc5: 99.8698 (99.7869)  time: 0.0867  data: 0.0522  max mem: 5764
Test:  [13/14]  eta: 0:00:00  loss: 0.3756 (0.3950)  acc1: 93.7500 (94.6300)  acc5: 99.8698 (99.8200)  time: 0.0737  data: 0.0411  max mem: 5764
Test: Total time: 0:00:01 (0.0777 s / it)
* Acc@1 94.630 Acc@5 99.820 loss 0.395
Accuracy of the network on the 10000 test images: 94.6%
Max accuracy: 94.63%
Training time 0:05:58
