Not using distributed mode
Namespace(batch_size=512, epochs=25, bce_loss=False, unscale_lr=True, model='vit_ape', input_size=28, drop=0.0, drop_path=0.1, model_ema=True, model_ema_decay=0.99996, model_ema_force_cpu=False, opt='adamw', opt_eps=1e-08, opt_betas=None, clip_grad=None, momentum=0.9, weight_decay=0.05, sched='cosine', lr=0.0001, lr_noise=None, lr_noise_pct=0.67, lr_noise_std=1.0, warmup_lr=1e-06, min_lr=1e-05, decay_epochs=30, warmup_epochs=5, cooldown_epochs=10, patience_epochs=10, decay_rate=0.1, color_jitter=0.3, aa='rand-m9-mstd0.5-inc1', smoothing=0.1, train_interpolation='bicubic', repeated_aug=True, train_mode=True, ThreeAugment=False, src=False, reprob=0.25, remode='pixel', recount=1, resplit=False, mixup=0.8, cutmix=1.0, cutmix_minmax=None, mixup_prob=1.0, mixup_switch_prob=0.5, mixup_mode='batch', teacher_model='regnety_160', teacher_path='', distillation_type='none', distillation_alpha=0.5, distillation_tau=1.0, cosub=False, finetune='', attn_only=False, data_path='data', data_set='MNIST', inat_category='name', output_dir='output/MNIST/vit_ape', device='cuda', seed=0, resume='', start_epoch=0, eval=False, eval_crop_ratio=0.875, dist_eval=False, num_workers=10, pin_mem=True, distributed=False, world_size=1, dist_url='env://')
Creating model: vit_ape
number of params: 21345418
Start training for 25 epochs
Epoch: [0]  [  0/117]  eta: 0:03:17  lr: 0.000001  loss: 2.3432 (2.3432)  time: 1.6876  data: 0.6023  max mem: 5517
Epoch: [0]  [ 10/117]  eta: 0:00:26  lr: 0.000001  loss: 2.3483 (2.3487)  time: 0.2435  data: 0.0550  max mem: 5762
Epoch: [0]  [ 20/117]  eta: 0:00:16  lr: 0.000001  loss: 2.3483 (2.3492)  time: 0.0948  data: 0.0002  max mem: 5762
Epoch: [0]  [ 30/117]  eta: 0:00:12  lr: 0.000001  loss: 2.3458 (2.3480)  time: 0.0905  data: 0.0002  max mem: 5762
Epoch: [0]  [ 40/117]  eta: 0:00:10  lr: 0.000001  loss: 2.3447 (2.3480)  time: 0.0904  data: 0.0002  max mem: 5762
Epoch: [0]  [ 50/117]  eta: 0:00:08  lr: 0.000001  loss: 2.3466 (2.3474)  time: 0.0903  data: 0.0002  max mem: 5762
Epoch: [0]  [ 60/117]  eta: 0:00:06  lr: 0.000001  loss: 2.3448 (2.3467)  time: 0.0927  data: 0.0002  max mem: 5762
Epoch: [0]  [ 70/117]  eta: 0:00:05  lr: 0.000001  loss: 2.3430 (2.3465)  time: 0.0925  data: 0.0002  max mem: 5762
Epoch: [0]  [ 80/117]  eta: 0:00:04  lr: 0.000001  loss: 2.3423 (2.3451)  time: 0.0899  data: 0.0002  max mem: 5762
Epoch: [0]  [ 90/117]  eta: 0:00:02  lr: 0.000001  loss: 2.3390 (2.3444)  time: 0.0901  data: 0.0002  max mem: 5762
Epoch: [0]  [100/117]  eta: 0:00:01  lr: 0.000001  loss: 2.3415 (2.3441)  time: 0.0904  data: 0.0004  max mem: 5762
Epoch: [0]  [110/117]  eta: 0:00:00  lr: 0.000001  loss: 2.3362 (2.3432)  time: 0.0903  data: 0.0003  max mem: 5762
Epoch: [0]  [116/117]  eta: 0:00:00  lr: 0.000001  loss: 2.3357 (2.3427)  time: 0.0902  data: 0.0002  max mem: 5762
Epoch: [0] Total time: 0:00:12 (0.1054 s / it)
Averaged stats: lr: 0.000001  loss: 2.3357 (2.3427)
Test:  [ 0/14]  eta: 0:00:07  loss: 2.3252 (2.3252)  acc1: 10.1562 (10.1562)  acc5: 49.6094 (49.6094)  time: 0.5633  data: 0.5090  max mem: 5762
Test:  [10/14]  eta: 0:00:00  loss: 2.3341 (2.3322)  acc1: 9.8958 (10.2154)  acc5: 48.8281 (48.9347)  time: 0.0802  data: 0.0463  max mem: 5762
Test:  [13/14]  eta: 0:00:00  loss: 2.3336 (2.3321)  acc1: 9.6354 (10.0900)  acc5: 48.5677 (48.9100)  time: 0.0687  data: 0.0364  max mem: 5762
Test: Total time: 0:00:01 (0.0726 s / it)
* Acc@1 10.090 Acc@5 48.910 loss 2.332
Accuracy of the network on the 10000 test images: 10.1%
Max accuracy: 10.09%
Epoch: [1]  [  0/117]  eta: 0:01:17  lr: 0.000001  loss: 2.3515 (2.3515)  time: 0.6584  data: 0.5584  max mem: 5762
Epoch: [1]  [ 10/117]  eta: 0:00:15  lr: 0.000001  loss: 2.3271 (2.3281)  time: 0.1428  data: 0.0510  max mem: 5762
Epoch: [1]  [ 20/117]  eta: 0:00:11  lr: 0.000001  loss: 2.3269 (2.3289)  time: 0.0909  data: 0.0002  max mem: 5762
Epoch: [1]  [ 30/117]  eta: 0:00:09  lr: 0.000001  loss: 2.3323 (2.3293)  time: 0.0913  data: 0.0002  max mem: 5762
Epoch: [1]  [ 40/117]  eta: 0:00:08  lr: 0.000001  loss: 2.3323 (2.3297)  time: 0.0914  data: 0.0002  max mem: 5762
Epoch: [1]  [ 50/117]  eta: 0:00:06  lr: 0.000001  loss: 2.3278 (2.3286)  time: 0.0908  data: 0.0002  max mem: 5762
Epoch: [1]  [ 60/117]  eta: 0:00:05  lr: 0.000001  loss: 2.3248 (2.3277)  time: 0.0911  data: 0.0002  max mem: 5762
Epoch: [1]  [ 70/117]  eta: 0:00:04  lr: 0.000001  loss: 2.3239 (2.3273)  time: 0.0910  data: 0.0002  max mem: 5762
Epoch: [1]  [ 80/117]  eta: 0:00:03  lr: 0.000001  loss: 2.3223 (2.3265)  time: 0.0907  data: 0.0002  max mem: 5762
Epoch: [1]  [ 90/117]  eta: 0:00:02  lr: 0.000001  loss: 2.3215 (2.3258)  time: 0.0914  data: 0.0002  max mem: 5762
Epoch: [1]  [100/117]  eta: 0:00:01  lr: 0.000001  loss: 2.3205 (2.3252)  time: 0.0917  data: 0.0004  max mem: 5762
Epoch: [1]  [110/117]  eta: 0:00:00  lr: 0.000001  loss: 2.3183 (2.3244)  time: 0.0911  data: 0.0003  max mem: 5762
Epoch: [1]  [116/117]  eta: 0:00:00  lr: 0.000001  loss: 2.3170 (2.3240)  time: 0.0910  data: 0.0002  max mem: 5762
Epoch: [1] Total time: 0:00:11 (0.0965 s / it)
Averaged stats: lr: 0.000001  loss: 2.3170 (2.3240)
Test:  [ 0/14]  eta: 0:00:08  loss: 2.3094 (2.3094)  acc1: 10.1562 (10.1562)  acc5: 49.6094 (49.6094)  time: 0.6090  data: 0.5782  max mem: 5762
Test:  [10/14]  eta: 0:00:00  loss: 2.3159 (2.3150)  acc1: 9.8958 (10.2154)  acc5: 48.8281 (48.9347)  time: 0.0843  data: 0.0526  max mem: 5762
Test:  [13/14]  eta: 0:00:00  loss: 2.3154 (2.3148)  acc1: 9.6354 (10.0900)  acc5: 48.5677 (48.9100)  time: 0.0713  data: 0.0414  max mem: 5762
Test: Total time: 0:00:01 (0.0753 s / it)
* Acc@1 10.090 Acc@5 48.910 loss 2.315
Accuracy of the network on the 10000 test images: 10.1%
Max accuracy: 10.09%
Epoch: [2]  [  0/117]  eta: 0:01:17  lr: 0.000021  loss: 2.3214 (2.3214)  time: 0.6638  data: 0.5712  max mem: 5762
Epoch: [2]  [ 10/117]  eta: 0:00:15  lr: 0.000021  loss: 2.3045 (2.3058)  time: 0.1434  data: 0.0521  max mem: 5762
Epoch: [2]  [ 20/117]  eta: 0:00:11  lr: 0.000021  loss: 2.3034 (2.3037)  time: 0.0918  data: 0.0002  max mem: 5762
Epoch: [2]  [ 30/117]  eta: 0:00:09  lr: 0.000021  loss: 2.3003 (2.3027)  time: 0.0915  data: 0.0002  max mem: 5762
Epoch: [2]  [ 40/117]  eta: 0:00:08  lr: 0.000021  loss: 2.2981 (2.3013)  time: 0.0912  data: 0.0002  max mem: 5762
Epoch: [2]  [ 50/117]  eta: 0:00:06  lr: 0.000021  loss: 2.2943 (2.2994)  time: 0.0916  data: 0.0003  max mem: 5762
Epoch: [2]  [ 60/117]  eta: 0:00:05  lr: 0.000021  loss: 2.2857 (2.2967)  time: 0.0914  data: 0.0003  max mem: 5762
Epoch: [2]  [ 70/117]  eta: 0:00:04  lr: 0.000021  loss: 2.2761 (2.2909)  time: 0.0911  data: 0.0003  max mem: 5762
Epoch: [2]  [ 80/117]  eta: 0:00:03  lr: 0.000021  loss: 2.2448 (2.2834)  time: 0.0915  data: 0.0003  max mem: 5762
Epoch: [2]  [ 90/117]  eta: 0:00:02  lr: 0.000021  loss: 2.2436 (2.2760)  time: 0.0915  data: 0.0002  max mem: 5762
Epoch: [2]  [100/117]  eta: 0:00:01  lr: 0.000021  loss: 2.2076 (2.2674)  time: 0.0913  data: 0.0004  max mem: 5762
Epoch: [2]  [110/117]  eta: 0:00:00  lr: 0.000021  loss: 2.1763 (2.2578)  time: 0.0918  data: 0.0003  max mem: 5762
Epoch: [2]  [116/117]  eta: 0:00:00  lr: 0.000021  loss: 2.2015 (2.2545)  time: 0.0916  data: 0.0002  max mem: 5762
Epoch: [2] Total time: 0:00:11 (0.0969 s / it)
Averaged stats: lr: 0.000021  loss: 2.2015 (2.2545)
Test:  [ 0/14]  eta: 0:00:08  loss: 1.9702 (1.9702)  acc1: 30.0781 (30.0781)  acc5: 78.7760 (78.7760)  time: 0.6057  data: 0.5744  max mem: 5762
Test:  [10/14]  eta: 0:00:00  loss: 1.9702 (1.9731)  acc1: 28.3854 (28.2670)  acc5: 79.4271 (80.6463)  time: 0.0842  data: 0.0523  max mem: 5762
Test:  [13/14]  eta: 0:00:00  loss: 1.9678 (1.9664)  acc1: 28.1250 (28.2000)  acc5: 81.2500 (80.9500)  time: 0.0712  data: 0.0411  max mem: 5762
Test: Total time: 0:00:01 (0.0752 s / it)
* Acc@1 28.200 Acc@5 80.950 loss 1.966
Accuracy of the network on the 10000 test images: 28.2%
Max accuracy: 28.20%
Epoch: [3]  [  0/117]  eta: 0:01:18  lr: 0.000041  loss: 2.0979 (2.0979)  time: 0.6739  data: 0.5805  max mem: 5762
Epoch: [3]  [ 10/117]  eta: 0:00:15  lr: 0.000041  loss: 2.1515 (2.1670)  time: 0.1442  data: 0.0530  max mem: 5762
Epoch: [3]  [ 20/117]  eta: 0:00:11  lr: 0.000041  loss: 2.1685 (2.1658)  time: 0.0910  data: 0.0002  max mem: 5762
Epoch: [3]  [ 30/117]  eta: 0:00:09  lr: 0.000041  loss: 2.1341 (2.1416)  time: 0.0907  data: 0.0002  max mem: 5762
Epoch: [3]  [ 40/117]  eta: 0:00:08  lr: 0.000041  loss: 2.1580 (2.1457)  time: 0.0908  data: 0.0003  max mem: 5762
Epoch: [3]  [ 50/117]  eta: 0:00:06  lr: 0.000041  loss: 2.1580 (2.1375)  time: 0.0909  data: 0.0003  max mem: 5762
Epoch: [3]  [ 60/117]  eta: 0:00:05  lr: 0.000041  loss: 2.0521 (2.1271)  time: 0.0907  data: 0.0002  max mem: 5762
Epoch: [3]  [ 70/117]  eta: 0:00:04  lr: 0.000041  loss: 2.0521 (2.1170)  time: 0.0907  data: 0.0002  max mem: 5762
Epoch: [3]  [ 80/117]  eta: 0:00:03  lr: 0.000041  loss: 2.0096 (2.1028)  time: 0.0909  data: 0.0003  max mem: 5762
Epoch: [3]  [ 90/117]  eta: 0:00:02  lr: 0.000041  loss: 2.0289 (2.1026)  time: 0.0910  data: 0.0003  max mem: 5762
Epoch: [3]  [100/117]  eta: 0:00:01  lr: 0.000041  loss: 1.9735 (2.0872)  time: 0.0912  data: 0.0004  max mem: 5762
Epoch: [3]  [110/117]  eta: 0:00:00  lr: 0.000041  loss: 1.9310 (2.0803)  time: 0.0910  data: 0.0004  max mem: 5762
Epoch: [3]  [116/117]  eta: 0:00:00  lr: 0.000041  loss: 1.9255 (2.0715)  time: 0.0910  data: 0.0003  max mem: 5762
Epoch: [3] Total time: 0:00:11 (0.0964 s / it)
Averaged stats: lr: 0.000041  loss: 1.9255 (2.0715)
Test:  [ 0/14]  eta: 0:00:08  loss: 1.5625 (1.5625)  acc1: 49.6094 (49.6094)  acc5: 90.8854 (90.8854)  time: 0.6042  data: 0.5733  max mem: 5762
Test:  [10/14]  eta: 0:00:00  loss: 1.5595 (1.5409)  acc1: 49.6094 (49.2306)  acc5: 93.3594 (93.2647)  time: 0.0839  data: 0.0522  max mem: 5762
Test:  [13/14]  eta: 0:00:00  loss: 1.5157 (1.5311)  acc1: 50.5208 (49.8800)  acc5: 93.7500 (93.5400)  time: 0.0710  data: 0.0410  max mem: 5762
Test: Total time: 0:00:01 (0.0750 s / it)
* Acc@1 49.880 Acc@5 93.540 loss 1.531
Accuracy of the network on the 10000 test images: 49.9%
Max accuracy: 49.88%
Epoch: [4]  [  0/117]  eta: 0:01:15  lr: 0.000060  loss: 2.0332 (2.0332)  time: 0.6463  data: 0.5532  max mem: 5762
Epoch: [4]  [ 10/117]  eta: 0:00:15  lr: 0.000060  loss: 1.9065 (1.9479)  time: 0.1419  data: 0.0505  max mem: 5762
Epoch: [4]  [ 20/117]  eta: 0:00:11  lr: 0.000060  loss: 2.0042 (1.9971)  time: 0.0910  data: 0.0002  max mem: 5762
Epoch: [4]  [ 30/117]  eta: 0:00:09  lr: 0.000060  loss: 1.9902 (1.9794)  time: 0.0911  data: 0.0002  max mem: 5762
Epoch: [4]  [ 40/117]  eta: 0:00:08  lr: 0.000060  loss: 1.9952 (1.9937)  time: 0.0934  data: 0.0003  max mem: 5762
Epoch: [4]  [ 50/117]  eta: 0:00:06  lr: 0.000060  loss: 1.9952 (1.9679)  time: 0.0938  data: 0.0003  max mem: 5762
Epoch: [4]  [ 60/117]  eta: 0:00:05  lr: 0.000060  loss: 1.7697 (1.9518)  time: 0.0928  data: 0.0002  max mem: 5762
Epoch: [4]  [ 70/117]  eta: 0:00:04  lr: 0.000060  loss: 1.9118 (1.9456)  time: 0.0929  data: 0.0002  max mem: 5762
Epoch: [4]  [ 80/117]  eta: 0:00:03  lr: 0.000060  loss: 1.9427 (1.9396)  time: 0.0927  data: 0.0003  max mem: 5762
Epoch: [4]  [ 90/117]  eta: 0:00:02  lr: 0.000060  loss: 1.7872 (1.9211)  time: 0.0928  data: 0.0003  max mem: 5762
Epoch: [4]  [100/117]  eta: 0:00:01  lr: 0.000060  loss: 1.8433 (1.9239)  time: 0.0930  data: 0.0005  max mem: 5762
Epoch: [4]  [110/117]  eta: 0:00:00  lr: 0.000060  loss: 1.9397 (1.9225)  time: 0.0923  data: 0.0004  max mem: 5762
Epoch: [4]  [116/117]  eta: 0:00:00  lr: 0.000060  loss: 2.0006 (1.9253)  time: 0.0916  data: 0.0003  max mem: 5762
Epoch: [4] Total time: 0:00:11 (0.0977 s / it)
Averaged stats: lr: 0.000060  loss: 2.0006 (1.9253)
Test:  [ 0/14]  eta: 0:00:07  loss: 1.3749 (1.3749)  acc1: 62.5000 (62.5000)  acc5: 94.5312 (94.5312)  time: 0.5382  data: 0.5074  max mem: 5762
Test:  [10/14]  eta: 0:00:00  loss: 1.3749 (1.3500)  acc1: 62.5000 (61.8134)  acc5: 96.0938 (96.1884)  time: 0.0781  data: 0.0462  max mem: 5762
Test:  [13/14]  eta: 0:00:00  loss: 1.3032 (1.3345)  acc1: 62.5000 (62.3900)  acc5: 96.7448 (96.3800)  time: 0.0664  data: 0.0363  max mem: 5762
Test: Total time: 0:00:00 (0.0705 s / it)
* Acc@1 62.390 Acc@5 96.380 loss 1.335
Accuracy of the network on the 10000 test images: 62.4%
Max accuracy: 62.39%
Epoch: [5]  [  0/117]  eta: 0:01:19  lr: 0.000080  loss: 1.6303 (1.6303)  time: 0.6754  data: 0.5814  max mem: 5762
Epoch: [5]  [ 10/117]  eta: 0:00:15  lr: 0.000080  loss: 2.0105 (1.9306)  time: 0.1472  data: 0.0531  max mem: 5762
Epoch: [5]  [ 20/117]  eta: 0:00:11  lr: 0.000080  loss: 1.8627 (1.8721)  time: 0.0928  data: 0.0002  max mem: 5762
Epoch: [5]  [ 30/117]  eta: 0:00:09  lr: 0.000080  loss: 1.8736 (1.8871)  time: 0.0917  data: 0.0002  max mem: 5762
Epoch: [5]  [ 40/117]  eta: 0:00:08  lr: 0.000080  loss: 1.8736 (1.8874)  time: 0.0919  data: 0.0002  max mem: 5762
Epoch: [5]  [ 50/117]  eta: 0:00:06  lr: 0.000080  loss: 1.8712 (1.8990)  time: 0.0917  data: 0.0002  max mem: 5762
Epoch: [5]  [ 60/117]  eta: 0:00:05  lr: 0.000080  loss: 1.9790 (1.8981)  time: 0.0920  data: 0.0003  max mem: 5762
Epoch: [5]  [ 70/117]  eta: 0:00:04  lr: 0.000080  loss: 1.7103 (1.8768)  time: 0.0919  data: 0.0003  max mem: 5762
Epoch: [5]  [ 80/117]  eta: 0:00:03  lr: 0.000080  loss: 1.8498 (1.8806)  time: 0.0913  data: 0.0003  max mem: 5762
Epoch: [5]  [ 90/117]  eta: 0:00:02  lr: 0.000080  loss: 1.9336 (1.8711)  time: 0.0920  data: 0.0003  max mem: 5762
Epoch: [5]  [100/117]  eta: 0:00:01  lr: 0.000080  loss: 1.7697 (1.8563)  time: 0.0925  data: 0.0005  max mem: 5762
Epoch: [5]  [110/117]  eta: 0:00:00  lr: 0.000080  loss: 1.7914 (1.8580)  time: 0.0922  data: 0.0004  max mem: 5762
Epoch: [5]  [116/117]  eta: 0:00:00  lr: 0.000080  loss: 1.8774 (1.8511)  time: 0.0922  data: 0.0003  max mem: 5762
Epoch: [5] Total time: 0:00:11 (0.0976 s / it)
Averaged stats: lr: 0.000080  loss: 1.8774 (1.8511)
Test:  [ 0/14]  eta: 0:00:07  loss: 1.2110 (1.2110)  acc1: 66.4062 (66.4062)  acc5: 96.6146 (96.6146)  time: 0.5572  data: 0.5263  max mem: 5762
Test:  [10/14]  eta: 0:00:00  loss: 1.2110 (1.1819)  acc1: 66.4062 (66.5838)  acc5: 97.1354 (97.0881)  time: 0.0826  data: 0.0507  max mem: 5762
Test:  [13/14]  eta: 0:00:00  loss: 1.1355 (1.1558)  acc1: 67.4479 (67.1500)  acc5: 97.2656 (97.2600)  time: 0.0699  data: 0.0399  max mem: 5762
Test: Total time: 0:00:01 (0.0739 s / it)
* Acc@1 67.150 Acc@5 97.260 loss 1.156
Accuracy of the network on the 10000 test images: 67.2%
Max accuracy: 67.15%
Epoch: [6]  [  0/117]  eta: 0:01:11  lr: 0.000091  loss: 2.2359 (2.2359)  time: 0.6073  data: 0.5119  max mem: 5762
Epoch: [6]  [ 10/117]  eta: 0:00:14  lr: 0.000091  loss: 1.7608 (1.8746)  time: 0.1381  data: 0.0467  max mem: 5762
Epoch: [6]  [ 20/117]  eta: 0:00:11  lr: 0.000091  loss: 1.7608 (1.8890)  time: 0.0913  data: 0.0002  max mem: 5762
Epoch: [6]  [ 30/117]  eta: 0:00:09  lr: 0.000091  loss: 1.7737 (1.8460)  time: 0.0911  data: 0.0002  max mem: 5762
Epoch: [6]  [ 40/117]  eta: 0:00:07  lr: 0.000091  loss: 1.7911 (1.8567)  time: 0.0907  data: 0.0002  max mem: 5762
Epoch: [6]  [ 50/117]  eta: 0:00:06  lr: 0.000091  loss: 1.8793 (1.8444)  time: 0.0909  data: 0.0002  max mem: 5762
Epoch: [6]  [ 60/117]  eta: 0:00:05  lr: 0.000091  loss: 1.8055 (1.8320)  time: 0.0911  data: 0.0002  max mem: 5762
Epoch: [6]  [ 70/117]  eta: 0:00:04  lr: 0.000091  loss: 1.8329 (1.8390)  time: 0.0911  data: 0.0002  max mem: 5762
Epoch: [6]  [ 80/117]  eta: 0:00:03  lr: 0.000091  loss: 1.9189 (1.8453)  time: 0.0911  data: 0.0002  max mem: 5762
Epoch: [6]  [ 90/117]  eta: 0:00:02  lr: 0.000091  loss: 1.9400 (1.8538)  time: 0.0911  data: 0.0002  max mem: 5762
Epoch: [6]  [100/117]  eta: 0:00:01  lr: 0.000091  loss: 1.8499 (1.8622)  time: 0.0914  data: 0.0004  max mem: 5762
Epoch: [6]  [110/117]  eta: 0:00:00  lr: 0.000091  loss: 1.8154 (1.8590)  time: 0.0916  data: 0.0004  max mem: 5762
Epoch: [6]  [116/117]  eta: 0:00:00  lr: 0.000091  loss: 1.8405 (1.8566)  time: 0.0915  data: 0.0003  max mem: 5762
Epoch: [6] Total time: 0:00:11 (0.0961 s / it)
Averaged stats: lr: 0.000091  loss: 1.8405 (1.8566)
Test:  [ 0/14]  eta: 0:00:07  loss: 1.1293 (1.1293)  acc1: 70.3125 (70.3125)  acc5: 96.6146 (96.6146)  time: 0.5487  data: 0.5178  max mem: 5762
Test:  [10/14]  eta: 0:00:00  loss: 1.1293 (1.0987)  acc1: 69.5312 (70.8925)  acc5: 97.3958 (97.6089)  time: 0.0821  data: 0.0502  max mem: 5762
Test:  [13/14]  eta: 0:00:00  loss: 1.0506 (1.0685)  acc1: 70.3125 (71.5100)  acc5: 97.9167 (97.7700)  time: 0.0696  data: 0.0395  max mem: 5762
Test: Total time: 0:00:01 (0.0736 s / it)
* Acc@1 71.510 Acc@5 97.770 loss 1.068
Accuracy of the network on the 10000 test images: 71.5%
Max accuracy: 71.51%
Epoch: [7]  [  0/117]  eta: 0:01:16  lr: 0.000088  loss: 1.7812 (1.7812)  time: 0.6551  data: 0.5602  max mem: 5762
Epoch: [7]  [ 10/117]  eta: 0:00:15  lr: 0.000088  loss: 1.8082 (1.8590)  time: 0.1433  data: 0.0511  max mem: 5762
Epoch: [7]  [ 20/117]  eta: 0:00:11  lr: 0.000088  loss: 1.7004 (1.7502)  time: 0.0920  data: 0.0002  max mem: 5762
Epoch: [7]  [ 30/117]  eta: 0:00:09  lr: 0.000088  loss: 1.7004 (1.7997)  time: 0.0921  data: 0.0002  max mem: 5762
Epoch: [7]  [ 40/117]  eta: 0:00:08  lr: 0.000088  loss: 1.6058 (1.7599)  time: 0.0919  data: 0.0002  max mem: 5762
Epoch: [7]  [ 50/117]  eta: 0:00:06  lr: 0.000088  loss: 1.5663 (1.7603)  time: 0.0915  data: 0.0003  max mem: 5762
Epoch: [7]  [ 60/117]  eta: 0:00:05  lr: 0.000088  loss: 1.6142 (1.7415)  time: 0.0923  data: 0.0003  max mem: 5762
Epoch: [7]  [ 70/117]  eta: 0:00:04  lr: 0.000088  loss: 1.6142 (1.7361)  time: 0.0927  data: 0.0003  max mem: 5762
Epoch: [7]  [ 80/117]  eta: 0:00:03  lr: 0.000088  loss: 1.6384 (1.7350)  time: 0.0938  data: 0.0002  max mem: 5762
Epoch: [7]  [ 90/117]  eta: 0:00:02  lr: 0.000088  loss: 1.8989 (1.7501)  time: 0.0940  data: 0.0002  max mem: 5762
Epoch: [7]  [100/117]  eta: 0:00:01  lr: 0.000088  loss: 1.9426 (1.7612)  time: 0.0922  data: 0.0004  max mem: 5762
Epoch: [7]  [110/117]  eta: 0:00:00  lr: 0.000088  loss: 1.8619 (1.7504)  time: 0.0914  data: 0.0003  max mem: 5762
Epoch: [7]  [116/117]  eta: 0:00:00  lr: 0.000088  loss: 1.7039 (1.7484)  time: 0.0913  data: 0.0003  max mem: 5762
Epoch: [7] Total time: 0:00:11 (0.0977 s / it)
Averaged stats: lr: 0.000088  loss: 1.7039 (1.7484)
Test:  [ 0/14]  eta: 0:00:07  loss: 0.9621 (0.9621)  acc1: 74.2188 (74.2188)  acc5: 98.6979 (98.6979)  time: 0.5629  data: 0.5320  max mem: 5762
Test:  [10/14]  eta: 0:00:00  loss: 0.9621 (0.9211)  acc1: 74.2188 (75.7102)  acc5: 98.5677 (98.4375)  time: 0.0804  data: 0.0484  max mem: 5762
Test:  [13/14]  eta: 0:00:00  loss: 0.8539 (0.8895)  acc1: 75.5208 (76.5200)  acc5: 98.6979 (98.5400)  time: 0.0683  data: 0.0381  max mem: 5762
Test: Total time: 0:00:01 (0.0722 s / it)
* Acc@1 76.520 Acc@5 98.540 loss 0.890
Accuracy of the network on the 10000 test images: 76.5%
Max accuracy: 76.52%
Epoch: [8]  [  0/117]  eta: 0:01:18  lr: 0.000084  loss: 2.1728 (2.1728)  time: 0.6673  data: 0.5732  max mem: 5762
Epoch: [8]  [ 10/117]  eta: 0:00:15  lr: 0.000084  loss: 1.5716 (1.7096)  time: 0.1443  data: 0.0523  max mem: 5762
Epoch: [8]  [ 20/117]  eta: 0:00:11  lr: 0.000084  loss: 1.5173 (1.6646)  time: 0.0921  data: 0.0002  max mem: 5762
Epoch: [8]  [ 30/117]  eta: 0:00:09  lr: 0.000084  loss: 1.6244 (1.6982)  time: 0.0921  data: 0.0003  max mem: 5762
Epoch: [8]  [ 40/117]  eta: 0:00:08  lr: 0.000084  loss: 1.9164 (1.7166)  time: 0.0921  data: 0.0003  max mem: 5762
Epoch: [8]  [ 50/117]  eta: 0:00:06  lr: 0.000084  loss: 1.8814 (1.7295)  time: 0.0921  data: 0.0003  max mem: 5762
Epoch: [8]  [ 60/117]  eta: 0:00:05  lr: 0.000084  loss: 1.8557 (1.7455)  time: 0.0917  data: 0.0002  max mem: 5762
Epoch: [8]  [ 70/117]  eta: 0:00:04  lr: 0.000084  loss: 1.8496 (1.7517)  time: 0.0919  data: 0.0002  max mem: 5762
Epoch: [8]  [ 80/117]  eta: 0:00:03  lr: 0.000084  loss: 1.7968 (1.7523)  time: 0.0921  data: 0.0002  max mem: 5762
Epoch: [8]  [ 90/117]  eta: 0:00:02  lr: 0.000084  loss: 1.9301 (1.7575)  time: 0.0918  data: 0.0002  max mem: 5762
Epoch: [8]  [100/117]  eta: 0:00:01  lr: 0.000084  loss: 1.8238 (1.7628)  time: 0.0917  data: 0.0004  max mem: 5762
Epoch: [8]  [110/117]  eta: 0:00:00  lr: 0.000084  loss: 1.8197 (1.7701)  time: 0.0913  data: 0.0003  max mem: 5762
Epoch: [8]  [116/117]  eta: 0:00:00  lr: 0.000084  loss: 1.8244 (1.7746)  time: 0.0913  data: 0.0003  max mem: 5762
Epoch: [8] Total time: 0:00:11 (0.0972 s / it)
Averaged stats: lr: 0.000084  loss: 1.8244 (1.7746)
Test:  [ 0/14]  eta: 0:00:08  loss: 0.9986 (0.9986)  acc1: 77.6042 (77.6042)  acc5: 98.5677 (98.5677)  time: 0.6088  data: 0.5779  max mem: 5762
Test:  [10/14]  eta: 0:00:00  loss: 0.9960 (0.9640)  acc1: 78.1250 (78.3144)  acc5: 98.6979 (98.6032)  time: 0.0846  data: 0.0526  max mem: 5762
Test:  [13/14]  eta: 0:00:00  loss: 0.9039 (0.9338)  acc1: 78.9062 (79.0800)  acc5: 98.8281 (98.7300)  time: 0.0716  data: 0.0414  max mem: 5762
Test: Total time: 0:00:01 (0.0755 s / it)
* Acc@1 79.080 Acc@5 98.730 loss 0.934
Accuracy of the network on the 10000 test images: 79.1%
Max accuracy: 79.08%
Epoch: [9]  [  0/117]  eta: 0:01:16  lr: 0.000079  loss: 1.7039 (1.7039)  time: 0.6512  data: 0.5583  max mem: 5762
Epoch: [9]  [ 10/117]  eta: 0:00:15  lr: 0.000079  loss: 1.6979 (1.6477)  time: 0.1419  data: 0.0510  max mem: 5762
Epoch: [9]  [ 20/117]  eta: 0:00:11  lr: 0.000079  loss: 1.5472 (1.6289)  time: 0.0909  data: 0.0002  max mem: 5762
Epoch: [9]  [ 30/117]  eta: 0:00:09  lr: 0.000079  loss: 1.6207 (1.6618)  time: 0.0909  data: 0.0002  max mem: 5762
Epoch: [9]  [ 40/117]  eta: 0:00:08  lr: 0.000079  loss: 1.6654 (1.6557)  time: 0.0911  data: 0.0002  max mem: 5762
Epoch: [9]  [ 50/117]  eta: 0:00:06  lr: 0.000079  loss: 1.7403 (1.6813)  time: 0.0912  data: 0.0002  max mem: 5762
Epoch: [9]  [ 60/117]  eta: 0:00:05  lr: 0.000079  loss: 1.8362 (1.7171)  time: 0.0911  data: 0.0002  max mem: 5762
Epoch: [9]  [ 70/117]  eta: 0:00:04  lr: 0.000079  loss: 1.8307 (1.7041)  time: 0.0912  data: 0.0002  max mem: 5762
Epoch: [9]  [ 80/117]  eta: 0:00:03  lr: 0.000079  loss: 1.6838 (1.7059)  time: 0.0914  data: 0.0002  max mem: 5762
Epoch: [9]  [ 90/117]  eta: 0:00:02  lr: 0.000079  loss: 1.7662 (1.7151)  time: 0.0916  data: 0.0002  max mem: 5762
Epoch: [9]  [100/117]  eta: 0:00:01  lr: 0.000079  loss: 1.8286 (1.7220)  time: 0.0917  data: 0.0003  max mem: 5762
Epoch: [9]  [110/117]  eta: 0:00:00  lr: 0.000079  loss: 1.7690 (1.7105)  time: 0.0916  data: 0.0003  max mem: 5762
Epoch: [9]  [116/117]  eta: 0:00:00  lr: 0.000079  loss: 1.8074 (1.7157)  time: 0.0919  data: 0.0002  max mem: 5762
Epoch: [9] Total time: 0:00:11 (0.0966 s / it)
Averaged stats: lr: 0.000079  loss: 1.8074 (1.7157)
Test:  [ 0/14]  eta: 0:00:08  loss: 0.8638 (0.8638)  acc1: 79.5573 (79.5573)  acc5: 98.8281 (98.8281)  time: 0.6099  data: 0.5790  max mem: 5762
Test:  [10/14]  eta: 0:00:00  loss: 0.8638 (0.8304)  acc1: 79.5573 (80.1728)  acc5: 98.6979 (98.6742)  time: 0.0847  data: 0.0527  max mem: 5762
Test:  [13/14]  eta: 0:00:00  loss: 0.7745 (0.8025)  acc1: 80.9896 (80.8200)  acc5: 98.8281 (98.7900)  time: 0.0717  data: 0.0414  max mem: 5762
Test: Total time: 0:00:01 (0.0766 s / it)
* Acc@1 80.820 Acc@5 98.790 loss 0.802
Accuracy of the network on the 10000 test images: 80.8%
Max accuracy: 80.82%
Epoch: [10]  [  0/117]  eta: 0:01:19  lr: 0.000074  loss: 2.1452 (2.1452)  time: 0.6783  data: 0.5846  max mem: 5762
Epoch: [10]  [ 10/117]  eta: 0:00:15  lr: 0.000074  loss: 1.7868 (1.7178)  time: 0.1453  data: 0.0533  max mem: 5762
Epoch: [10]  [ 20/117]  eta: 0:00:11  lr: 0.000074  loss: 1.7579 (1.7587)  time: 0.0920  data: 0.0002  max mem: 5762
Epoch: [10]  [ 30/117]  eta: 0:00:09  lr: 0.000074  loss: 1.7516 (1.7286)  time: 0.0919  data: 0.0002  max mem: 5762
Epoch: [10]  [ 40/117]  eta: 0:00:08  lr: 0.000074  loss: 1.4071 (1.6712)  time: 0.0919  data: 0.0002  max mem: 5762
Epoch: [10]  [ 50/117]  eta: 0:00:06  lr: 0.000074  loss: 1.3616 (1.6354)  time: 0.0921  data: 0.0002  max mem: 5762
Epoch: [10]  [ 60/117]  eta: 0:00:05  lr: 0.000074  loss: 1.7180 (1.6722)  time: 0.0923  data: 0.0002  max mem: 5762
Epoch: [10]  [ 70/117]  eta: 0:00:04  lr: 0.000074  loss: 1.8160 (1.6726)  time: 0.0922  data: 0.0002  max mem: 5762
Epoch: [10]  [ 80/117]  eta: 0:00:03  lr: 0.000074  loss: 1.6330 (1.6686)  time: 0.0920  data: 0.0002  max mem: 5762
Epoch: [10]  [ 90/117]  eta: 0:00:02  lr: 0.000074  loss: 1.6361 (1.6675)  time: 0.0921  data: 0.0002  max mem: 5762
Epoch: [10]  [100/117]  eta: 0:00:01  lr: 0.000074  loss: 1.6361 (1.6578)  time: 0.0925  data: 0.0004  max mem: 5762
Epoch: [10]  [110/117]  eta: 0:00:00  lr: 0.000074  loss: 1.7406 (1.6698)  time: 0.0921  data: 0.0003  max mem: 5762
Epoch: [10]  [116/117]  eta: 0:00:00  lr: 0.000074  loss: 1.7864 (1.6784)  time: 0.0919  data: 0.0003  max mem: 5762
Epoch: [10] Total time: 0:00:11 (0.0976 s / it)
Averaged stats: lr: 0.000074  loss: 1.7864 (1.6784)
Test:  [ 0/14]  eta: 0:00:07  loss: 0.8311 (0.8311)  acc1: 84.3750 (84.3750)  acc5: 98.9583 (98.9583)  time: 0.5683  data: 0.5375  max mem: 5762
Test:  [10/14]  eta: 0:00:00  loss: 0.8311 (0.8017)  acc1: 84.3750 (84.4342)  acc5: 99.2188 (99.0885)  time: 0.0811  data: 0.0492  max mem: 5762
Test:  [13/14]  eta: 0:00:00  loss: 0.7472 (0.7703)  acc1: 86.0677 (85.2200)  acc5: 99.2188 (99.1700)  time: 0.0689  data: 0.0386  max mem: 5762
Test: Total time: 0:00:01 (0.0729 s / it)
* Acc@1 85.220 Acc@5 99.170 loss 0.770
Accuracy of the network on the 10000 test images: 85.2%
Max accuracy: 85.22%
Epoch: [11]  [  0/117]  eta: 0:01:18  lr: 0.000069  loss: 1.3099 (1.3099)  time: 0.6716  data: 0.5767  max mem: 5762
Epoch: [11]  [ 10/117]  eta: 0:00:15  lr: 0.000069  loss: 1.6971 (1.6053)  time: 0.1444  data: 0.0526  max mem: 5762
Epoch: [11]  [ 20/117]  eta: 0:00:11  lr: 0.000069  loss: 1.6559 (1.5814)  time: 0.0920  data: 0.0002  max mem: 5762
Epoch: [11]  [ 30/117]  eta: 0:00:09  lr: 0.000069  loss: 1.5829 (1.5466)  time: 0.0919  data: 0.0002  max mem: 5762
Epoch: [11]  [ 40/117]  eta: 0:00:08  lr: 0.000069  loss: 1.4615 (1.5455)  time: 0.0912  data: 0.0002  max mem: 5762
Epoch: [11]  [ 50/117]  eta: 0:00:06  lr: 0.000069  loss: 1.5693 (1.5528)  time: 0.0916  data: 0.0002  max mem: 5762
Epoch: [11]  [ 60/117]  eta: 0:00:05  lr: 0.000069  loss: 1.6266 (1.5702)  time: 0.0925  data: 0.0002  max mem: 5762
Epoch: [11]  [ 70/117]  eta: 0:00:04  lr: 0.000069  loss: 1.5963 (1.5806)  time: 0.0919  data: 0.0002  max mem: 5762
Epoch: [11]  [ 80/117]  eta: 0:00:03  lr: 0.000069  loss: 1.7688 (1.6104)  time: 0.0914  data: 0.0002  max mem: 5762
Epoch: [11]  [ 90/117]  eta: 0:00:02  lr: 0.000069  loss: 1.8094 (1.6315)  time: 0.0914  data: 0.0002  max mem: 5762
Epoch: [11]  [100/117]  eta: 0:00:01  lr: 0.000069  loss: 1.7139 (1.6333)  time: 0.0914  data: 0.0004  max mem: 5762
Epoch: [11]  [110/117]  eta: 0:00:00  lr: 0.000069  loss: 1.6791 (1.6313)  time: 0.0912  data: 0.0003  max mem: 5762
Epoch: [11]  [116/117]  eta: 0:00:00  lr: 0.000069  loss: 1.5535 (1.6339)  time: 0.0912  data: 0.0003  max mem: 5762
Epoch: [11] Total time: 0:00:11 (0.0971 s / it)
Averaged stats: lr: 0.000069  loss: 1.5535 (1.6339)
Test:  [ 0/14]  eta: 0:00:08  loss: 0.7310 (0.7310)  acc1: 84.2448 (84.2448)  acc5: 99.4792 (99.4792)  time: 0.5994  data: 0.5685  max mem: 5762
Test:  [10/14]  eta: 0:00:00  loss: 0.7274 (0.7032)  acc1: 84.2448 (84.5407)  acc5: 99.3490 (99.2424)  time: 0.0837  data: 0.0517  max mem: 5762
Test:  [13/14]  eta: 0:00:00  loss: 0.6555 (0.6768)  acc1: 84.3750 (85.1200)  acc5: 99.3490 (99.3400)  time: 0.0708  data: 0.0407  max mem: 5762
Test: Total time: 0:00:01 (0.0748 s / it)
* Acc@1 85.120 Acc@5 99.340 loss 0.677
Accuracy of the network on the 10000 test images: 85.1%
Max accuracy: 85.22%
Epoch: [12]  [  0/117]  eta: 0:01:12  lr: 0.000063  loss: 1.3572 (1.3572)  time: 0.6219  data: 0.5284  max mem: 5762
Epoch: [12]  [ 10/117]  eta: 0:00:15  lr: 0.000063  loss: 1.7209 (1.6864)  time: 0.1409  data: 0.0482  max mem: 5762
Epoch: [12]  [ 20/117]  eta: 0:00:11  lr: 0.000063  loss: 1.7372 (1.7510)  time: 0.0920  data: 0.0002  max mem: 5762
Epoch: [12]  [ 30/117]  eta: 0:00:09  lr: 0.000063  loss: 1.8558 (1.7964)  time: 0.0914  data: 0.0002  max mem: 5762
Epoch: [12]  [ 40/117]  eta: 0:00:08  lr: 0.000063  loss: 1.8097 (1.7738)  time: 0.0915  data: 0.0002  max mem: 5762
Epoch: [12]  [ 50/117]  eta: 0:00:06  lr: 0.000063  loss: 1.6317 (1.7417)  time: 0.0914  data: 0.0002  max mem: 5762
Epoch: [12]  [ 60/117]  eta: 0:00:05  lr: 0.000063  loss: 1.4851 (1.7088)  time: 0.0914  data: 0.0002  max mem: 5762
Epoch: [12]  [ 70/117]  eta: 0:00:04  lr: 0.000063  loss: 1.5286 (1.6877)  time: 0.0914  data: 0.0002  max mem: 5762
Epoch: [12]  [ 80/117]  eta: 0:00:03  lr: 0.000063  loss: 1.5286 (1.6642)  time: 0.0916  data: 0.0002  max mem: 5762
Epoch: [12]  [ 90/117]  eta: 0:00:02  lr: 0.000063  loss: 1.6142 (1.6695)  time: 0.0920  data: 0.0002  max mem: 5762
Epoch: [12]  [100/117]  eta: 0:00:01  lr: 0.000063  loss: 1.8188 (1.6766)  time: 0.0919  data: 0.0004  max mem: 5762
Epoch: [12]  [110/117]  eta: 0:00:00  lr: 0.000063  loss: 1.8549 (1.6872)  time: 0.0917  data: 0.0003  max mem: 5762
Epoch: [12]  [116/117]  eta: 0:00:00  lr: 0.000063  loss: 1.8549 (1.6853)  time: 0.0920  data: 0.0002  max mem: 5762
Epoch: [12] Total time: 0:00:11 (0.0967 s / it)
Averaged stats: lr: 0.000063  loss: 1.8549 (1.6853)
Test:  [ 0/14]  eta: 0:00:08  loss: 0.7147 (0.7147)  acc1: 86.4583 (86.4583)  acc5: 99.7396 (99.7396)  time: 0.6112  data: 0.5802  max mem: 5762
Test:  [10/14]  eta: 0:00:00  loss: 0.7147 (0.6887)  acc1: 86.4583 (87.5710)  acc5: 99.6094 (99.4555)  time: 0.0848  data: 0.0528  max mem: 5762
Test:  [13/14]  eta: 0:00:00  loss: 0.6403 (0.6611)  acc1: 88.2812 (88.1800)  acc5: 99.7396 (99.5400)  time: 0.0718  data: 0.0415  max mem: 5762
Test: Total time: 0:00:01 (0.0758 s / it)
* Acc@1 88.180 Acc@5 99.540 loss 0.661
Accuracy of the network on the 10000 test images: 88.2%
Max accuracy: 88.18%
Epoch: [13]  [  0/117]  eta: 0:01:18  lr: 0.000058  loss: 1.9937 (1.9937)  time: 0.6681  data: 0.5743  max mem: 5762
Epoch: [13]  [ 10/117]  eta: 0:00:15  lr: 0.000058  loss: 1.4422 (1.5423)  time: 0.1442  data: 0.0524  max mem: 5762
Epoch: [13]  [ 20/117]  eta: 0:00:11  lr: 0.000058  loss: 1.4422 (1.5412)  time: 0.0921  data: 0.0002  max mem: 5762
Epoch: [13]  [ 30/117]  eta: 0:00:09  lr: 0.000058  loss: 1.6389 (1.6090)  time: 0.0921  data: 0.0002  max mem: 5762
Epoch: [13]  [ 40/117]  eta: 0:00:08  lr: 0.000058  loss: 1.6512 (1.5789)  time: 0.0919  data: 0.0002  max mem: 5762
Epoch: [13]  [ 50/117]  eta: 0:00:06  lr: 0.000058  loss: 1.5328 (1.5680)  time: 0.0917  data: 0.0002  max mem: 5762
Epoch: [13]  [ 60/117]  eta: 0:00:05  lr: 0.000058  loss: 1.5884 (1.5821)  time: 0.0917  data: 0.0002  max mem: 5762
Epoch: [13]  [ 70/117]  eta: 0:00:04  lr: 0.000058  loss: 1.6862 (1.6134)  time: 0.0920  data: 0.0002  max mem: 5762
Epoch: [13]  [ 80/117]  eta: 0:00:03  lr: 0.000058  loss: 1.6809 (1.6117)  time: 0.0921  data: 0.0002  max mem: 5762
Epoch: [13]  [ 90/117]  eta: 0:00:02  lr: 0.000058  loss: 1.4687 (1.5876)  time: 0.0921  data: 0.0002  max mem: 5762
Epoch: [13]  [100/117]  eta: 0:00:01  lr: 0.000058  loss: 1.4939 (1.5879)  time: 0.0925  data: 0.0004  max mem: 5762
Epoch: [13]  [110/117]  eta: 0:00:00  lr: 0.000058  loss: 1.4114 (1.5733)  time: 0.0923  data: 0.0003  max mem: 5762
Epoch: [13]  [116/117]  eta: 0:00:00  lr: 0.000058  loss: 1.3611 (1.5603)  time: 0.0919  data: 0.0003  max mem: 5762
Epoch: [13] Total time: 0:00:11 (0.0976 s / it)
Averaged stats: lr: 0.000058  loss: 1.3611 (1.5603)
Test:  [ 0/14]  eta: 0:00:08  loss: 0.5416 (0.5416)  acc1: 88.5417 (88.5417)  acc5: 99.6094 (99.6094)  time: 0.6135  data: 0.5826  max mem: 5762
Test:  [10/14]  eta: 0:00:00  loss: 0.5416 (0.5200)  acc1: 88.5417 (89.4058)  acc5: 99.6094 (99.4673)  time: 0.0850  data: 0.0530  max mem: 5762
Test:  [13/14]  eta: 0:00:00  loss: 0.4675 (0.4909)  acc1: 90.6250 (89.9600)  acc5: 99.6094 (99.5400)  time: 0.0720  data: 0.0417  max mem: 5762
Test: Total time: 0:00:01 (0.0760 s / it)
* Acc@1 89.960 Acc@5 99.540 loss 0.491
Accuracy of the network on the 10000 test images: 90.0%
Max accuracy: 89.96%
Epoch: [14]  [  0/117]  eta: 0:01:15  lr: 0.000052  loss: 0.9862 (0.9862)  time: 0.6473  data: 0.5521  max mem: 5762
Epoch: [14]  [ 10/117]  eta: 0:00:15  lr: 0.000052  loss: 1.7240 (1.5611)  time: 0.1425  data: 0.0504  max mem: 5762
Epoch: [14]  [ 20/117]  eta: 0:00:11  lr: 0.000052  loss: 1.7073 (1.5599)  time: 0.0923  data: 0.0002  max mem: 5762
Epoch: [14]  [ 30/117]  eta: 0:00:09  lr: 0.000052  loss: 1.5738 (1.5522)  time: 0.0924  data: 0.0002  max mem: 5762
Epoch: [14]  [ 40/117]  eta: 0:00:08  lr: 0.000052  loss: 1.5778 (1.5661)  time: 0.0920  data: 0.0002  max mem: 5762
Epoch: [14]  [ 50/117]  eta: 0:00:06  lr: 0.000052  loss: 1.6685 (1.5860)  time: 0.0914  data: 0.0002  max mem: 5762
Epoch: [14]  [ 60/117]  eta: 0:00:05  lr: 0.000052  loss: 1.5856 (1.5709)  time: 0.0913  data: 0.0002  max mem: 5762
Epoch: [14]  [ 70/117]  eta: 0:00:04  lr: 0.000052  loss: 1.4238 (1.5467)  time: 0.0914  data: 0.0002  max mem: 5762
Epoch: [14]  [ 80/117]  eta: 0:00:03  lr: 0.000052  loss: 1.4412 (1.5455)  time: 0.0912  data: 0.0002  max mem: 5762
Epoch: [14]  [ 90/117]  eta: 0:00:02  lr: 0.000052  loss: 1.4412 (1.5455)  time: 0.0911  data: 0.0002  max mem: 5762
Epoch: [14]  [100/117]  eta: 0:00:01  lr: 0.000052  loss: 1.4051 (1.5225)  time: 0.0914  data: 0.0004  max mem: 5762
Epoch: [14]  [110/117]  eta: 0:00:00  lr: 0.000052  loss: 1.5129 (1.5350)  time: 0.0912  data: 0.0003  max mem: 5762
Epoch: [14]  [116/117]  eta: 0:00:00  lr: 0.000052  loss: 1.5181 (1.5456)  time: 0.0910  data: 0.0003  max mem: 5762
Epoch: [14] Total time: 0:00:11 (0.0968 s / it)
Averaged stats: lr: 0.000052  loss: 1.5181 (1.5456)
Test:  [ 0/14]  eta: 0:00:07  loss: 0.5488 (0.5488)  acc1: 90.4948 (90.4948)  acc5: 99.6094 (99.6094)  time: 0.5386  data: 0.5076  max mem: 5762
Test:  [10/14]  eta: 0:00:00  loss: 0.5488 (0.5235)  acc1: 90.4948 (91.4654)  acc5: 99.6094 (99.6331)  time: 0.0783  data: 0.0462  max mem: 5762
Test:  [13/14]  eta: 0:00:00  loss: 0.4814 (0.4963)  acc1: 91.9271 (91.9800)  acc5: 99.7396 (99.6900)  time: 0.0666  data: 0.0363  max mem: 5762
Test: Total time: 0:00:00 (0.0706 s / it)
* Acc@1 91.980 Acc@5 99.690 loss 0.496
Accuracy of the network on the 10000 test images: 92.0%
Max accuracy: 91.98%
Epoch: [15]  [  0/117]  eta: 0:01:16  lr: 0.000047  loss: 1.1918 (1.1918)  time: 0.6522  data: 0.5586  max mem: 5762
Epoch: [15]  [ 10/117]  eta: 0:00:15  lr: 0.000047  loss: 1.3563 (1.3903)  time: 0.1423  data: 0.0510  max mem: 5762
Epoch: [15]  [ 20/117]  eta: 0:00:11  lr: 0.000047  loss: 1.5865 (1.5403)  time: 0.0913  data: 0.0002  max mem: 5762
Epoch: [15]  [ 30/117]  eta: 0:00:09  lr: 0.000047  loss: 1.7365 (1.5650)  time: 0.0913  data: 0.0002  max mem: 5762
Epoch: [15]  [ 40/117]  eta: 0:00:08  lr: 0.000047  loss: 1.7199 (1.6172)  time: 0.0917  data: 0.0002  max mem: 5762
Epoch: [15]  [ 50/117]  eta: 0:00:06  lr: 0.000047  loss: 1.7199 (1.6150)  time: 0.0917  data: 0.0002  max mem: 5762
Epoch: [15]  [ 60/117]  eta: 0:00:05  lr: 0.000047  loss: 1.7012 (1.6145)  time: 0.0918  data: 0.0002  max mem: 5762
Epoch: [15]  [ 70/117]  eta: 0:00:04  lr: 0.000047  loss: 1.6565 (1.6087)  time: 0.0921  data: 0.0002  max mem: 5762
Epoch: [15]  [ 80/117]  eta: 0:00:03  lr: 0.000047  loss: 1.7545 (1.6285)  time: 0.0916  data: 0.0002  max mem: 5762
Epoch: [15]  [ 90/117]  eta: 0:00:02  lr: 0.000047  loss: 1.7973 (1.6170)  time: 0.0938  data: 0.0002  max mem: 5762
Epoch: [15]  [100/117]  eta: 0:00:01  lr: 0.000047  loss: 1.4114 (1.6045)  time: 0.0943  data: 0.0004  max mem: 5762
Epoch: [15]  [110/117]  eta: 0:00:00  lr: 0.000047  loss: 1.6589 (1.6123)  time: 0.0919  data: 0.0003  max mem: 5762
Epoch: [15]  [116/117]  eta: 0:00:00  lr: 0.000047  loss: 1.6403 (1.6077)  time: 0.0919  data: 0.0003  max mem: 5762
Epoch: [15] Total time: 0:00:11 (0.0974 s / it)
Averaged stats: lr: 0.000047  loss: 1.6403 (1.6077)
Test:  [ 0/14]  eta: 0:00:07  loss: 0.5633 (0.5633)  acc1: 90.6250 (90.6250)  acc5: 99.7396 (99.7396)  time: 0.5552  data: 0.5243  max mem: 5762
Test:  [10/14]  eta: 0:00:00  loss: 0.5633 (0.5307)  acc1: 90.6250 (90.9920)  acc5: 99.7396 (99.6686)  time: 0.0814  data: 0.0494  max mem: 5762
Test:  [13/14]  eta: 0:00:00  loss: 0.4870 (0.5022)  acc1: 90.8854 (91.5500)  acc5: 99.7396 (99.7200)  time: 0.0690  data: 0.0388  max mem: 5762
Test: Total time: 0:00:01 (0.0731 s / it)
* Acc@1 91.550 Acc@5 99.720 loss 0.502
Accuracy of the network on the 10000 test images: 91.6%
Max accuracy: 91.98%
Epoch: [16]  [  0/117]  eta: 0:01:13  lr: 0.000041  loss: 1.9656 (1.9656)  time: 0.6260  data: 0.5300  max mem: 5762
Epoch: [16]  [ 10/117]  eta: 0:00:15  lr: 0.000041  loss: 1.7424 (1.7783)  time: 0.1407  data: 0.0484  max mem: 5762
Epoch: [16]  [ 20/117]  eta: 0:00:11  lr: 0.000041  loss: 1.6759 (1.6472)  time: 0.0921  data: 0.0002  max mem: 5762
Epoch: [16]  [ 30/117]  eta: 0:00:09  lr: 0.000041  loss: 1.5139 (1.6299)  time: 0.0921  data: 0.0002  max mem: 5762
Epoch: [16]  [ 40/117]  eta: 0:00:08  lr: 0.000041  loss: 1.7519 (1.6611)  time: 0.0922  data: 0.0002  max mem: 5762
Epoch: [16]  [ 50/117]  eta: 0:00:06  lr: 0.000041  loss: 1.7519 (1.6367)  time: 0.0921  data: 0.0003  max mem: 5762
Epoch: [16]  [ 60/117]  eta: 0:00:05  lr: 0.000041  loss: 1.5161 (1.6155)  time: 0.0925  data: 0.0002  max mem: 5762
Epoch: [16]  [ 70/117]  eta: 0:00:04  lr: 0.000041  loss: 1.5470 (1.6103)  time: 0.0924  data: 0.0002  max mem: 5762
Epoch: [16]  [ 80/117]  eta: 0:00:03  lr: 0.000041  loss: 1.5780 (1.6021)  time: 0.0917  data: 0.0002  max mem: 5762
Epoch: [16]  [ 90/117]  eta: 0:00:02  lr: 0.000041  loss: 1.3645 (1.5784)  time: 0.0918  data: 0.0002  max mem: 5762
Epoch: [16]  [100/117]  eta: 0:00:01  lr: 0.000041  loss: 1.2433 (1.5704)  time: 0.0920  data: 0.0004  max mem: 5762
Epoch: [16]  [110/117]  eta: 0:00:00  lr: 0.000041  loss: 1.5695 (1.5633)  time: 0.0917  data: 0.0003  max mem: 5762
Epoch: [16]  [116/117]  eta: 0:00:00  lr: 0.000041  loss: 1.3390 (1.5604)  time: 0.0916  data: 0.0003  max mem: 5762
Epoch: [16] Total time: 0:00:11 (0.0971 s / it)
Averaged stats: lr: 0.000041  loss: 1.3390 (1.5604)
Test:  [ 0/14]  eta: 0:00:08  loss: 0.5059 (0.5059)  acc1: 90.8854 (90.8854)  acc5: 99.6094 (99.6094)  time: 0.6057  data: 0.5749  max mem: 5762
Test:  [10/14]  eta: 0:00:00  loss: 0.5059 (0.4773)  acc1: 90.8854 (92.3177)  acc5: 99.6094 (99.6567)  time: 0.0844  data: 0.0523  max mem: 5762
Test:  [13/14]  eta: 0:00:00  loss: 0.4375 (0.4492)  acc1: 92.7083 (92.7400)  acc5: 99.7396 (99.7100)  time: 0.0718  data: 0.0411  max mem: 5762
Test: Total time: 0:00:01 (0.0758 s / it)
* Acc@1 92.740 Acc@5 99.710 loss 0.449
Accuracy of the network on the 10000 test images: 92.7%
Max accuracy: 92.74%
Epoch: [17]  [  0/117]  eta: 0:01:11  lr: 0.000036  loss: 1.8738 (1.8738)  time: 0.6136  data: 0.5176  max mem: 5762
Epoch: [17]  [ 10/117]  eta: 0:00:14  lr: 0.000036  loss: 1.3043 (1.3221)  time: 0.1392  data: 0.0473  max mem: 5762
Epoch: [17]  [ 20/117]  eta: 0:00:11  lr: 0.000036  loss: 1.2280 (1.3646)  time: 0.0920  data: 0.0003  max mem: 5762
Epoch: [17]  [ 30/117]  eta: 0:00:09  lr: 0.000036  loss: 1.5854 (1.4637)  time: 0.0919  data: 0.0002  max mem: 5762
Epoch: [17]  [ 40/117]  eta: 0:00:08  lr: 0.000036  loss: 1.5854 (1.4487)  time: 0.0914  data: 0.0002  max mem: 5762
Epoch: [17]  [ 50/117]  eta: 0:00:06  lr: 0.000036  loss: 1.5300 (1.4757)  time: 0.0914  data: 0.0002  max mem: 5762
Epoch: [17]  [ 60/117]  eta: 0:00:05  lr: 0.000036  loss: 1.3986 (1.4602)  time: 0.0915  data: 0.0002  max mem: 5762
Epoch: [17]  [ 70/117]  eta: 0:00:04  lr: 0.000036  loss: 1.3189 (1.4458)  time: 0.0914  data: 0.0002  max mem: 5762
Epoch: [17]  [ 80/117]  eta: 0:00:03  lr: 0.000036  loss: 1.5296 (1.4694)  time: 0.0915  data: 0.0002  max mem: 5762
Epoch: [17]  [ 90/117]  eta: 0:00:02  lr: 0.000036  loss: 1.5332 (1.4653)  time: 0.0919  data: 0.0002  max mem: 5762
Epoch: [17]  [100/117]  eta: 0:00:01  lr: 0.000036  loss: 1.4779 (1.4648)  time: 0.0920  data: 0.0004  max mem: 5762
Epoch: [17]  [110/117]  eta: 0:00:00  lr: 0.000036  loss: 1.4779 (1.4620)  time: 0.0912  data: 0.0003  max mem: 5762
Epoch: [17]  [116/117]  eta: 0:00:00  lr: 0.000036  loss: 1.5726 (1.4716)  time: 0.0909  data: 0.0002  max mem: 5762
Epoch: [17] Total time: 0:00:11 (0.0965 s / it)
Averaged stats: lr: 0.000036  loss: 1.5726 (1.4716)
Test:  [ 0/14]  eta: 0:00:07  loss: 0.4854 (0.4854)  acc1: 91.1458 (91.1458)  acc5: 99.7396 (99.7396)  time: 0.5324  data: 0.5013  max mem: 5762
Test:  [10/14]  eta: 0:00:00  loss: 0.4854 (0.4611)  acc1: 91.1458 (92.1402)  acc5: 99.7396 (99.6922)  time: 0.0778  data: 0.0456  max mem: 5762
Test:  [13/14]  eta: 0:00:00  loss: 0.4185 (0.4331)  acc1: 92.1875 (92.7100)  acc5: 99.7396 (99.7400)  time: 0.0663  data: 0.0359  max mem: 5762
Test: Total time: 0:00:00 (0.0702 s / it)
* Acc@1 92.710 Acc@5 99.740 loss 0.433
Accuracy of the network on the 10000 test images: 92.7%
Max accuracy: 92.74%
Epoch: [18]  [  0/117]  eta: 0:01:10  lr: 0.000031  loss: 1.8303 (1.8303)  time: 0.5998  data: 0.5053  max mem: 5762
Epoch: [18]  [ 10/117]  eta: 0:00:14  lr: 0.000031  loss: 1.7259 (1.6911)  time: 0.1377  data: 0.0462  max mem: 5762
Epoch: [18]  [ 20/117]  eta: 0:00:11  lr: 0.000031  loss: 1.5781 (1.5988)  time: 0.0916  data: 0.0002  max mem: 5762
Epoch: [18]  [ 30/117]  eta: 0:00:09  lr: 0.000031  loss: 1.5114 (1.5926)  time: 0.0916  data: 0.0002  max mem: 5762
Epoch: [18]  [ 40/117]  eta: 0:00:08  lr: 0.000031  loss: 1.7414 (1.5914)  time: 0.0918  data: 0.0002  max mem: 5762
Epoch: [18]  [ 50/117]  eta: 0:00:06  lr: 0.000031  loss: 1.6987 (1.5495)  time: 0.0919  data: 0.0002  max mem: 5762
Epoch: [18]  [ 60/117]  eta: 0:00:05  lr: 0.000031  loss: 1.2774 (1.5422)  time: 0.0917  data: 0.0002  max mem: 5762
Epoch: [18]  [ 70/117]  eta: 0:00:04  lr: 0.000031  loss: 1.5360 (1.5541)  time: 0.0918  data: 0.0002  max mem: 5762
Epoch: [18]  [ 80/117]  eta: 0:00:03  lr: 0.000031  loss: 1.7272 (1.5668)  time: 0.0921  data: 0.0002  max mem: 5762
Epoch: [18]  [ 90/117]  eta: 0:00:02  lr: 0.000031  loss: 1.4566 (1.5465)  time: 0.0921  data: 0.0002  max mem: 5762
Epoch: [18]  [100/117]  eta: 0:00:01  lr: 0.000031  loss: 1.4547 (1.5391)  time: 0.0923  data: 0.0004  max mem: 5762
Epoch: [18]  [110/117]  eta: 0:00:00  lr: 0.000031  loss: 1.6309 (1.5389)  time: 0.0922  data: 0.0003  max mem: 5762
Epoch: [18]  [116/117]  eta: 0:00:00  lr: 0.000031  loss: 1.5360 (1.5412)  time: 0.0919  data: 0.0003  max mem: 5762
Epoch: [18] Total time: 0:00:11 (0.0969 s / it)
Averaged stats: lr: 0.000031  loss: 1.5360 (1.5412)
Test:  [ 0/14]  eta: 0:00:08  loss: 0.4896 (0.4896)  acc1: 91.4062 (91.4062)  acc5: 99.8698 (99.8698)  time: 0.6196  data: 0.5888  max mem: 5762
Test:  [10/14]  eta: 0:00:00  loss: 0.4896 (0.4601)  acc1: 91.9271 (92.7320)  acc5: 99.8698 (99.8461)  time: 0.0856  data: 0.0536  max mem: 5762
Test:  [13/14]  eta: 0:00:00  loss: 0.4132 (0.4338)  acc1: 92.1875 (93.1800)  acc5: 99.8698 (99.8700)  time: 0.0724  data: 0.0421  max mem: 5762
Test: Total time: 0:00:01 (0.0763 s / it)
* Acc@1 93.180 Acc@5 99.870 loss 0.434
Accuracy of the network on the 10000 test images: 93.2%
Max accuracy: 93.18%
Epoch: [19]  [  0/117]  eta: 0:01:18  lr: 0.000026  loss: 2.0532 (2.0532)  time: 0.6672  data: 0.5742  max mem: 5762
Epoch: [19]  [ 10/117]  eta: 0:00:15  lr: 0.000026  loss: 1.1803 (1.3720)  time: 0.1459  data: 0.0524  max mem: 5762
Epoch: [19]  [ 20/117]  eta: 0:00:11  lr: 0.000026  loss: 1.2246 (1.3580)  time: 0.0927  data: 0.0003  max mem: 5762
Epoch: [19]  [ 30/117]  eta: 0:00:09  lr: 0.000026  loss: 1.5032 (1.4876)  time: 0.0918  data: 0.0002  max mem: 5762
Epoch: [19]  [ 40/117]  eta: 0:00:08  lr: 0.000026  loss: 1.7429 (1.5060)  time: 0.0941  data: 0.0002  max mem: 5762
Epoch: [19]  [ 50/117]  eta: 0:00:06  lr: 0.000026  loss: 1.6281 (1.5279)  time: 0.0941  data: 0.0002  max mem: 5762
Epoch: [19]  [ 60/117]  eta: 0:00:05  lr: 0.000026  loss: 1.5948 (1.5192)  time: 0.0923  data: 0.0003  max mem: 5762
Epoch: [19]  [ 70/117]  eta: 0:00:04  lr: 0.000026  loss: 1.6264 (1.5283)  time: 0.0924  data: 0.0003  max mem: 5762
Epoch: [19]  [ 80/117]  eta: 0:00:03  lr: 0.000026  loss: 1.5131 (1.5079)  time: 0.0924  data: 0.0002  max mem: 5762
Epoch: [19]  [ 90/117]  eta: 0:00:02  lr: 0.000026  loss: 1.4565 (1.5040)  time: 0.0926  data: 0.0002  max mem: 5762
Epoch: [19]  [100/117]  eta: 0:00:01  lr: 0.000026  loss: 1.3698 (1.4875)  time: 0.0924  data: 0.0004  max mem: 5762
Epoch: [19]  [110/117]  eta: 0:00:00  lr: 0.000026  loss: 1.4782 (1.4989)  time: 0.0920  data: 0.0003  max mem: 5762
Epoch: [19]  [116/117]  eta: 0:00:00  lr: 0.000026  loss: 1.6172 (1.4969)  time: 0.0922  data: 0.0003  max mem: 5762
Epoch: [19] Total time: 0:00:11 (0.0981 s / it)
Averaged stats: lr: 0.000026  loss: 1.6172 (1.4969)
Test:  [ 0/14]  eta: 0:00:07  loss: 0.4639 (0.4639)  acc1: 92.0573 (92.0573)  acc5: 99.7396 (99.7396)  time: 0.5598  data: 0.5290  max mem: 5762
Test:  [10/14]  eta: 0:00:00  loss: 0.4639 (0.4403)  acc1: 92.0573 (92.6610)  acc5: 99.7396 (99.7514)  time: 0.0818  data: 0.0498  max mem: 5762
Test:  [13/14]  eta: 0:00:00  loss: 0.4004 (0.4126)  acc1: 92.4479 (93.0800)  acc5: 99.8698 (99.7900)  time: 0.0695  data: 0.0392  max mem: 5762
Test: Total time: 0:00:01 (0.0735 s / it)
* Acc@1 93.080 Acc@5 99.790 loss 0.413
Accuracy of the network on the 10000 test images: 93.1%
Max accuracy: 93.18%
Epoch: [20]  [  0/117]  eta: 0:01:17  lr: 0.000022  loss: 1.5728 (1.5728)  time: 0.6630  data: 0.5689  max mem: 5762
Epoch: [20]  [ 10/117]  eta: 0:00:15  lr: 0.000022  loss: 1.5321 (1.4549)  time: 0.1436  data: 0.0519  max mem: 5762
Epoch: [20]  [ 20/117]  eta: 0:00:11  lr: 0.000022  loss: 1.3562 (1.4231)  time: 0.0914  data: 0.0002  max mem: 5762
Epoch: [20]  [ 30/117]  eta: 0:00:09  lr: 0.000022  loss: 1.5362 (1.4361)  time: 0.0913  data: 0.0002  max mem: 5762
Epoch: [20]  [ 40/117]  eta: 0:00:08  lr: 0.000022  loss: 1.6214 (1.5010)  time: 0.0914  data: 0.0002  max mem: 5762
Epoch: [20]  [ 50/117]  eta: 0:00:06  lr: 0.000022  loss: 1.6794 (1.5002)  time: 0.0913  data: 0.0002  max mem: 5762
Epoch: [20]  [ 60/117]  eta: 0:00:05  lr: 0.000022  loss: 1.3963 (1.4679)  time: 0.0914  data: 0.0002  max mem: 5762
Epoch: [20]  [ 70/117]  eta: 0:00:04  lr: 0.000022  loss: 1.2925 (1.4782)  time: 0.0914  data: 0.0002  max mem: 5762
Epoch: [20]  [ 80/117]  eta: 0:00:03  lr: 0.000022  loss: 1.5446 (1.4857)  time: 0.0917  data: 0.0002  max mem: 5762
Epoch: [20]  [ 90/117]  eta: 0:00:02  lr: 0.000022  loss: 1.6863 (1.5157)  time: 0.0916  data: 0.0002  max mem: 5762
Epoch: [20]  [100/117]  eta: 0:00:01  lr: 0.000022  loss: 1.5713 (1.5050)  time: 0.0912  data: 0.0003  max mem: 5762
Epoch: [20]  [110/117]  eta: 0:00:00  lr: 0.000022  loss: 1.4287 (1.4986)  time: 0.0911  data: 0.0003  max mem: 5762
Epoch: [20]  [116/117]  eta: 0:00:00  lr: 0.000022  loss: 1.4742 (1.5031)  time: 0.0913  data: 0.0002  max mem: 5762
Epoch: [20] Total time: 0:00:11 (0.0968 s / it)
Averaged stats: lr: 0.000022  loss: 1.4742 (1.5031)
Test:  [ 0/14]  eta: 0:00:08  loss: 0.4571 (0.4571)  acc1: 92.7083 (92.7083)  acc5: 99.7396 (99.7396)  time: 0.6120  data: 0.5812  max mem: 5762
Test:  [10/14]  eta: 0:00:00  loss: 0.4571 (0.4303)  acc1: 92.9688 (93.6908)  acc5: 99.6094 (99.6804)  time: 0.0850  data: 0.0529  max mem: 5762
Test:  [13/14]  eta: 0:00:00  loss: 0.3951 (0.4049)  acc1: 94.2708 (94.0100)  acc5: 99.7396 (99.7300)  time: 0.0719  data: 0.0416  max mem: 5762
Test: Total time: 0:00:01 (0.0759 s / it)
* Acc@1 94.010 Acc@5 99.730 loss 0.405
Accuracy of the network on the 10000 test images: 94.0%
Max accuracy: 94.01%
Epoch: [21]  [  0/117]  eta: 0:01:10  lr: 0.000019  loss: 2.0738 (2.0738)  time: 0.6047  data: 0.5090  max mem: 5762
Epoch: [21]  [ 10/117]  eta: 0:00:14  lr: 0.000019  loss: 1.5048 (1.5005)  time: 0.1382  data: 0.0465  max mem: 5762
Epoch: [21]  [ 20/117]  eta: 0:00:11  lr: 0.000019  loss: 1.4515 (1.4684)  time: 0.0916  data: 0.0002  max mem: 5762
Epoch: [21]  [ 30/117]  eta: 0:00:09  lr: 0.000019  loss: 1.4515 (1.4710)  time: 0.0921  data: 0.0002  max mem: 5762
Epoch: [21]  [ 40/117]  eta: 0:00:08  lr: 0.000019  loss: 1.3554 (1.4706)  time: 0.0919  data: 0.0002  max mem: 5762
Epoch: [21]  [ 50/117]  eta: 0:00:06  lr: 0.000019  loss: 1.5391 (1.5133)  time: 0.0924  data: 0.0002  max mem: 5762
Epoch: [21]  [ 60/117]  eta: 0:00:05  lr: 0.000019  loss: 1.7170 (1.5162)  time: 0.0929  data: 0.0002  max mem: 5762
Epoch: [21]  [ 70/117]  eta: 0:00:04  lr: 0.000019  loss: 1.5750 (1.5164)  time: 0.0923  data: 0.0003  max mem: 5762
Epoch: [21]  [ 80/117]  eta: 0:00:03  lr: 0.000019  loss: 1.6749 (1.5470)  time: 0.0923  data: 0.0003  max mem: 5762
Epoch: [21]  [ 90/117]  eta: 0:00:02  lr: 0.000019  loss: 1.7102 (1.5485)  time: 0.0922  data: 0.0002  max mem: 5762
Epoch: [21]  [100/117]  eta: 0:00:01  lr: 0.000019  loss: 1.6110 (1.5438)  time: 0.0925  data: 0.0004  max mem: 5762
Epoch: [21]  [110/117]  eta: 0:00:00  lr: 0.000019  loss: 1.4682 (1.5377)  time: 0.0923  data: 0.0003  max mem: 5762
Epoch: [21]  [116/117]  eta: 0:00:00  lr: 0.000019  loss: 1.4712 (1.5429)  time: 0.0929  data: 0.0002  max mem: 5762
Epoch: [21] Total time: 0:00:11 (0.0972 s / it)
Averaged stats: lr: 0.000019  loss: 1.4712 (1.5429)
Test:  [ 0/14]  eta: 0:00:08  loss: 0.4732 (0.4732)  acc1: 92.5781 (92.5781)  acc5: 99.7396 (99.7396)  time: 0.5993  data: 0.5683  max mem: 5762
Test:  [10/14]  eta: 0:00:00  loss: 0.4732 (0.4463)  acc1: 92.5781 (93.2292)  acc5: 99.8698 (99.7988)  time: 0.0838  data: 0.0517  max mem: 5762
Test:  [13/14]  eta: 0:00:00  loss: 0.4083 (0.4210)  acc1: 93.2292 (93.6700)  acc5: 99.8698 (99.8300)  time: 0.0710  data: 0.0407  max mem: 5762
Test: Total time: 0:00:01 (0.0749 s / it)
* Acc@1 93.670 Acc@5 99.830 loss 0.421
Accuracy of the network on the 10000 test images: 93.7%
Max accuracy: 94.01%
Epoch: [22]  [  0/117]  eta: 0:01:16  lr: 0.000016  loss: 0.9520 (0.9520)  time: 0.6556  data: 0.5618  max mem: 5762
Epoch: [22]  [ 10/117]  eta: 0:00:15  lr: 0.000016  loss: 1.8113 (1.6615)  time: 0.1430  data: 0.0513  max mem: 5762
Epoch: [22]  [ 20/117]  eta: 0:00:11  lr: 0.000016  loss: 1.6845 (1.5852)  time: 0.0915  data: 0.0002  max mem: 5762
Epoch: [22]  [ 30/117]  eta: 0:00:09  lr: 0.000016  loss: 1.3056 (1.5045)  time: 0.0917  data: 0.0002  max mem: 5762
Epoch: [22]  [ 40/117]  eta: 0:00:08  lr: 0.000016  loss: 1.4358 (1.5015)  time: 0.0922  data: 0.0002  max mem: 5762
Epoch: [22]  [ 50/117]  eta: 0:00:06  lr: 0.000016  loss: 1.4875 (1.4786)  time: 0.0928  data: 0.0002  max mem: 5762
Epoch: [22]  [ 60/117]  eta: 0:00:05  lr: 0.000016  loss: 1.5311 (1.4974)  time: 0.0926  data: 0.0002  max mem: 5762
Epoch: [22]  [ 70/117]  eta: 0:00:04  lr: 0.000016  loss: 1.5709 (1.4746)  time: 0.0920  data: 0.0002  max mem: 5762
Epoch: [22]  [ 80/117]  eta: 0:00:03  lr: 0.000016  loss: 1.6214 (1.4956)  time: 0.0920  data: 0.0002  max mem: 5762
Epoch: [22]  [ 90/117]  eta: 0:00:02  lr: 0.000016  loss: 1.5457 (1.4707)  time: 0.0924  data: 0.0002  max mem: 5762
Epoch: [22]  [100/117]  eta: 0:00:01  lr: 0.000016  loss: 1.5576 (1.4957)  time: 0.0925  data: 0.0004  max mem: 5762
Epoch: [22]  [110/117]  eta: 0:00:00  lr: 0.000016  loss: 1.7402 (1.5130)  time: 0.0919  data: 0.0003  max mem: 5762
Epoch: [22]  [116/117]  eta: 0:00:00  lr: 0.000016  loss: 1.6894 (1.5113)  time: 0.0920  data: 0.0003  max mem: 5762
Epoch: [22] Total time: 0:00:11 (0.0975 s / it)
Averaged stats: lr: 0.000016  loss: 1.6894 (1.5113)
Test:  [ 0/14]  eta: 0:00:08  loss: 0.4834 (0.4834)  acc1: 92.3177 (92.3177)  acc5: 99.8698 (99.8698)  time: 0.6190  data: 0.5880  max mem: 5762
Test:  [10/14]  eta: 0:00:00  loss: 0.4834 (0.4538)  acc1: 93.2292 (93.8802)  acc5: 99.7396 (99.7633)  time: 0.0856  data: 0.0535  max mem: 5762
Test:  [13/14]  eta: 0:00:00  loss: 0.4147 (0.4300)  acc1: 94.1406 (94.2600)  acc5: 99.8698 (99.8000)  time: 0.0724  data: 0.0421  max mem: 5762
Test: Total time: 0:00:01 (0.0763 s / it)
* Acc@1 94.260 Acc@5 99.800 loss 0.430
Accuracy of the network on the 10000 test images: 94.3%
Max accuracy: 94.26%
Epoch: [23]  [  0/117]  eta: 0:01:15  lr: 0.000013  loss: 1.6571 (1.6571)  time: 0.6439  data: 0.5507  max mem: 5762
Epoch: [23]  [ 10/117]  eta: 0:00:15  lr: 0.000013  loss: 1.6782 (1.6510)  time: 0.1415  data: 0.0503  max mem: 5762
Epoch: [23]  [ 20/117]  eta: 0:00:11  lr: 0.000013  loss: 1.6782 (1.5861)  time: 0.0913  data: 0.0002  max mem: 5762
Epoch: [23]  [ 30/117]  eta: 0:00:09  lr: 0.000013  loss: 1.6474 (1.5830)  time: 0.0912  data: 0.0002  max mem: 5762
Epoch: [23]  [ 40/117]  eta: 0:00:08  lr: 0.000013  loss: 1.4197 (1.5195)  time: 0.0916  data: 0.0002  max mem: 5762
Epoch: [23]  [ 50/117]  eta: 0:00:06  lr: 0.000013  loss: 1.3801 (1.5031)  time: 0.0920  data: 0.0002  max mem: 5762
Epoch: [23]  [ 60/117]  eta: 0:00:05  lr: 0.000013  loss: 1.5734 (1.4984)  time: 0.0934  data: 0.0002  max mem: 5762
Epoch: [23]  [ 70/117]  eta: 0:00:04  lr: 0.000013  loss: 1.2686 (1.4523)  time: 0.0930  data: 0.0002  max mem: 5762
Epoch: [23]  [ 80/117]  eta: 0:00:03  lr: 0.000013  loss: 1.3150 (1.4674)  time: 0.0909  data: 0.0002  max mem: 5762
Epoch: [23]  [ 90/117]  eta: 0:00:02  lr: 0.000013  loss: 1.5093 (1.4631)  time: 0.0911  data: 0.0002  max mem: 5762
Epoch: [23]  [100/117]  eta: 0:00:01  lr: 0.000013  loss: 1.4507 (1.4684)  time: 0.0915  data: 0.0004  max mem: 5762
Epoch: [23]  [110/117]  eta: 0:00:00  lr: 0.000013  loss: 1.4923 (1.4695)  time: 0.0914  data: 0.0003  max mem: 5762
Epoch: [23]  [116/117]  eta: 0:00:00  lr: 0.000013  loss: 1.6754 (1.4864)  time: 0.0911  data: 0.0003  max mem: 5762
Epoch: [23] Total time: 0:00:11 (0.0969 s / it)
Averaged stats: lr: 0.000013  loss: 1.6754 (1.4864)
Test:  [ 0/14]  eta: 0:00:08  loss: 0.4522 (0.4522)  acc1: 92.8385 (92.8385)  acc5: 99.8698 (99.8698)  time: 0.6014  data: 0.5705  max mem: 5762
Test:  [10/14]  eta: 0:00:00  loss: 0.4522 (0.4215)  acc1: 93.2292 (94.1525)  acc5: 99.8698 (99.7751)  time: 0.0840  data: 0.0519  max mem: 5762
Test:  [13/14]  eta: 0:00:00  loss: 0.3865 (0.3964)  acc1: 93.6198 (94.5100)  acc5: 99.8698 (99.8000)  time: 0.0711  data: 0.0408  max mem: 5762
Test: Total time: 0:00:01 (0.0751 s / it)
* Acc@1 94.510 Acc@5 99.800 loss 0.396
Accuracy of the network on the 10000 test images: 94.5%
Max accuracy: 94.51%
Epoch: [24]  [  0/117]  eta: 0:01:17  lr: 0.000011  loss: 1.3140 (1.3140)  time: 0.6655  data: 0.5721  max mem: 5762
Epoch: [24]  [ 10/117]  eta: 0:00:15  lr: 0.000011  loss: 1.5045 (1.4636)  time: 0.1438  data: 0.0522  max mem: 5762
Epoch: [24]  [ 20/117]  eta: 0:00:11  lr: 0.000011  loss: 1.5045 (1.5148)  time: 0.0915  data: 0.0002  max mem: 5762
Epoch: [24]  [ 30/117]  eta: 0:00:09  lr: 0.000011  loss: 1.4159 (1.4482)  time: 0.0916  data: 0.0002  max mem: 5762
Epoch: [24]  [ 40/117]  eta: 0:00:08  lr: 0.000011  loss: 1.1174 (1.4054)  time: 0.0923  data: 0.0002  max mem: 5762
Epoch: [24]  [ 50/117]  eta: 0:00:06  lr: 0.000011  loss: 1.1463 (1.3892)  time: 0.0926  data: 0.0002  max mem: 5762
Epoch: [24]  [ 60/117]  eta: 0:00:05  lr: 0.000011  loss: 1.2818 (1.3939)  time: 0.0926  data: 0.0003  max mem: 5762
Epoch: [24]  [ 70/117]  eta: 0:00:04  lr: 0.000011  loss: 1.3344 (1.3948)  time: 0.0930  data: 0.0003  max mem: 5762
Epoch: [24]  [ 80/117]  eta: 0:00:03  lr: 0.000011  loss: 1.4882 (1.4080)  time: 0.0924  data: 0.0003  max mem: 5762
Epoch: [24]  [ 90/117]  eta: 0:00:02  lr: 0.000011  loss: 1.6085 (1.4157)  time: 0.0916  data: 0.0003  max mem: 5762
Epoch: [24]  [100/117]  eta: 0:00:01  lr: 0.000011  loss: 1.5403 (1.4280)  time: 0.0918  data: 0.0004  max mem: 5762
Epoch: [24]  [110/117]  eta: 0:00:00  lr: 0.000011  loss: 1.4158 (1.4329)  time: 0.0919  data: 0.0003  max mem: 5762
Epoch: [24]  [116/117]  eta: 0:00:00  lr: 0.000011  loss: 1.3945 (1.4325)  time: 0.0923  data: 0.0003  max mem: 5762
Epoch: [24] Total time: 0:00:11 (0.0976 s / it)
Averaged stats: lr: 0.000011  loss: 1.3945 (1.4325)
Test:  [ 0/14]  eta: 0:00:07  loss: 0.4421 (0.4421)  acc1: 93.4896 (93.4896)  acc5: 99.8698 (99.8698)  time: 0.5568  data: 0.5259  max mem: 5762
Test:  [10/14]  eta: 0:00:00  loss: 0.4415 (0.4149)  acc1: 93.7500 (94.4247)  acc5: 99.7396 (99.7751)  time: 0.0821  data: 0.0502  max mem: 5762
Test:  [13/14]  eta: 0:00:00  loss: 0.3796 (0.3921)  acc1: 94.5312 (94.8100)  acc5: 99.8698 (99.8100)  time: 0.0696  data: 0.0394  max mem: 5762
Test: Total time: 0:00:01 (0.0736 s / it)
* Acc@1 94.810 Acc@5 99.810 loss 0.392
Accuracy of the network on the 10000 test images: 94.8%
Max accuracy: 94.81%
Training time 0:05:34
